{"/Users/justin/Desktop/lifeDynamics/src/app.ts": {"path":"/Users/justin/Desktop/lifeDynamics/src/app.ts","statementMap":{"0":{"start":{"line":1,"column":13},"end":{"line":1,"column":42}},"1":{"start":{"line":1,"column":42},"end":{"line":1,"column":55}},"2":{"start":{"line":2,"column":17},"end":{"line":7,"column":1}},"3":{"start":{"line":3,"column":12},"end":{"line":3,"column":28}},"4":{"start":{"line":3,"column":33},"end":{"line":3,"column":124}},"5":{"start":{"line":4,"column":4},"end":{"line":5,"column":145}},"6":{"start":{"line":4,"column":79},"end":{"line":4,"column":131}},"7":{"start":{"line":5,"column":4},"end":{"line":5,"column":145}},"8":{"start":{"line":5,"column":53},"end":{"line":5,"column":145}},"9":{"start":{"line":5,"column":76},"end":{"line":5,"column":145}},"10":{"start":{"line":6,"column":4},"end":{"line":6,"column":66}},"11":{"start":{"line":8,"column":17},"end":{"line":10,"column":1}},"12":{"start":{"line":9,"column":4},"end":{"line":9,"column":109}},"13":{"start":{"line":9,"column":79},"end":{"line":9,"column":109}},"14":{"start":{"line":11,"column":0},"end":{"line":11,"column":62}},"15":{"start":{"line":12,"column":19},"end":{"line":12,"column":51}},"16":{"start":{"line":13,"column":26},"end":{"line":13,"column":54}},"17":{"start":{"line":14,"column":20},"end":{"line":14,"column":42}},"18":{"start":{"line":15,"column":14},"end":{"line":15,"column":30}},"19":{"start":{"line":16,"column":13},"end":{"line":16,"column":39}},"20":{"start":{"line":17,"column":21},"end":{"line":17,"column":55}},"21":{"start":{"line":18,"column":18},"end":{"line":18,"column":49}},"22":{"start":{"line":19,"column":26},"end":{"line":19,"column":65}},"23":{"start":{"line":20,"column":14},"end":{"line":20,"column":32}},"24":{"start":{"line":21,"column":21},"end":{"line":21,"column":44}},"25":{"start":{"line":22,"column":10},"end":{"line":52,"column":3}},"26":{"start":{"line":24,"column":8},"end":{"line":24,"column":27}},"27":{"start":{"line":25,"column":8},"end":{"line":25,"column":117}},"28":{"start":{"line":26,"column":8},"end":{"line":26,"column":122}},"29":{"start":{"line":27,"column":8},"end":{"line":27,"column":30}},"30":{"start":{"line":29,"column":4},"end":{"line":38,"column":6}},"31":{"start":{"line":30,"column":8},"end":{"line":30,"column":83}},"32":{"start":{"line":31,"column":8},"end":{"line":31,"column":81}},"33":{"start":{"line":32,"column":8},"end":{"line":32,"column":75}},"34":{"start":{"line":33,"column":8},"end":{"line":33,"column":91}},"35":{"start":{"line":34,"column":8},"end":{"line":37,"column":25}},"36":{"start":{"line":35,"column":12},"end":{"line":35,"column":130}},"37":{"start":{"line":35,"column":88},"end":{"line":35,"column":120}},"38":{"start":{"line":36,"column":12},"end":{"line":36,"column":61}},"39":{"start":{"line":39,"column":4},"end":{"line":45,"column":6}},"40":{"start":{"line":40,"column":8},"end":{"line":40,"column":33}},"41":{"start":{"line":41,"column":8},"end":{"line":42,"column":134}},"42":{"start":{"line":44,"column":8},"end":{"line":44,"column":29}},"43":{"start":{"line":46,"column":4},"end":{"line":49,"column":9}},"44":{"start":{"line":50,"column":4},"end":{"line":50,"column":15}},"45":{"start":{"line":53,"column":0},"end":{"line":53,"column":18}}},"fnMap":{"0":{"name":"(anonymous_0)","decl":{"start":{"line":2,"column":44},"end":{"line":2,"column":45}},"loc":{"start":{"line":2,"column":85},"end":{"line":7,"column":1}},"line":2},"1":{"name":"(anonymous_1)","decl":{"start":{"line":8,"column":44},"end":{"line":8,"column":45}},"loc":{"start":{"line":8,"column":60},"end":{"line":10,"column":1}},"line":8},"2":{"name":"(anonymous_2)","decl":{"start":{"line":22,"column":10},"end":{"line":22,"column":11}},"loc":{"start":{"line":22,"column":22},"end":{"line":52,"column":1}},"line":22},"3":{"name":"App","decl":{"start":{"line":23,"column":13},"end":{"line":23,"column":16}},"loc":{"start":{"line":23,"column":24},"end":{"line":28,"column":5}},"line":23},"4":{"name":"(anonymous_4)","decl":{"start":{"line":29,"column":35},"end":{"line":29,"column":36}},"loc":{"start":{"line":29,"column":47},"end":{"line":38,"column":5}},"line":29},"5":{"name":"(anonymous_5)","decl":{"start":{"line":34,"column":19},"end":{"line":34,"column":20}},"loc":{"start":{"line":34,"column":31},"end":{"line":37,"column":9}},"line":34},"6":{"name":"(anonymous_6)","decl":{"start":{"line":35,"column":74},"end":{"line":35,"column":75}},"loc":{"start":{"line":35,"column":87},"end":{"line":35,"column":121}},"line":35},"7":{"name":"(anonymous_7)","decl":{"start":{"line":39,"column":36},"end":{"line":39,"column":37}},"loc":{"start":{"line":39,"column":62},"end":{"line":45,"column":5}},"line":39}},"branchMap":{"0":{"loc":{"start":{"line":2,"column":17},"end":{"line":7,"column":1}},"type":"binary-expr","locations":[{"start":{"line":2,"column":17},"end":{"line":2,"column":21}},{"start":{"line":2,"column":25},"end":{"line":2,"column":40}},{"start":{"line":2,"column":44},"end":{"line":7,"column":1}}],"line":2},"1":{"loc":{"start":{"line":3,"column":33},"end":{"line":3,"column":124}},"type":"cond-expr","locations":[{"start":{"line":3,"column":41},"end":{"line":3,"column":47}},{"start":{"line":3,"column":50},"end":{"line":3,"column":124}}],"line":3},"2":{"loc":{"start":{"line":3,"column":50},"end":{"line":3,"column":124}},"type":"cond-expr","locations":[{"start":{"line":3,"column":66},"end":{"line":3,"column":117}},{"start":{"line":3,"column":120},"end":{"line":3,"column":124}}],"line":3},"3":{"loc":{"start":{"line":4,"column":4},"end":{"line":5,"column":145}},"type":"if","locations":[{"start":{"line":4,"column":4},"end":{"line":5,"column":145}},{"start":{"line":4,"column":4},"end":{"line":5,"column":145}}],"line":4},"4":{"loc":{"start":{"line":4,"column":8},"end":{"line":4,"column":77}},"type":"binary-expr","locations":[{"start":{"line":4,"column":8},"end":{"line":4,"column":35}},{"start":{"line":4,"column":39},"end":{"line":4,"column":77}}],"line":4},"5":{"loc":{"start":{"line":5,"column":53},"end":{"line":5,"column":145}},"type":"if","locations":[{"start":{"line":5,"column":53},"end":{"line":5,"column":145}},{"start":{"line":5,"column":53},"end":{"line":5,"column":145}}],"line":5},"6":{"loc":{"start":{"line":5,"column":80},"end":{"line":5,"column":144}},"type":"binary-expr","locations":[{"start":{"line":5,"column":81},"end":{"line":5,"column":138}},{"start":{"line":5,"column":143},"end":{"line":5,"column":144}}],"line":5},"7":{"loc":{"start":{"line":5,"column":81},"end":{"line":5,"column":138}},"type":"cond-expr","locations":[{"start":{"line":5,"column":89},"end":{"line":5,"column":93}},{"start":{"line":5,"column":96},"end":{"line":5,"column":138}}],"line":5},"8":{"loc":{"start":{"line":5,"column":96},"end":{"line":5,"column":138}},"type":"cond-expr","locations":[{"start":{"line":5,"column":104},"end":{"line":5,"column":121}},{"start":{"line":5,"column":124},"end":{"line":5,"column":138}}],"line":5},"9":{"loc":{"start":{"line":6,"column":11},"end":{"line":6,"column":62}},"type":"binary-expr","locations":[{"start":{"line":6,"column":11},"end":{"line":6,"column":16}},{"start":{"line":6,"column":20},"end":{"line":6,"column":21}},{"start":{"line":6,"column":25},"end":{"line":6,"column":62}}],"line":6},"10":{"loc":{"start":{"line":8,"column":17},"end":{"line":10,"column":1}},"type":"binary-expr","locations":[{"start":{"line":8,"column":17},"end":{"line":8,"column":21}},{"start":{"line":8,"column":25},"end":{"line":8,"column":40}},{"start":{"line":8,"column":44},"end":{"line":10,"column":1}}],"line":8},"11":{"loc":{"start":{"line":9,"column":4},"end":{"line":9,"column":109}},"type":"if","locations":[{"start":{"line":9,"column":4},"end":{"line":9,"column":109}},{"start":{"line":9,"column":4},"end":{"line":9,"column":109}}],"line":9},"12":{"loc":{"start":{"line":9,"column":8},"end":{"line":9,"column":77}},"type":"binary-expr","locations":[{"start":{"line":9,"column":8},"end":{"line":9,"column":35}},{"start":{"line":9,"column":39},"end":{"line":9,"column":77}}],"line":9},"13":{"loc":{"start":{"line":48,"column":37},"end":{"line":48,"column":145}},"type":"binary-expr","locations":[{"start":{"line":48,"column":37},"end":{"line":48,"column":129}},{"start":{"line":48,"column":133},"end":{"line":48,"column":135}},{"start":{"line":48,"column":139},"end":{"line":48,"column":145}}],"line":48},"14":{"loc":{"start":{"line":48,"column":50},"end":{"line":48,"column":113}},"type":"binary-expr","locations":[{"start":{"line":48,"column":50},"end":{"line":48,"column":91}},{"start":{"line":48,"column":95},"end":{"line":48,"column":113}}],"line":48}},"s":{"0":0,"1":0,"2":0,"3":0,"4":0,"5":0,"6":0,"7":0,"8":0,"9":0,"10":0,"11":0,"12":0,"13":0,"14":0,"15":0,"16":0,"17":0,"18":0,"19":0,"20":0,"21":0,"22":0,"23":0,"24":0,"25":0,"26":0,"27":0,"28":0,"29":0,"30":0,"31":0,"32":0,"33":0,"34":0,"35":0,"36":0,"37":0,"38":0,"39":0,"40":0,"41":0,"42":0,"43":0,"44":0,"45":0},"f":{"0":0,"1":0,"2":0,"3":0,"4":0,"5":0,"6":0,"7":0},"b":{"0":[0,0,0],"1":[0,0],"2":[0,0],"3":[0,0],"4":[0,0],"5":[0,0],"6":[0,0],"7":[0,0],"8":[0,0],"9":[0,0,0],"10":[0,0,0],"11":[0,0],"12":[0,0],"13":[0,0,0],"14":[0,0]}}
,"/Users/justin/Desktop/lifeDynamics/src/conditional.ts": {"path":"/Users/justin/Desktop/lifeDynamics/src/conditional.ts","statementMap":{"0":{"start":{"line":97,"column":9},"end":{"line":97,"column":25}}},"fnMap":{},"branchMap":{},"s":{"0":6},"f":{},"b":{}}
,"/Users/justin/Desktop/lifeDynamics/src/conditionsApply.ts": {"path":"/Users/justin/Desktop/lifeDynamics/src/conditionsApply.ts","statementMap":{"0":{"start":{"line":1,"column":0},"end":{"line":1,"column":55}},"1":{"start":{"line":3,"column":0},"end":{"line":3,"column":58}},"2":{"start":{"line":5,"column":0},"end":{"line":5,"column":39}},"3":{"start":{"line":12,"column":4},"end":{"line":12,"column":26}},"4":{"start":{"line":13,"column":8},"end":{"line":13,"column":45}},"5":{"start":{"line":15,"column":8},"end":{"line":21,"column":11}},"6":{"start":{"line":15,"column":10},"end":{"line":15,"column":18}},"7":{"start":{"line":23,"column":4},"end":{"line":23,"column":64}},"8":{"start":{"line":70,"column":9},"end":{"line":70,"column":29}},"9":{"start":{"line":32,"column":8},"end":{"line":32,"column":23}},"10":{"start":{"line":33,"column":4},"end":{"line":35,"column":5}},"11":{"start":{"line":34,"column":8},"end":{"line":34,"column":67}},"12":{"start":{"line":34,"column":67},"end":{"line":34,"column":72}},"13":{"start":{"line":36,"column":4},"end":{"line":36,"column":49}},"14":{"start":{"line":40,"column":4},"end":{"line":40,"column":8}},"15":{"start":{"line":41,"column":12},"end":{"line":41,"column":18}},"16":{"start":{"line":42,"column":8},"end":{"line":42,"column":91}},"17":{"start":{"line":45,"column":8},"end":{"line":45,"column":40}},"18":{"start":{"line":46,"column":8},"end":{"line":46,"column":41}},"19":{"start":{"line":48,"column":4},"end":{"line":50,"column":5}},"20":{"start":{"line":48,"column":24},"end":{"line":48,"column":31}},"21":{"start":{"line":49,"column":8},"end":{"line":49,"column":26}},"22":{"start":{"line":51,"column":4},"end":{"line":53,"column":5}},"23":{"start":{"line":51,"column":23},"end":{"line":51,"column":30}},"24":{"start":{"line":52,"column":8},"end":{"line":52,"column":26}},"25":{"start":{"line":55,"column":4},"end":{"line":55,"column":33}},"26":{"start":{"line":56,"column":4},"end":{"line":56,"column":45}},"27":{"start":{"line":60,"column":8},"end":{"line":60,"column":57}},"28":{"start":{"line":60,"column":24},"end":{"line":60,"column":57}},"29":{"start":{"line":61,"column":4},"end":{"line":61,"column":11}},"30":{"start":{"line":65,"column":4},"end":{"line":65,"column":11}},"31":{"start":{"line":66,"column":8},"end":{"line":66,"column":47}},"32":{"start":{"line":70,"column":31},"end":{"line":70,"column":56}}},"fnMap":{"0":{"name":"updateAllConditions","decl":{"start":{"line":7,"column":0},"end":{"line":7,"column":28}},"loc":{"start":{"line":9,"column":0},"end":{"line":9,"column":1}}},"1":{"name":"applyEdgesConditions","decl":{"start":{"line":11,"column":0},"end":{"line":11,"column":29}},"loc":{"start":{"line":11,"column":30},"end":{"line":24,"column":1}}},"2":{"name":"applyEdgeConditions","decl":{"start":{"line":31,"column":0},"end":{"line":31,"column":28}},"loc":{"start":{"line":31,"column":46},"end":{"line":37,"column":1}}},"3":{"name":"(anonymous_5)","decl":{"start":{"line":34,"column":67},"end":{"line":34,"column":66}},"loc":{"start":{"line":34,"column":67},"end":{"line":34,"column":72}}},"4":{"name":"applyConditions","decl":{"start":{"line":39,"column":0},"end":{"line":39,"column":24}},"loc":{"start":{"line":39,"column":46},"end":{"line":57,"column":1}}},"5":{"name":"(anonymous_7)","decl":{"start":{"line":40,"column":4},"end":{"line":40,"column":35}},"loc":{"start":{"line":40,"column":4},"end":{"line":40,"column":23}}},"6":{"name":"(anonymous_8)","decl":{"start":{"line":45,"column":8},"end":{"line":45,"column":19}},"loc":{"start":{"line":45,"column":8},"end":{"line":45,"column":40}}},"7":{"name":"(anonymous_9)","decl":{"start":{"line":46,"column":8},"end":{"line":46,"column":20}},"loc":{"start":{"line":46,"column":8},"end":{"line":46,"column":41}}},"8":{"name":"(anonymous_10)","decl":{"start":{"line":48,"column":24},"end":{"line":48,"column":23}},"loc":{"start":{"line":48,"column":24},"end":{"line":48,"column":31}}},"9":{"name":"(anonymous_11)","decl":{"start":{"line":51,"column":23},"end":{"line":51,"column":22}},"loc":{"start":{"line":51,"column":23},"end":{"line":51,"column":30}}},"10":{"name":"selectEdgeConditions","decl":{"start":{"line":59,"column":0},"end":{"line":59,"column":29}},"loc":{"start":{"line":59,"column":37},"end":{"line":62,"column":1}}},"11":{"name":"(anonymous_13)","decl":{"start":{"line":60,"column":8},"end":{"line":60,"column":23}},"loc":{"start":{"line":60,"column":24},"end":{"line":60,"column":57}}},"12":{"name":"updateConditionExpression","decl":{"start":{"line":64,"column":0},"end":{"line":64,"column":34}},"loc":{"start":{"line":64,"column":49},"end":{"line":68,"column":1}}},"13":{"name":"(anonymous_15)","decl":{"start":{"line":65,"column":67},"end":{"line":65,"column":67}},"loc":{"start":{"line":65,"column":68},"end":{"line":65,"column":11}}}},"branchMap":{"0":{"loc":{"start":{"line":33,"column":4},"end":{"line":35,"column":5}},"type":"if","locations":[{"start":{"line":33,"column":4},"end":{"line":35,"column":5}},{"start":{"line":33,"column":4},"end":{"line":35,"column":5}}]},"1":{"loc":{"start":{"line":48,"column":4},"end":{"line":50,"column":5}},"type":"if","locations":[{"start":{"line":48,"column":4},"end":{"line":50,"column":5}},{"start":{"line":48,"column":4},"end":{"line":50,"column":5}}]},"2":{"loc":{"start":{"line":51,"column":4},"end":{"line":53,"column":5}},"type":"if","locations":[{"start":{"line":51,"column":4},"end":{"line":53,"column":5}},{"start":{"line":51,"column":4},"end":{"line":53,"column":5}}]}},"s":{"0":6,"1":6,"2":6,"3":7,"4":7,"5":7,"6":14,"7":7,"8":6,"9":8,"10":8,"11":4,"12":0,"13":4,"14":4,"15":4,"16":4,"17":8,"18":8,"19":4,"20":4,"21":2,"22":4,"23":4,"24":2,"25":4,"26":4,"27":8,"28":8,"29":8,"30":0,"31":0,"32":6},"f":{"0":0,"1":7,"2":8,"3":0,"4":4,"5":4,"6":4,"7":4,"8":4,"9":4,"10":8,"11":8,"12":0,"13":0},"b":{"0":[4,4],"1":[2,2],"2":[2,2]}}
,"/Users/justin/Desktop/lifeDynamics/src/displayFunctions.ts": {"path":"/Users/justin/Desktop/lifeDynamics/src/displayFunctions.ts","statementMap":{"0":{"start":{"line":4,"column":12},"end":{"line":4,"column":29}},"1":{"start":{"line":5,"column":8},"end":{"line":5,"column":77}},"2":{"start":{"line":9,"column":12},"end":{"line":9,"column":29}},"3":{"start":{"line":10,"column":8},"end":{"line":10,"column":79}},"4":{"start":{"line":14,"column":12},"end":{"line":14,"column":19}},"5":{"start":{"line":15,"column":12},"end":{"line":15,"column":58}},"6":{"start":{"line":15,"column":25},"end":{"line":15,"column":58}},"7":{"start":{"line":16,"column":12},"end":{"line":16,"column":56}},"8":{"start":{"line":16,"column":24},"end":{"line":16,"column":56}},"9":{"start":{"line":17,"column":12},"end":{"line":17,"column":19}},"10":{"start":{"line":18,"column":12},"end":{"line":18,"column":27}},"11":{"start":{"line":19,"column":8},"end":{"line":19,"column":49}},"12":{"start":{"line":49,"column":9},"end":{"line":49,"column":25}}},"fnMap":{"0":{"name":"(anonymous_1)","decl":{"start":{"line":3,"column":15},"end":{"line":3,"column":23}},"loc":{"start":{"line":3,"column":37},"end":{"line":1,"column":23}}},"1":{"name":"(anonymous_2)","decl":{"start":{"line":8,"column":17},"end":{"line":8,"column":25}},"loc":{"start":{"line":8,"column":39},"end":{"line":11,"column":5}}},"2":{"name":"(anonymous_3)","decl":{"start":{"line":13,"column":23},"end":{"line":13,"column":31}},"loc":{"start":{"line":13,"column":45},"end":{"line":20,"column":5}}},"3":{"name":"(anonymous_4)","decl":{"start":{"line":15,"column":12},"end":{"line":15,"column":22}},"loc":{"start":{"line":15,"column":25},"end":{"line":15,"column":58}}},"4":{"name":"(anonymous_5)","decl":{"start":{"line":16,"column":12},"end":{"line":16,"column":21}},"loc":{"start":{"line":16,"column":22},"end":{"line":16,"column":56}}},"5":{"name":"(anonymous_6)","decl":{"start":{"line":18,"column":12},"end":{"line":18,"column":20}},"loc":{"start":{"line":18,"column":12},"end":{"line":18,"column":27}}}},"branchMap":{},"s":{"0":10,"1":10,"2":0,"3":0,"4":0,"5":0,"6":0,"7":0,"8":0,"9":0,"10":0,"11":0,"12":6},"f":{"0":10,"1":0,"2":0,"3":0,"4":0,"5":0},"b":{}}
,"/Users/justin/Desktop/lifeDynamics/src/displayUpdate.ts": {"path":"/Users/justin/Desktop/lifeDynamics/src/displayUpdate.ts","statementMap":{"0":{"start":{"line":1,"column":0},"end":{"line":1,"column":55}},"1":{"start":{"line":2,"column":0},"end":{"line":2,"column":64}},"2":{"start":{"line":5,"column":4},"end":{"line":5,"column":26}},"3":{"start":{"line":6,"column":8},"end":{"line":6,"column":35}},"4":{"start":{"line":7,"column":8},"end":{"line":7,"column":20}},"5":{"start":{"line":10,"column":8},"end":{"line":19,"column":7}},"6":{"start":{"line":12,"column":12},"end":{"line":15,"column":11}},"7":{"start":{"line":13,"column":16},"end":{"line":13,"column":49}},"8":{"start":{"line":14,"column":12},"end":{"line":14,"column":67}},"9":{"start":{"line":17,"column":8},"end":{"line":17,"column":26}},"10":{"start":{"line":22,"column":4},"end":{"line":22,"column":54}},"11":{"start":{"line":25,"column":9},"end":{"line":25,"column":22}}},"fnMap":{"0":{"name":"displayUpdate","decl":{"start":{"line":4,"column":0},"end":{"line":4,"column":22}},"loc":{"start":{"line":4,"column":23},"end":{"line":23,"column":1}}},"1":{"name":"(anonymous_2)","decl":{"start":{"line":10,"column":8},"end":{"line":10,"column":34}},"loc":{"start":{"line":10,"column":8},"end":{"line":10,"column":26}}},"2":{"name":"(anonymous_3)","decl":{"start":{"line":12,"column":12},"end":{"line":12,"column":40}},"loc":{"start":{"line":12,"column":12},"end":{"line":12,"column":30}}}},"branchMap":{},"s":{"0":6,"1":6,"2":4,"3":4,"4":4,"5":4,"6":10,"7":10,"8":10,"9":10,"10":4,"11":6},"f":{"0":4,"1":10,"2":10},"b":{}}
,"/Users/justin/Desktop/lifeDynamics/src/graphManipulationFunctions.ts": {"path":"/Users/justin/Desktop/lifeDynamics/src/graphManipulationFunctions.ts","statementMap":{"0":{"start":{"line":1,"column":0},"end":{"line":1,"column":53}},"1":{"start":{"line":2,"column":0},"end":{"line":2,"column":30}},"2":{"start":{"line":3,"column":0},"end":{"line":3,"column":37}},"3":{"start":{"line":8,"column":8},"end":{"line":8,"column":81}},"4":{"start":{"line":9,"column":8},"end":{"line":9,"column":93}},"5":{"start":{"line":10,"column":8},"end":{"line":10,"column":108}},"6":{"start":{"line":11,"column":8},"end":{"line":11,"column":123}},"7":{"start":{"line":13,"column":8},"end":{"line":13,"column":28}},"8":{"start":{"line":15,"column":8},"end":{"line":15,"column":15}},"9":{"start":{"line":16,"column":8},"end":{"line":16,"column":19}},"10":{"start":{"line":18,"column":8},"end":{"line":18,"column":15}},"11":{"start":{"line":19,"column":8},"end":{"line":19,"column":19}},"12":{"start":{"line":21,"column":8},"end":{"line":21,"column":21}},"13":{"start":{"line":23,"column":4},"end":{"line":28,"column":22}},"14":{"start":{"line":152,"column":84},"end":{"line":152,"column":94}},"15":{"start":{"line":33,"column":8},"end":{"line":33,"column":23}},"16":{"start":{"line":34,"column":8},"end":{"line":34,"column":19}},"17":{"start":{"line":36,"column":8},"end":{"line":36,"column":22}},"18":{"start":{"line":37,"column":4},"end":{"line":37,"column":17}},"19":{"start":{"line":38,"column":4},"end":{"line":38,"column":21}},"20":{"start":{"line":40,"column":8},"end":{"line":40,"column":15}},"21":{"start":{"line":41,"column":4},"end":{"line":41,"column":43}},"22":{"start":{"line":42,"column":4},"end":{"line":42,"column":26}},"23":{"start":{"line":43,"column":8},"end":{"line":43,"column":21}},"24":{"start":{"line":45,"column":4},"end":{"line":45,"column":78}},"25":{"start":{"line":152,"column":96},"end":{"line":152,"column":106}},"26":{"start":{"line":49,"column":4},"end":{"line":49,"column":8}},"27":{"start":{"line":50,"column":8},"end":{"line":50,"column":19}},"28":{"start":{"line":51,"column":8},"end":{"line":51,"column":49}},"29":{"start":{"line":51,"column":43},"end":{"line":51,"column":49}},"30":{"start":{"line":51,"column":43},"end":{"line":51,"column":48}},"31":{"start":{"line":52,"column":8},"end":{"line":52,"column":51}},"32":{"start":{"line":52,"column":45},"end":{"line":52,"column":51}},"33":{"start":{"line":52,"column":45},"end":{"line":52,"column":50}},"34":{"start":{"line":53,"column":8},"end":{"line":53,"column":15}},"35":{"start":{"line":55,"column":4},"end":{"line":55,"column":11}},"36":{"start":{"line":60,"column":8},"end":{"line":61,"column":27}},"37":{"start":{"line":63,"column":8},"end":{"line":63,"column":32}},"38":{"start":{"line":64,"column":8},"end":{"line":64,"column":18}},"39":{"start":{"line":65,"column":4},"end":{"line":69,"column":18}},"40":{"start":{"line":152,"column":9},"end":{"line":152,"column":19}},"41":{"start":{"line":87,"column":4},"end":{"line":87,"column":11}},"42":{"start":{"line":88,"column":8},"end":{"line":88,"column":27}},"43":{"start":{"line":152,"column":46},"end":{"line":152,"column":60}},"44":{"start":{"line":95,"column":4},"end":{"line":95,"column":37}},"45":{"start":{"line":95,"column":37},"end":{"line":95,"column":43}},"46":{"start":{"line":97,"column":8},"end":{"line":97,"column":19}},"47":{"start":{"line":99,"column":8},"end":{"line":99,"column":16}},"48":{"start":{"line":100,"column":8},"end":{"line":100,"column":24}},"49":{"start":{"line":101,"column":8},"end":{"line":101,"column":15}},"50":{"start":{"line":103,"column":4},"end":{"line":108,"column":35}},"51":{"start":{"line":152,"column":21},"end":{"line":152,"column":28}},"52":{"start":{"line":113,"column":4},"end":{"line":113,"column":28}},"53":{"start":{"line":117,"column":4},"end":{"line":117,"column":28}},"54":{"start":{"line":121,"column":4},"end":{"line":121,"column":8}},"55":{"start":{"line":122,"column":8},"end":{"line":122,"column":29}},"56":{"start":{"line":124,"column":4},"end":{"line":124,"column":8}},"57":{"start":{"line":125,"column":8},"end":{"line":125,"column":29}},"58":{"start":{"line":127,"column":4},"end":{"line":127,"column":74}},"59":{"start":{"line":131,"column":4},"end":{"line":131,"column":11}},"60":{"start":{"line":132,"column":12},"end":{"line":132,"column":16}},"61":{"start":{"line":133,"column":12},"end":{"line":133,"column":16}},"62":{"start":{"line":134,"column":8},"end":{"line":136,"column":9}},"63":{"start":{"line":135,"column":12},"end":{"line":135,"column":19}},"64":{"start":{"line":141,"column":4},"end":{"line":141,"column":11}},"65":{"start":{"line":142,"column":8},"end":{"line":142,"column":28}},"66":{"start":{"line":152,"column":30},"end":{"line":152,"column":44}},"67":{"start":{"line":147,"column":4},"end":{"line":147,"column":11}},"68":{"start":{"line":148,"column":8},"end":{"line":148,"column":42}},"69":{"start":{"line":152,"column":62},"end":{"line":152,"column":82}}},"fnMap":{"0":{"name":"deleteNode","decl":{"start":{"line":7,"column":0},"end":{"line":7,"column":19}},"loc":{"start":{"line":7,"column":23},"end":{"line":30,"column":1}}},"1":{"name":"(anonymous_2)","decl":{"start":{"line":8,"column":8},"end":{"line":8,"column":81}},"loc":{"start":{"line":8,"column":8},"end":{"line":8,"column":81}}},"2":{"name":"(anonymous_3)","decl":{"start":{"line":9,"column":8},"end":{"line":9,"column":93}},"loc":{"start":{"line":9,"column":8},"end":{"line":9,"column":93}}},"3":{"name":"(anonymous_4)","decl":{"start":{"line":10,"column":8},"end":{"line":10,"column":108}},"loc":{"start":{"line":10,"column":8},"end":{"line":10,"column":108}}},"4":{"name":"(anonymous_5)","decl":{"start":{"line":11,"column":8},"end":{"line":11,"column":123}},"loc":{"start":{"line":11,"column":8},"end":{"line":11,"column":123}}},"5":{"name":"(anonymous_7)","decl":{"start":{"line":21,"column":8},"end":{"line":21,"column":18}},"loc":{"start":{"line":21,"column":8},"end":{"line":21,"column":21}}},"6":{"name":"deleteEdge","decl":{"start":{"line":32,"column":0},"end":{"line":32,"column":19}},"loc":{"start":{"line":32,"column":30},"end":{"line":46,"column":1}}},"7":{"name":"(anonymous_9)","decl":{"start":{"line":43,"column":8},"end":{"line":43,"column":18}},"loc":{"start":{"line":43,"column":8},"end":{"line":43,"column":21}}},"8":{"name":"removeEdgeAssociations","decl":{"start":{"line":48,"column":0},"end":{"line":48,"column":31}},"loc":{"start":{"line":48,"column":47},"end":{"line":56,"column":1}}},"9":{"name":"(anonymous_11)","decl":{"start":{"line":49,"column":4},"end":{"line":49,"column":16}},"loc":{"start":{"line":49,"column":4},"end":{"line":49,"column":16}}},"10":{"name":"(anonymous_12)","decl":{"start":{"line":51,"column":43},"end":{"line":51,"column":42}},"loc":{"start":{"line":51,"column":43},"end":{"line":51,"column":49}}},"11":{"name":"(anonymous_13)","decl":{"start":{"line":51,"column":43},"end":{"line":51,"column":48}},"loc":{"start":{"line":51,"column":43},"end":{"line":51,"column":48}}},"12":{"name":"(anonymous_14)","decl":{"start":{"line":52,"column":45},"end":{"line":52,"column":44}},"loc":{"start":{"line":52,"column":45},"end":{"line":52,"column":51}}},"13":{"name":"(anonymous_15)","decl":{"start":{"line":52,"column":45},"end":{"line":52,"column":50}},"loc":{"start":{"line":52,"column":45},"end":{"line":52,"column":50}}},"14":{"name":"addNewNode","decl":{"start":{"line":58,"column":0},"end":{"line":58,"column":19}},"loc":{"start":{"line":58,"column":23},"end":{"line":71,"column":1}}},"15":{"name":"createBaseNodeData","decl":{"start":{"line":73,"column":0},"end":{"line":null,"column":-1}},"loc":{"start":{"line":73,"column":0},"end":{"line":84,"column":1}}},"16":{"name":"updateNodeData","decl":{"start":{"line":86,"column":0},"end":{"line":86,"column":23}},"loc":{"start":{"line":86,"column":34},"end":{"line":90,"column":1}}},"17":{"name":"(anonymous_19)","decl":{"start":{"line":87,"column":61},"end":{"line":87,"column":60}},"loc":{"start":{"line":87,"column":61},"end":{"line":87,"column":11}}},"18":{"name":"addEdge","decl":{"start":{"line":94,"column":0},"end":{"line":94,"column":16}},"loc":{"start":{"line":94,"column":28},"end":{"line":110,"column":1}}},"19":{"name":"getNewNodeId","decl":{"start":{"line":112,"column":0},"end":{"line":112,"column":21}},"loc":{"start":{"line":112,"column":22},"end":{"line":114,"column":1}}},"20":{"name":"getNewEdgeId","decl":{"start":{"line":116,"column":0},"end":{"line":116,"column":21}},"loc":{"start":{"line":116,"column":22},"end":{"line":118,"column":1}}},"21":{"name":"updateEdgeReferences","decl":{"start":{"line":120,"column":0},"end":{"line":120,"column":29}},"loc":{"start":{"line":120,"column":33},"end":{"line":128,"column":1}}},"22":{"name":"(anonymous_24)","decl":{"start":{"line":121,"column":27},"end":{"line":121,"column":27}},"loc":{"start":{"line":121,"column":36},"end":{"line":121,"column":21}}},"23":{"name":"(anonymous_25)","decl":{"start":{"line":124,"column":4},"end":{"line":124,"column":27}},"loc":{"start":{"line":124,"column":30},"end":{"line":124,"column":21}}},"24":{"name":"shareEdge","decl":{"start":{"line":130,"column":0},"end":{"line":130,"column":18}},"loc":{"start":{"line":130,"column":30},"end":{"line":138,"column":1}}},"25":{"name":"(anonymous_27)","decl":{"start":{"line":131,"column":27},"end":{"line":131,"column":26}},"loc":{"start":{"line":131,"column":27},"end":{"line":131,"column":11}}},"26":{"name":"updateEdgeData","decl":{"start":{"line":140,"column":0},"end":{"line":140,"column":23}},"loc":{"start":{"line":140,"column":34},"end":{"line":144,"column":1}}},"27":{"name":"(anonymous_29)","decl":{"start":{"line":141,"column":61},"end":{"line":141,"column":61}},"loc":{"start":{"line":141,"column":62},"end":{"line":141,"column":11}}},"28":{"name":"toggleEdgeActivation","decl":{"start":{"line":146,"column":0},"end":{"line":146,"column":29}},"loc":{"start":{"line":146,"column":33},"end":{"line":150,"column":1}}},"29":{"name":"(anonymous_31)","decl":{"start":{"line":147,"column":53},"end":{"line":147,"column":53}},"loc":{"start":{"line":147,"column":54},"end":{"line":147,"column":11}}}},"branchMap":{"0":{"loc":{"start":{"line":10,"column":8},"end":{"line":10,"column":108}},"type":"binary-expr","locations":[{"start":{"line":10,"column":8},"end":{"line":10,"column":108}},{"start":{"line":10,"column":8},"end":{"line":10,"column":108}}]},"1":{"loc":{"start":{"line":95,"column":4},"end":{"line":95,"column":37}},"type":"if","locations":[{"start":{"line":95,"column":4},"end":{"line":95,"column":37}},{"start":{"line":95,"column":4},"end":{"line":95,"column":37}}]},"2":{"loc":{"start":{"line":134,"column":8},"end":{"line":136,"column":9}},"type":"if","locations":[{"start":{"line":134,"column":8},"end":{"line":136,"column":9}},{"start":{"line":134,"column":8},"end":{"line":136,"column":9}}]},"3":{"loc":{"start":{"line":134,"column":12},"end":{"line":134,"column":18}},"type":"binary-expr","locations":[{"start":{"line":134,"column":12},"end":{"line":134,"column":18}},{"start":{"line":134,"column":12},"end":{"line":134,"column":18}},{"start":{"line":134,"column":12},"end":{"line":134,"column":18}},{"start":{"line":134,"column":12},"end":{"line":134,"column":19}}]}},"s":{"0":6,"1":6,"2":6,"3":20,"4":20,"5":16,"6":16,"7":4,"8":4,"9":4,"10":4,"11":4,"12":12,"13":4,"14":6,"15":3,"16":3,"17":3,"18":3,"19":3,"20":3,"21":3,"22":3,"23":6,"24":3,"25":6,"26":7,"27":10,"28":10,"29":3,"30":3,"31":10,"32":7,"33":7,"34":10,"35":7,"36":0,"37":0,"38":0,"39":0,"40":6,"41":0,"42":0,"43":6,"44":1,"45":0,"46":1,"47":1,"48":1,"49":1,"50":1,"51":6,"52":0,"53":1,"54":1,"55":1,"56":1,"57":1,"58":1,"59":1,"60":0,"61":0,"62":0,"63":0,"64":0,"65":0,"66":6,"67":0,"68":0,"69":6},"f":{"0":4,"1":8,"2":8,"3":4,"4":4,"5":8,"6":3,"7":3,"8":7,"9":10,"10":3,"11":3,"12":7,"13":7,"14":0,"15":0,"16":0,"17":0,"18":1,"19":0,"20":1,"21":1,"22":1,"23":1,"24":1,"25":0,"26":0,"27":0,"28":0,"29":0},"b":{"0":[4,4],"1":[0,1],"2":[0,0],"3":[0,0,0,0]}}
,"/Users/justin/Desktop/lifeDynamics/src/graphReducer.ts": {"path":"/Users/justin/Desktop/lifeDynamics/src/graphReducer.ts","statementMap":{"0":{"start":{"line":1,"column":0},"end":{"line":1,"column":57}},"1":{"start":{"line":2,"column":0},"end":{"line":6,"column":52}},"2":{"start":{"line":7,"column":0},"end":{"line":7,"column":152}},"3":{"start":{"line":8,"column":0},"end":{"line":8,"column":61}},"4":{"start":{"line":9,"column":0},"end":{"line":9,"column":98}},"5":{"start":{"line":10,"column":0},"end":{"line":10,"column":51}},"6":{"start":{"line":21,"column":19},"end":{"line":98,"column":1}},"7":{"start":{"line":28,"column":16},"end":{"line":28,"column":118}},"8":{"start":{"line":32,"column":16},"end":{"line":32,"column":63}},"9":{"start":{"line":35,"column":16},"end":{"line":35,"column":105}},"10":{"start":{"line":38,"column":16},"end":{"line":38,"column":107}},"11":{"start":{"line":41,"column":16},"end":{"line":41,"column":114}},"12":{"start":{"line":44,"column":16},"end":{"line":44,"column":120}},"13":{"start":{"line":47,"column":16},"end":{"line":47,"column":120}},"14":{"start":{"line":50,"column":16},"end":{"line":50,"column":61}},"15":{"start":{"line":53,"column":16},"end":{"line":53,"column":39}},"16":{"start":{"line":59,"column":16},"end":{"line":59,"column":123}},"17":{"start":{"line":62,"column":16},"end":{"line":62,"column":102}},"18":{"start":{"line":65,"column":16},"end":{"line":65,"column":123}},"19":{"start":{"line":68,"column":16},"end":{"line":68,"column":125}},"20":{"start":{"line":72,"column":16},"end":{"line":72,"column":118}},"21":{"start":{"line":76,"column":20},"end":{"line":76,"column":27}},"22":{"start":{"line":77,"column":16},"end":{"line":77,"column":32}},"23":{"start":{"line":80,"column":16},"end":{"line":80,"column":80}},"24":{"start":{"line":85,"column":16},"end":{"line":85,"column":101}},"25":{"start":{"line":88,"column":16},"end":{"line":88,"column":101}},"26":{"start":{"line":91,"column":28},"end":{"line":91,"column":27}},"27":{"start":{"line":175,"column":23},"end":{"line":175,"column":35}},"28":{"start":{"line":101,"column":22},"end":{"line":101,"column":21}},"29":{"start":{"line":104,"column":12},"end":{"line":104,"column":26}},"30":{"start":{"line":107,"column":12},"end":{"line":107,"column":26}},"31":{"start":{"line":110,"column":12},"end":{"line":110,"column":26}},"32":{"start":{"line":113,"column":12},"end":{"line":113,"column":26}},"33":{"start":{"line":116,"column":12},"end":{"line":116,"column":26}},"34":{"start":{"line":119,"column":12},"end":{"line":119,"column":45}},"35":{"start":{"line":122,"column":12},"end":{"line":122,"column":59}},"36":{"start":{"line":125,"column":12},"end":{"line":125,"column":59}},"37":{"start":{"line":128,"column":12},"end":{"line":128,"column":41}},"38":{"start":{"line":131,"column":12},"end":{"line":131,"column":26}},"39":{"start":{"line":134,"column":12},"end":{"line":134,"column":26}},"40":{"start":{"line":137,"column":12},"end":{"line":137,"column":26}},"41":{"start":{"line":142,"column":12},"end":{"line":142,"column":26}},"42":{"start":{"line":145,"column":12},"end":{"line":145,"column":26}},"43":{"start":{"line":148,"column":12},"end":{"line":148,"column":26}},"44":{"start":{"line":151,"column":12},"end":{"line":151,"column":26}},"45":{"start":{"line":154,"column":12},"end":{"line":154,"column":26}},"46":{"start":{"line":158,"column":12},"end":{"line":158,"column":19}},"47":{"start":{"line":175,"column":9},"end":{"line":175,"column":21}},"48":{"start":{"line":166,"column":8},"end":{"line":166,"column":16}},"49":{"start":{"line":175,"column":37},"end":{"line":175,"column":57}}},"fnMap":{"0":{"name":"(anonymous_1)","decl":{"start":{"line":21,"column":19},"end":{"line":21,"column":28}},"loc":{"start":{"line":21,"column":29},"end":{"line":98,"column":1}}},"1":{"name":"(anonymous_2)","decl":{"start":{"line":27,"column":39},"end":{"line":27,"column":48}},"loc":{"start":{"line":27,"column":49},"end":{"line":25,"column":17}}},"2":{"name":"(anonymous_3)","decl":{"start":{"line":31,"column":24},"end":{"line":31,"column":33}},"loc":{"start":{"line":31,"column":34},"end":{"line":33,"column":13}}},"3":{"name":"(anonymous_4)","decl":{"start":{"line":34,"column":24},"end":{"line":34,"column":33}},"loc":{"start":{"line":34,"column":34},"end":{"line":36,"column":13}}},"4":{"name":"(anonymous_5)","decl":{"start":{"line":37,"column":21},"end":{"line":37,"column":30}},"loc":{"start":{"line":37,"column":39},"end":{"line":39,"column":13}}},"5":{"name":"(anonymous_6)","decl":{"start":{"line":40,"column":28},"end":{"line":40,"column":37}},"loc":{"start":{"line":40,"column":38},"end":{"line":42,"column":13}}},"6":{"name":"(anonymous_7)","decl":{"start":{"line":43,"column":28},"end":{"line":43,"column":37}},"loc":{"start":{"line":43,"column":38},"end":{"line":45,"column":13}}},"7":{"name":"(anonymous_8)","decl":{"start":{"line":46,"column":34},"end":{"line":46,"column":43}},"loc":{"start":{"line":46,"column":44},"end":{"line":48,"column":13}}},"8":{"name":"(anonymous_9)","decl":{"start":{"line":49,"column":22},"end":{"line":49,"column":31}},"loc":{"start":{"line":49,"column":32},"end":{"line":51,"column":13}}},"9":{"name":"(anonymous_10)","decl":{"start":{"line":52,"column":21},"end":{"line":null,"column":-1}},"loc":{"start":{"line":52,"column":21},"end":{"line":54,"column":13}}},"10":{"name":"(anonymous_11)","decl":{"start":{"line":58,"column":33},"end":{"line":null,"column":-1}},"loc":{"start":{"line":58,"column":33},"end":{"line":60,"column":13}}},"11":{"name":"(anonymous_12)","decl":{"start":{"line":61,"column":23},"end":{"line":61,"column":32}},"loc":{"start":{"line":61,"column":33},"end":{"line":63,"column":13}}},"12":{"name":"(anonymous_13)","decl":{"start":{"line":64,"column":33},"end":{"line":null,"column":-1}},"loc":{"start":{"line":64,"column":33},"end":{"line":66,"column":13}}},"13":{"name":"(anonymous_14)","decl":{"start":{"line":67,"column":34},"end":{"line":null,"column":-1}},"loc":{"start":{"line":67,"column":34},"end":{"line":69,"column":13}}},"14":{"name":"(anonymous_15)","decl":{"start":{"line":71,"column":27},"end":{"line":71,"column":36}},"loc":{"start":{"line":71,"column":37},"end":{"line":73,"column":13}}},"15":{"name":"(anonymous_16)","decl":{"start":{"line":75,"column":22},"end":{"line":75,"column":31}},"loc":{"start":{"line":75,"column":32},"end":{"line":78,"column":13}}},"16":{"name":"(anonymous_17)","decl":{"start":{"line":79,"column":22},"end":{"line":79,"column":31}},"loc":{"start":{"line":79,"column":32},"end":{"line":81,"column":13}}},"17":{"name":"(anonymous_18)","decl":{"start":{"line":84,"column":35},"end":{"line":null,"column":-1}},"loc":{"start":{"line":84,"column":35},"end":{"line":86,"column":13}}},"18":{"name":"(anonymous_19)","decl":{"start":{"line":87,"column":29},"end":{"line":87,"column":38}},"loc":{"start":{"line":87,"column":39},"end":{"line":89,"column":13}}},"19":{"name":"(anonymous_20)","decl":{"start":{"line":91,"column":18},"end":{"line":91,"column":27}},"loc":{"start":{"line":91,"column":28},"end":{"line":93,"column":13}}},"20":{"name":"graphReducer","decl":{"start":{"line":101,"column":0},"end":{"line":101,"column":21}},"loc":{"start":{"line":101,"column":36},"end":{"line":161,"column":1}}},"21":{"name":"(anonymous_22)","decl":{"start":{"line":165,"column":36},"end":{"line":165,"column":45}},"loc":{"start":{"line":165,"column":55},"end":{"line":163,"column":50}}}},"branchMap":{"0":{"loc":{"start":{"line":91,"column":28},"end":{"line":91,"column":27}},"type":"if","locations":[{"start":{"line":91,"column":28},"end":{"line":91,"column":27}},{"start":{"line":91,"column":28},"end":{"line":91,"column":27}}]},"1":{"loc":{"start":{"line":101,"column":22},"end":{"line":101,"column":21}},"type":"if","locations":[{"start":{"line":101,"column":22},"end":{"line":101,"column":21}},{"start":{"line":101,"column":22},"end":{"line":101,"column":21}}]},"2":{"loc":{"start":{"line":103,"column":8},"end":{"line":105,"column":9}},"type":"switch","locations":[{"start":{"line":103,"column":8},"end":{"line":105,"column":9}},{"start":{"line":106,"column":8},"end":{"line":108,"column":9}},{"start":{"line":109,"column":8},"end":{"line":111,"column":9}},{"start":{"line":112,"column":8},"end":{"line":114,"column":9}},{"start":{"line":115,"column":8},"end":{"line":117,"column":9}},{"start":{"line":118,"column":8},"end":{"line":120,"column":9}},{"start":{"line":121,"column":8},"end":{"line":123,"column":9}},{"start":{"line":124,"column":8},"end":{"line":126,"column":9}},{"start":{"line":127,"column":8},"end":{"line":129,"column":9}},{"start":{"line":130,"column":8},"end":{"line":132,"column":9}},{"start":{"line":133,"column":8},"end":{"line":135,"column":9}},{"start":{"line":136,"column":8},"end":{"line":138,"column":9}},{"start":{"line":141,"column":8},"end":{"line":143,"column":9}},{"start":{"line":144,"column":8},"end":{"line":146,"column":9}},{"start":{"line":147,"column":8},"end":{"line":149,"column":9}},{"start":{"line":150,"column":8},"end":{"line":152,"column":9}},{"start":{"line":153,"column":8},"end":{"line":155,"column":9}},{"start":{"line":157,"column":8},"end":{"line":158,"column":19}}]},"3":{"loc":{"start":{"line":166,"column":16},"end":{"line":166,"column":24}},"type":"binary-expr","locations":[{"start":{"line":166,"column":16},"end":{"line":166,"column":24}},{"start":{"line":166,"column":16},"end":{"line":166,"column":24}},{"start":{"line":166,"column":16},"end":{"line":166,"column":24}}]}},"s":{"0":6,"1":6,"2":6,"3":6,"4":6,"5":6,"6":6,"7":0,"8":4,"9":3,"10":1,"11":0,"12":0,"13":0,"14":36,"15":0,"16":2,"17":1,"18":0,"19":0,"20":1,"21":0,"22":0,"23":16,"24":4,"25":7,"26":0,"27":6,"28":277,"29":72,"30":0,"31":4,"32":7,"33":16,"34":0,"35":0,"36":4,"37":3,"38":1,"39":0,"40":0,"41":2,"42":1,"43":0,"44":0,"45":1,"46":166,"47":6,"48":241,"49":6},"f":{"0":36,"1":0,"2":4,"3":3,"4":1,"5":0,"6":0,"7":0,"8":36,"9":0,"10":2,"11":1,"12":0,"13":0,"14":1,"15":0,"16":16,"17":4,"18":7,"19":0,"20":277,"21":241},"b":{"0":[0,0],"1":[0,277],"2":[72,0,4,7,16,0,0,4,3,1,0,0,2,1,0,0,1,166],"3":[241,61,61]}}
,"/Users/justin/Desktop/lifeDynamics/src/linkFunctions.ts": {"path":"/Users/justin/Desktop/lifeDynamics/src/linkFunctions.ts","statementMap":{"0":{"start":{"line":6,"column":12},"end":{"line":7,"column":70}},"1":{"start":{"line":13,"column":8},"end":{"line":14,"column":59}},"2":{"start":{"line":18,"column":12},"end":{"line":18,"column":24}},"3":{"start":{"line":19,"column":8},"end":{"line":19,"column":15}},"4":{"start":{"line":23,"column":9},"end":{"line":23,"column":22}}},"fnMap":{"0":{"name":"(anonymous_1)","decl":{"start":{"line":5,"column":12},"end":{"line":5,"column":20}},"loc":{"start":{"line":5,"column":45},"end":{"line":3,"column":14}}},"1":{"name":"(anonymous_2)","decl":{"start":{"line":12,"column":15},"end":{"line":12,"column":23}},"loc":{"start":{"line":12,"column":56},"end":{"line":1,"column":20}}},"2":{"name":"(anonymous_3)","decl":{"start":{"line":17,"column":27},"end":{"line":17,"column":35}},"loc":{"start":{"line":17,"column":63},"end":{"line":20,"column":5}}}},"branchMap":{"0":{"loc":{"start":{"line":14,"column":59},"end":{"line":14,"column":67}},"type":"binary-expr","locations":[{"start":{"line":14,"column":59},"end":{"line":14,"column":67}},{"start":{"line":14,"column":59},"end":{"line":14,"column":67}}]}},"s":{"0":21,"1":0,"2":4,"3":4,"4":6},"f":{"0":21,"1":0,"2":4},"b":{"0":[0,0]}}
,"/Users/justin/Desktop/lifeDynamics/src/main.ts": {"path":"/Users/justin/Desktop/lifeDynamics/src/main.ts","statementMap":{"0":{"start":{"line":1,"column":13},"end":{"line":1,"column":42}},"1":{"start":{"line":1,"column":42},"end":{"line":1,"column":55}},"2":{"start":{"line":2,"column":16},"end":{"line":9,"column":1}},"3":{"start":{"line":3,"column":4},"end":{"line":8,"column":7}},"4":{"start":{"line":4,"column":35},"end":{"line":4,"column":92}},"5":{"start":{"line":4,"column":40},"end":{"line":4,"column":68}},"6":{"start":{"line":4,"column":81},"end":{"line":4,"column":91}},"7":{"start":{"line":5,"column":34},"end":{"line":5,"column":95}},"8":{"start":{"line":5,"column":39},"end":{"line":5,"column":71}},"9":{"start":{"line":5,"column":84},"end":{"line":5,"column":94}},"10":{"start":{"line":6,"column":31},"end":{"line":6,"column":146}},"11":{"start":{"line":6,"column":95},"end":{"line":6,"column":117}},"12":{"start":{"line":7,"column":8},"end":{"line":7,"column":78}},"13":{"start":{"line":10,"column":18},"end":{"line":36,"column":1}},"14":{"start":{"line":11,"column":12},"end":{"line":11,"column":102}},"15":{"start":{"line":11,"column":43},"end":{"line":11,"column":68}},"16":{"start":{"line":11,"column":57},"end":{"line":11,"column":68}},"17":{"start":{"line":11,"column":68},"end":{"line":11,"column":80}},"18":{"start":{"line":12,"column":4},"end":{"line":12,"column":156}},"19":{"start":{"line":12,"column":138},"end":{"line":12,"column":150}},"20":{"start":{"line":13,"column":22},"end":{"line":13,"column":65}},"21":{"start":{"line":13,"column":43},"end":{"line":13,"column":63}},"22":{"start":{"line":15,"column":8},"end":{"line":15,"column":70}},"23":{"start":{"line":15,"column":15},"end":{"line":15,"column":70}},"24":{"start":{"line":16,"column":8},"end":{"line":33,"column":61}},"25":{"start":{"line":16,"column":18},"end":{"line":33,"column":61}},"26":{"start":{"line":17,"column":12},"end":{"line":17,"column":127}},"27":{"start":{"line":17,"column":118},"end":{"line":17,"column":127}},"28":{"start":{"line":18,"column":12},"end":{"line":18,"column":44}},"29":{"start":{"line":18,"column":26},"end":{"line":18,"column":44}},"30":{"start":{"line":19,"column":12},"end":{"line":30,"column":43}},"31":{"start":{"line":20,"column":30},"end":{"line":20,"column":37}},"32":{"start":{"line":20,"column":37},"end":{"line":20,"column":43}},"33":{"start":{"line":21,"column":23},"end":{"line":21,"column":33}},"34":{"start":{"line":21,"column":33},"end":{"line":21,"column":70}},"35":{"start":{"line":22,"column":23},"end":{"line":22,"column":33}},"36":{"start":{"line":22,"column":33},"end":{"line":22,"column":43}},"37":{"start":{"line":22,"column":43},"end":{"line":22,"column":52}},"38":{"start":{"line":22,"column":52},"end":{"line":22,"column":61}},"39":{"start":{"line":23,"column":23},"end":{"line":23,"column":40}},"40":{"start":{"line":23,"column":40},"end":{"line":23,"column":53}},"41":{"start":{"line":23,"column":53},"end":{"line":23,"column":62}},"42":{"start":{"line":25,"column":20},"end":{"line":25,"column":125}},"43":{"start":{"line":25,"column":109},"end":{"line":25,"column":115}},"44":{"start":{"line":25,"column":115},"end":{"line":25,"column":124}},"45":{"start":{"line":26,"column":20},"end":{"line":26,"column":101}},"46":{"start":{"line":26,"column":78},"end":{"line":26,"column":94}},"47":{"start":{"line":26,"column":94},"end":{"line":26,"column":100}},"48":{"start":{"line":27,"column":20},"end":{"line":27,"column":85}},"49":{"start":{"line":27,"column":56},"end":{"line":27,"column":71}},"50":{"start":{"line":27,"column":71},"end":{"line":27,"column":78}},"51":{"start":{"line":27,"column":78},"end":{"line":27,"column":84}},"52":{"start":{"line":28,"column":20},"end":{"line":28,"column":83}},"53":{"start":{"line":28,"column":46},"end":{"line":28,"column":61}},"54":{"start":{"line":28,"column":61},"end":{"line":28,"column":76}},"55":{"start":{"line":28,"column":76},"end":{"line":28,"column":82}},"56":{"start":{"line":29,"column":20},"end":{"line":29,"column":42}},"57":{"start":{"line":29,"column":30},"end":{"line":29,"column":42}},"58":{"start":{"line":30,"column":20},"end":{"line":30,"column":33}},"59":{"start":{"line":30,"column":33},"end":{"line":30,"column":42}},"60":{"start":{"line":32,"column":12},"end":{"line":32,"column":39}},"61":{"start":{"line":33,"column":21},"end":{"line":33,"column":33}},"62":{"start":{"line":33,"column":33},"end":{"line":33,"column":39}},"63":{"start":{"line":33,"column":50},"end":{"line":33,"column":60}},"64":{"start":{"line":34,"column":8},"end":{"line":34,"column":35}},"65":{"start":{"line":34,"column":23},"end":{"line":34,"column":35}},"66":{"start":{"line":34,"column":35},"end":{"line":34,"column":88}},"67":{"start":{"line":37,"column":0},"end":{"line":37,"column":62}},"68":{"start":{"line":40,"column":0},"end":{"line":40,"column":32}},"69":{"start":{"line":41,"column":0},"end":{"line":41,"column":45}},"70":{"start":{"line":42,"column":0},"end":{"line":42,"column":44}},"71":{"start":{"line":43,"column":20},"end":{"line":43,"column":42}},"72":{"start":{"line":44,"column":15},"end":{"line":44,"column":34}},"73":{"start":{"line":45,"column":0},"end":{"line":45,"column":39}},"74":{"start":{"line":46,"column":0},"end":{"line":46,"column":40}},"75":{"start":{"line":47,"column":0},"end":{"line":47,"column":21}},"76":{"start":{"line":48,"column":0},"end":{"line":48,"column":48}},"77":{"start":{"line":49,"column":0},"end":{"line":49,"column":47}},"78":{"start":{"line":50,"column":0},"end":{"line":50,"column":26}},"79":{"start":{"line":51,"column":0},"end":{"line":51,"column":18}},"80":{"start":{"line":52,"column":0},"end":{"line":52,"column":25}},"81":{"start":{"line":53,"column":0},"end":{"line":53,"column":59}},"82":{"start":{"line":55,"column":4},"end":{"line":75,"column":7}},"83":{"start":{"line":56,"column":8},"end":{"line":74,"column":11}},"84":{"start":{"line":57,"column":12},"end":{"line":72,"column":43}},"85":{"start":{"line":59,"column":20},"end":{"line":61,"column":41}},"86":{"start":{"line":62,"column":20},"end":{"line":62,"column":95}},"87":{"start":{"line":63,"column":20},"end":{"line":63,"column":92}},"88":{"start":{"line":64,"column":20},"end":{"line":64,"column":103}},"89":{"start":{"line":65,"column":20},"end":{"line":65,"column":91}},"90":{"start":{"line":66,"column":20},"end":{"line":66,"column":58}},"91":{"start":{"line":68,"column":20},"end":{"line":68,"column":30}},"92":{"start":{"line":69,"column":20},"end":{"line":69,"column":100}},"93":{"start":{"line":71,"column":20},"end":{"line":71,"column":30}},"94":{"start":{"line":72,"column":20},"end":{"line":72,"column":42}},"95":{"start":{"line":77,"column":0},"end":{"line":77,"column":30}}},"fnMap":{"0":{"name":"(anonymous_0)","decl":{"start":{"line":2,"column":42},"end":{"line":2,"column":43}},"loc":{"start":{"line":2,"column":87},"end":{"line":9,"column":1}},"line":2},"1":{"name":"(anonymous_1)","decl":{"start":{"line":3,"column":36},"end":{"line":3,"column":37}},"loc":{"start":{"line":3,"column":63},"end":{"line":8,"column":5}},"line":3},"2":{"name":"fulfilled","decl":{"start":{"line":4,"column":17},"end":{"line":4,"column":26}},"loc":{"start":{"line":4,"column":34},"end":{"line":4,"column":93}},"line":4},"3":{"name":"rejected","decl":{"start":{"line":5,"column":17},"end":{"line":5,"column":25}},"loc":{"start":{"line":5,"column":33},"end":{"line":5,"column":96}},"line":5},"4":{"name":"step","decl":{"start":{"line":6,"column":17},"end":{"line":6,"column":21}},"loc":{"start":{"line":6,"column":30},"end":{"line":6,"column":147}},"line":6},"5":{"name":"(anonymous_5)","decl":{"start":{"line":6,"column":75},"end":{"line":6,"column":76}},"loc":{"start":{"line":6,"column":94},"end":{"line":6,"column":118}},"line":6},"6":{"name":"(anonymous_6)","decl":{"start":{"line":10,"column":46},"end":{"line":10,"column":47}},"loc":{"start":{"line":10,"column":71},"end":{"line":36,"column":1}},"line":10},"7":{"name":"(anonymous_7)","decl":{"start":{"line":11,"column":30},"end":{"line":11,"column":31}},"loc":{"start":{"line":11,"column":42},"end":{"line":11,"column":81}},"line":11},"8":{"name":"(anonymous_8)","decl":{"start":{"line":12,"column":125},"end":{"line":12,"column":126}},"loc":{"start":{"line":12,"column":137},"end":{"line":12,"column":151}},"line":12},"9":{"name":"verb","decl":{"start":{"line":13,"column":13},"end":{"line":13,"column":17}},"loc":{"start":{"line":13,"column":21},"end":{"line":13,"column":66}},"line":13},"10":{"name":"(anonymous_10)","decl":{"start":{"line":13,"column":29},"end":{"line":13,"column":30}},"loc":{"start":{"line":13,"column":42},"end":{"line":13,"column":64}},"line":13},"11":{"name":"step","decl":{"start":{"line":14,"column":13},"end":{"line":14,"column":17}},"loc":{"start":{"line":14,"column":22},"end":{"line":35,"column":5}},"line":14},"12":{"name":"configure","decl":{"start":{"line":54,"column":9},"end":{"line":54,"column":18}},"loc":{"start":{"line":54,"column":28},"end":{"line":76,"column":1}},"line":54},"13":{"name":"(anonymous_13)","decl":{"start":{"line":55,"column":43},"end":{"line":55,"column":44}},"loc":{"start":{"line":55,"column":55},"end":{"line":75,"column":5}},"line":55},"14":{"name":"(anonymous_14)","decl":{"start":{"line":56,"column":33},"end":{"line":56,"column":34}},"loc":{"start":{"line":56,"column":47},"end":{"line":74,"column":9}},"line":56}},"branchMap":{"0":{"loc":{"start":{"line":2,"column":16},"end":{"line":9,"column":1}},"type":"binary-expr","locations":[{"start":{"line":2,"column":16},"end":{"line":2,"column":20}},{"start":{"line":2,"column":24},"end":{"line":2,"column":38}},{"start":{"line":2,"column":42},"end":{"line":9,"column":1}}],"line":2},"1":{"loc":{"start":{"line":3,"column":16},"end":{"line":3,"column":34}},"type":"binary-expr","locations":[{"start":{"line":3,"column":16},"end":{"line":3,"column":17}},{"start":{"line":3,"column":22},"end":{"line":3,"column":33}}],"line":3},"2":{"loc":{"start":{"line":6,"column":31},"end":{"line":6,"column":145}},"type":"cond-expr","locations":[{"start":{"line":6,"column":45},"end":{"line":6,"column":66}},{"start":{"line":6,"column":69},"end":{"line":6,"column":145}}],"line":6},"3":{"loc":{"start":{"line":7,"column":51},"end":{"line":7,"column":67}},"type":"binary-expr","locations":[{"start":{"line":7,"column":51},"end":{"line":7,"column":61}},{"start":{"line":7,"column":65},"end":{"line":7,"column":67}}],"line":7},"4":{"loc":{"start":{"line":10,"column":18},"end":{"line":36,"column":1}},"type":"binary-expr","locations":[{"start":{"line":10,"column":18},"end":{"line":10,"column":22}},{"start":{"line":10,"column":26},"end":{"line":10,"column":42}},{"start":{"line":10,"column":46},"end":{"line":36,"column":1}}],"line":10},"5":{"loc":{"start":{"line":11,"column":43},"end":{"line":11,"column":68}},"type":"if","locations":[{"start":{"line":11,"column":43},"end":{"line":11,"column":68}},{"start":{"line":11,"column":43},"end":{"line":11,"column":68}}],"line":11},"6":{"loc":{"start":{"line":12,"column":71},"end":{"line":12,"column":152}},"type":"binary-expr","locations":[{"start":{"line":12,"column":71},"end":{"line":12,"column":99}},{"start":{"line":12,"column":104},"end":{"line":12,"column":151}}],"line":12},"7":{"loc":{"start":{"line":15,"column":8},"end":{"line":15,"column":70}},"type":"if","locations":[{"start":{"line":15,"column":8},"end":{"line":15,"column":70}},{"start":{"line":15,"column":8},"end":{"line":15,"column":70}}],"line":15},"8":{"loc":{"start":{"line":17,"column":12},"end":{"line":17,"column":127}},"type":"if","locations":[{"start":{"line":17,"column":12},"end":{"line":17,"column":127}},{"start":{"line":17,"column":12},"end":{"line":17,"column":127}}],"line":17},"9":{"loc":{"start":{"line":17,"column":23},"end":{"line":17,"column":116}},"type":"binary-expr","locations":[{"start":{"line":17,"column":23},"end":{"line":17,"column":24}},{"start":{"line":17,"column":29},"end":{"line":17,"column":83}},{"start":{"line":17,"column":88},"end":{"line":17,"column":116}}],"line":17},"10":{"loc":{"start":{"line":17,"column":35},"end":{"line":17,"column":82}},"type":"cond-expr","locations":[{"start":{"line":17,"column":47},"end":{"line":17,"column":55}},{"start":{"line":17,"column":58},"end":{"line":17,"column":82}}],"line":17},"11":{"loc":{"start":{"line":17,"column":58},"end":{"line":17,"column":82}},"type":"cond-expr","locations":[{"start":{"line":17,"column":66},"end":{"line":17,"column":73}},{"start":{"line":17,"column":76},"end":{"line":17,"column":82}}],"line":17},"12":{"loc":{"start":{"line":18,"column":12},"end":{"line":18,"column":44}},"type":"if","locations":[{"start":{"line":18,"column":12},"end":{"line":18,"column":44}},{"start":{"line":18,"column":12},"end":{"line":18,"column":44}}],"line":18},"13":{"loc":{"start":{"line":19,"column":12},"end":{"line":30,"column":43}},"type":"switch","locations":[{"start":{"line":20,"column":16},"end":{"line":20,"column":23}},{"start":{"line":20,"column":23},"end":{"line":20,"column":43}},{"start":{"line":21,"column":16},"end":{"line":21,"column":70}},{"start":{"line":22,"column":16},"end":{"line":22,"column":61}},{"start":{"line":23,"column":16},"end":{"line":23,"column":62}},{"start":{"line":24,"column":16},"end":{"line":30,"column":42}}],"line":19},"14":{"loc":{"start":{"line":25,"column":20},"end":{"line":25,"column":125}},"type":"if","locations":[{"start":{"line":25,"column":20},"end":{"line":25,"column":125}},{"start":{"line":25,"column":20},"end":{"line":25,"column":125}}],"line":25},"15":{"loc":{"start":{"line":25,"column":24},"end":{"line":25,"column":106}},"type":"binary-expr","locations":[{"start":{"line":25,"column":24},"end":{"line":25,"column":74}},{"start":{"line":25,"column":79},"end":{"line":25,"column":90}},{"start":{"line":25,"column":94},"end":{"line":25,"column":105}}],"line":25},"16":{"loc":{"start":{"line":25,"column":42},"end":{"line":25,"column":73}},"type":"binary-expr","locations":[{"start":{"line":25,"column":42},"end":{"line":25,"column":54}},{"start":{"line":25,"column":58},"end":{"line":25,"column":73}}],"line":25},"17":{"loc":{"start":{"line":26,"column":20},"end":{"line":26,"column":101}},"type":"if","locations":[{"start":{"line":26,"column":20},"end":{"line":26,"column":101}},{"start":{"line":26,"column":20},"end":{"line":26,"column":101}}],"line":26},"18":{"loc":{"start":{"line":26,"column":24},"end":{"line":26,"column":75}},"type":"binary-expr","locations":[{"start":{"line":26,"column":24},"end":{"line":26,"column":35}},{"start":{"line":26,"column":40},"end":{"line":26,"column":42}},{"start":{"line":26,"column":46},"end":{"line":26,"column":58}},{"start":{"line":26,"column":62},"end":{"line":26,"column":74}}],"line":26},"19":{"loc":{"start":{"line":27,"column":20},"end":{"line":27,"column":85}},"type":"if","locations":[{"start":{"line":27,"column":20},"end":{"line":27,"column":85}},{"start":{"line":27,"column":20},"end":{"line":27,"column":85}}],"line":27},"20":{"loc":{"start":{"line":27,"column":24},"end":{"line":27,"column":53}},"type":"binary-expr","locations":[{"start":{"line":27,"column":24},"end":{"line":27,"column":35}},{"start":{"line":27,"column":39},"end":{"line":27,"column":53}}],"line":27},"21":{"loc":{"start":{"line":28,"column":20},"end":{"line":28,"column":83}},"type":"if","locations":[{"start":{"line":28,"column":20},"end":{"line":28,"column":83}},{"start":{"line":28,"column":20},"end":{"line":28,"column":83}}],"line":28},"22":{"loc":{"start":{"line":28,"column":24},"end":{"line":28,"column":43}},"type":"binary-expr","locations":[{"start":{"line":28,"column":24},"end":{"line":28,"column":25}},{"start":{"line":28,"column":29},"end":{"line":28,"column":43}}],"line":28},"23":{"loc":{"start":{"line":29,"column":20},"end":{"line":29,"column":42}},"type":"if","locations":[{"start":{"line":29,"column":20},"end":{"line":29,"column":42}},{"start":{"line":29,"column":20},"end":{"line":29,"column":42}}],"line":29},"24":{"loc":{"start":{"line":34,"column":8},"end":{"line":34,"column":35}},"type":"if","locations":[{"start":{"line":34,"column":8},"end":{"line":34,"column":35}},{"start":{"line":34,"column":8},"end":{"line":34,"column":35}}],"line":34},"25":{"loc":{"start":{"line":34,"column":51},"end":{"line":34,"column":73}},"type":"cond-expr","locations":[{"start":{"line":34,"column":59},"end":{"line":34,"column":64}},{"start":{"line":34,"column":67},"end":{"line":34,"column":73}}],"line":34},"26":{"loc":{"start":{"line":57,"column":12},"end":{"line":72,"column":43}},"type":"switch","locations":[{"start":{"line":58,"column":16},"end":{"line":66,"column":58}},{"start":{"line":67,"column":16},"end":{"line":69,"column":100}},{"start":{"line":70,"column":16},"end":{"line":72,"column":42}}],"line":57}},"s":{"0":0,"1":0,"2":0,"3":0,"4":0,"5":0,"6":0,"7":0,"8":0,"9":0,"10":0,"11":0,"12":0,"13":0,"14":0,"15":0,"16":0,"17":0,"18":0,"19":0,"20":0,"21":0,"22":0,"23":0,"24":0,"25":0,"26":0,"27":0,"28":0,"29":0,"30":0,"31":0,"32":0,"33":0,"34":0,"35":0,"36":0,"37":0,"38":0,"39":0,"40":0,"41":0,"42":0,"43":0,"44":0,"45":0,"46":0,"47":0,"48":0,"49":0,"50":0,"51":0,"52":0,"53":0,"54":0,"55":0,"56":0,"57":0,"58":0,"59":0,"60":0,"61":0,"62":0,"63":0,"64":0,"65":0,"66":0,"67":0,"68":0,"69":0,"70":0,"71":0,"72":0,"73":0,"74":0,"75":0,"76":0,"77":0,"78":0,"79":0,"80":0,"81":0,"82":0,"83":0,"84":0,"85":0,"86":0,"87":0,"88":0,"89":0,"90":0,"91":0,"92":0,"93":0,"94":0,"95":0},"f":{"0":0,"1":0,"2":0,"3":0,"4":0,"5":0,"6":0,"7":0,"8":0,"9":0,"10":0,"11":0,"12":0,"13":0,"14":0},"b":{"0":[0,0,0],"1":[0,0],"2":[0,0],"3":[0,0],"4":[0,0,0],"5":[0,0],"6":[0,0],"7":[0,0],"8":[0,0],"9":[0,0,0],"10":[0,0],"11":[0,0],"12":[0,0],"13":[0,0,0,0,0,0],"14":[0,0],"15":[0,0,0],"16":[0,0],"17":[0,0],"18":[0,0,0,0],"19":[0,0],"20":[0,0],"21":[0,0],"22":[0,0],"23":[0,0],"24":[0,0],"25":[0,0],"26":[0,0,0]}}
,"/Users/justin/Desktop/lifeDynamics/src/reduxStore.ts": {"path":"/Users/justin/Desktop/lifeDynamics/src/reduxStore.ts","statementMap":{"0":{"start":{"line":1,"column":0},"end":{"line":1,"column":38}},"1":{"start":{"line":4,"column":0},"end":{"line":null,"column":-1}},"2":{"start":{"line":9,"column":11},"end":{"line":11,"column":5}},"3":{"start":{"line":10,"column":8},"end":{"line":10,"column":21}},"4":{"start":{"line":13,"column":4},"end":{"line":28,"column":5}},"5":{"start":{"line":13,"column":4},"end":{"line":28,"column":4}},"6":{"start":{"line":14,"column":12},"end":{"line":14,"column":53}},"7":{"start":{"line":15,"column":8},"end":{"line":27,"column":10}},"8":{"start":{"line":16,"column":12},"end":{"line":16,"column":52}},"9":{"start":{"line":19,"column":20},"end":{"line":19,"column":33}},"10":{"start":{"line":20,"column":16},"end":{"line":23,"column":23}},"11":{"start":{"line":20,"column":55},"end":{"line":20,"column":61}},"12":{"start":{"line":20,"column":55},"end":{"line":20,"column":62}},"13":{"start":{"line":21,"column":20},"end":{"line":21,"column":35}},"14":{"start":{"line":22,"column":20},"end":{"line":22,"column":27}},"15":{"start":{"line":18,"column":12},"end":{"line":24,"column":13}},"16":{"start":{"line":26,"column":12},"end":{"line":26,"column":19}},"17":{"start":{"line":30,"column":4},"end":{"line":32,"column":5}},"18":{"start":{"line":31,"column":8},"end":{"line":31,"column":57}},"19":{"start":{"line":34,"column":4},"end":{"line":36,"column":5}},"20":{"start":{"line":35,"column":8},"end":{"line":35,"column":26}},"21":{"start":{"line":38,"column":4},"end":{"line":51,"column":5}},"22":{"start":{"line":38,"column":13},"end":{"line":38,"column":19}},"23":{"start":{"line":38,"column":13},"end":{"line":38,"column":20}},"24":{"start":{"line":39,"column":8},"end":{"line":39,"column":31}},"25":{"start":{"line":40,"column":12},"end":{"line":40,"column":19}},"26":{"start":{"line":41,"column":8},"end":{"line":41,"column":15}},"27":{"start":{"line":46,"column":20},"end":{"line":46,"column":34}},"28":{"start":{"line":47,"column":20},"end":{"line":47,"column":27}},"29":{"start":{"line":53,"column":4},"end":{"line":55,"column":5}},"30":{"start":{"line":53,"column":14},"end":{"line":53,"column":20}},"31":{"start":{"line":53,"column":14},"end":{"line":53,"column":21}},"32":{"start":{"line":54,"column":8},"end":{"line":54,"column":39}},"33":{"start":{"line":57,"column":4},"end":{"line":64,"column":5}},"34":{"start":{"line":58,"column":12},"end":{"line":58,"column":15}},"35":{"start":{"line":59,"column":12},"end":{"line":59,"column":16}},"36":{"start":{"line":60,"column":8},"end":{"line":62,"column":9}},"37":{"start":{"line":61,"column":12},"end":{"line":61,"column":31}},"38":{"start":{"line":63,"column":8},"end":{"line":63,"column":26}},"39":{"start":{"line":66,"column":4},"end":{"line":117,"column":5}},"40":{"start":{"line":66,"column":4},"end":{"line":117,"column":4}},"41":{"start":{"line":66,"column":21},"end":{"line":66,"column":20}},"42":{"start":{"line":67,"column":12},"end":{"line":67,"column":17}},"43":{"start":{"line":68,"column":12},"end":{"line":68,"column":18}},"44":{"start":{"line":70,"column":12},"end":{"line":70,"column":15}},"45":{"start":{"line":71,"column":12},"end":{"line":71,"column":27}},"46":{"start":{"line":72,"column":8},"end":{"line":72,"column":33}},"47":{"start":{"line":73,"column":8},"end":{"line":73,"column":38}},"48":{"start":{"line":75,"column":8},"end":{"line":81,"column":9}},"49":{"start":{"line":76,"column":16},"end":{"line":76,"column":25}},"50":{"start":{"line":77,"column":16},"end":{"line":77,"column":26}},"51":{"start":{"line":78,"column":12},"end":{"line":80,"column":13}},"52":{"start":{"line":79,"column":16},"end":{"line":79,"column":36}},"53":{"start":{"line":83,"column":12},"end":{"line":86,"column":22}},"54":{"start":{"line":85,"column":12},"end":{"line":85,"column":23}},"55":{"start":{"line":88,"column":8},"end":{"line":106,"column":9}},"56":{"start":{"line":89,"column":16},"end":{"line":89,"column":23}},"57":{"start":{"line":90,"column":16},"end":{"line":96,"column":15}},"58":{"start":{"line":91,"column":16},"end":{"line":94,"column":17}},"59":{"start":{"line":92,"column":20},"end":{"line":92,"column":63}},"60":{"start":{"line":93,"column":20},"end":{"line":null,"column":-1}},"61":{"start":{"line":95,"column":16},"end":{"line":95,"column":27}},"62":{"start":{"line":98,"column":12},"end":{"line":105,"column":13}},"63":{"start":{"line":101,"column":17},"end":{"line":105,"column":13}},"64":{"start":{"line":102,"column":16},"end":{"line":102,"column":25}},"65":{"start":{"line":102,"column":25},"end":{"line":102,"column":32}},"66":{"start":{"line":103,"column":16},"end":{"line":103,"column":26}},"67":{"start":{"line":104,"column":16},"end":{"line":104,"column":18}},"68":{"start":{"line":107,"column":8},"end":{"line":113,"column":9}},"69":{"start":{"line":108,"column":12},"end":{"line":108,"column":21}},"70":{"start":{"line":108,"column":21},"end":{"line":108,"column":28}},"71":{"start":{"line":109,"column":12},"end":{"line":109,"column":23}},"72":{"start":{"line":111,"column":12},"end":{"line":111,"column":33}},"73":{"start":{"line":111,"column":21},"end":{"line":111,"column":33}},"74":{"start":{"line":112,"column":12},"end":{"line":112,"column":19}},"75":{"start":{"line":115,"column":8},"end":{"line":115,"column":15}},"76":{"start":{"line":119,"column":0},"end":{"line":null,"column":-1}},"77":{"start":{"line":4,"column":13},"end":{"line":4,"column":18}}},"fnMap":{"0":{"name":"(anonymous_0)","decl":{"start":{"line":4,"column":0},"end":{"line":null,"column":-1}},"loc":{"start":{"line":4,"column":0},"end":{"line":null,"column":-1}}},"1":{"name":"Store","decl":{"start":{"line":4,"column":0},"end":{"line":119,"column":-1}},"loc":{"start":{"line":119,"column":0},"end":{"line":119,"column":1}}},"2":{"name":"(anonymous_2)","decl":{"start":{"line":9,"column":4},"end":{"line":9,"column":23}},"loc":{"start":{"line":9,"column":24},"end":{"line":11,"column":5}}},"3":{"name":"(anonymous_3)","decl":{"start":{"line":13,"column":4},"end":{"line":13,"column":18}},"loc":{"start":{"line":13,"column":19},"end":{"line":28,"column":5}}},"4":{"name":"(anonymous_4)","decl":{"start":{"line":14,"column":12},"end":{"line":14,"column":33}},"loc":{"start":{"line":14,"column":12},"end":{"line":14,"column":53}}},"5":{"name":"(anonymous_5)","decl":{"start":{"line":15,"column":50},"end":{"line":15,"column":50}},"loc":{"start":{"line":15,"column":56},"end":{"line":15,"column":23}}},"6":{"name":"(anonymous_7)","decl":{"start":{"line":20,"column":38},"end":{"line":null,"column":-1}},"loc":{"start":{"line":20,"column":38},"end":{"line":20,"column":46}}},"7":{"name":"(anonymous_8)","decl":{"start":{"line":30,"column":4},"end":{"line":30,"column":12}},"loc":{"start":{"line":30,"column":13},"end":{"line":32,"column":5}}},"8":{"name":"(anonymous_9)","decl":{"start":{"line":34,"column":4},"end":{"line":null,"column":-1}},"loc":{"start":{"line":34,"column":4},"end":{"line":36,"column":5}}},"9":{"name":"(anonymous_10)","decl":{"start":{"line":38,"column":4},"end":{"line":null,"column":-1}},"loc":{"start":{"line":38,"column":4},"end":{"line":51,"column":5}}},"10":{"name":"nextMonad","decl":{"start":{"line":43,"column":8},"end":{"line":null,"column":-1}},"loc":{"start":{"line":43,"column":8},"end":{"line":50,"column":9}}},"11":{"name":"(anonymous_12)","decl":{"start":{"line":45,"column":22},"end":{"line":45,"column":31}},"loc":{"start":{"line":45,"column":32},"end":{"line":44,"column":19}}},"12":{"name":"(anonymous_13)","decl":{"start":{"line":53,"column":4},"end":{"line":null,"column":-1}},"loc":{"start":{"line":53,"column":4},"end":{"line":55,"column":5}}},"13":{"name":"(anonymous_14)","decl":{"start":{"line":57,"column":4},"end":{"line":null,"column":-1}},"loc":{"start":{"line":57,"column":4},"end":{"line":64,"column":5}}},"14":{"name":"(anonymous_15)","decl":{"start":{"line":66,"column":4},"end":{"line":66,"column":10}},"loc":{"start":{"line":66,"column":21},"end":{"line":117,"column":5}}},"15":{"name":"(anonymous_16)","decl":{"start":{"line":78,"column":24},"end":{"line":78,"column":23}},"loc":{"start":{"line":78,"column":24},"end":{"line":80,"column":13}}},"16":{"name":"(anonymous_17)","decl":{"start":{"line":83,"column":12},"end":{"line":83,"column":31}},"loc":{"start":{"line":83,"column":12},"end":{"line":83,"column":23}}},"17":{"name":"(anonymous_18)","decl":{"start":{"line":88,"column":29},"end":{"line":null,"column":-1}},"loc":{"start":{"line":88,"column":29},"end":{"line":106,"column":9}}},"18":{"name":"(anonymous_19)","decl":{"start":{"line":90,"column":16},"end":{"line":90,"column":32}},"loc":{"start":{"line":90,"column":16},"end":{"line":90,"column":24}}}},"branchMap":{"0":{"loc":{"start":{"line":66,"column":21},"end":{"line":66,"column":20}},"type":"if","locations":[{"start":{"line":66,"column":21},"end":{"line":66,"column":20}},{"start":{"line":66,"column":21},"end":{"line":66,"column":20}}]},"1":{"loc":{"start":{"line":67,"column":12},"end":{"line":67,"column":17}},"type":"binary-expr","locations":[{"start":{"line":67,"column":12},"end":{"line":67,"column":17}},{"start":{"line":67,"column":12},"end":{"line":67,"column":17}}]},"2":{"loc":{"start":{"line":68,"column":12},"end":{"line":68,"column":18}},"type":"binary-expr","locations":[{"start":{"line":68,"column":12},"end":{"line":68,"column":18}},{"start":{"line":68,"column":12},"end":{"line":68,"column":18}}]},"3":{"loc":{"start":{"line":75,"column":8},"end":{"line":81,"column":9}},"type":"if","locations":[{"start":{"line":75,"column":8},"end":{"line":81,"column":9}},{"start":{"line":75,"column":8},"end":{"line":81,"column":9}}]},"4":{"loc":{"start":{"line":91,"column":16},"end":{"line":94,"column":17}},"type":"if","locations":[{"start":{"line":91,"column":16},"end":{"line":94,"column":17}},{"start":{"line":91,"column":16},"end":{"line":94,"column":17}}]},"5":{"loc":{"start":{"line":98,"column":12},"end":{"line":105,"column":13}},"type":"if","locations":[{"start":{"line":98,"column":12},"end":{"line":105,"column":13}},{"start":{"line":98,"column":12},"end":{"line":105,"column":13}}]},"6":{"loc":{"start":{"line":101,"column":17},"end":{"line":105,"column":13}},"type":"if","locations":[{"start":{"line":101,"column":17},"end":{"line":105,"column":13}},{"start":{"line":101,"column":17},"end":{"line":105,"column":13}}]},"7":{"loc":{"start":{"line":102,"column":16},"end":{"line":102,"column":25}},"type":"if","locations":[{"start":{"line":102,"column":16},"end":{"line":102,"column":25}},{"start":{"line":102,"column":16},"end":{"line":102,"column":25}}]},"8":{"loc":{"start":{"line":107,"column":8},"end":{"line":113,"column":9}},"type":"if","locations":[{"start":{"line":107,"column":8},"end":{"line":113,"column":9}},{"start":{"line":107,"column":8},"end":{"line":113,"column":9}}]},"9":{"loc":{"start":{"line":108,"column":12},"end":{"line":108,"column":21}},"type":"if","locations":[{"start":{"line":108,"column":12},"end":{"line":108,"column":21}},{"start":{"line":108,"column":12},"end":{"line":108,"column":21}}]},"10":{"loc":{"start":{"line":111,"column":12},"end":{"line":111,"column":33}},"type":"if","locations":[{"start":{"line":111,"column":12},"end":{"line":111,"column":33}},{"start":{"line":111,"column":12},"end":{"line":111,"column":33}}]}},"s":{"0":6,"1":6,"2":6,"3":36,"4":6,"5":36,"6":108,"7":36,"8":72,"9":936,"10":936,"11":97,"12":46,"13":97,"14":97,"15":72,"16":72,"17":6,"18":0,"19":6,"20":0,"21":6,"22":241,"23":241,"24":241,"25":241,"26":241,"27":0,"28":0,"29":6,"30":0,"31":0,"32":0,"33":6,"34":122,"35":122,"36":122,"37":488,"38":122,"39":6,"40":8,"41":8,"42":8,"43":8,"44":8,"45":8,"46":8,"47":8,"48":8,"49":8,"50":8,"51":8,"52":18,"53":8,"54":24,"55":8,"56":23,"57":23,"58":69,"59":0,"60":0,"61":69,"62":23,"63":23,"64":10,"65":10,"66":10,"67":10,"68":8,"69":8,"70":8,"71":8,"72":0,"73":0,"74":0,"75":8,"76":6,"77":6},"f":{"0":6,"1":36,"2":36,"3":36,"4":72,"5":72,"6":97,"7":0,"8":0,"9":241,"10":241,"11":0,"12":0,"13":122,"14":8,"15":18,"16":24,"17":23,"18":69},"b":{"0":[0,8],"1":[8,0],"2":[8,8],"3":[8,0],"4":[0,69],"5":[0,23],"6":[10,13],"7":[10,0],"8":[8,0],"9":[8,0],"10":[0,0]}}
,"/Users/justin/Desktop/lifeDynamics/src/root.ts": {"path":"/Users/justin/Desktop/lifeDynamics/src/root.ts","statementMap":{"0":{"start":{"line":3,"column":0},"end":{"line":3,"column":51}},"1":{"start":{"line":4,"column":0},"end":{"line":4,"column":80}},"2":{"start":{"line":6,"column":0},"end":{"line":6,"column":39}},"3":{"start":{"line":7,"column":0},"end":{"line":7,"column":51}},"4":{"start":{"line":18,"column":4},"end":{"line":18,"column":23}},"5":{"start":{"line":20,"column":4},"end":{"line":20,"column":27}},"6":{"start":{"line":23,"column":21},"end":{"line":23,"column":20}},"7":{"start":{"line":48,"column":9},"end":{"line":48,"column":20}},"8":{"start":{"line":37,"column":23},"end":{"line":37,"column":22}},"9":{"start":{"line":41,"column":12},"end":{"line":41,"column":36}},"10":{"start":{"line":44,"column":12},"end":{"line":44,"column":19}}},"fnMap":{"0":{"name":"rootReducer","decl":{"start":{"line":23,"column":0},"end":{"line":23,"column":20}},"loc":{"start":{"line":23,"column":49},"end":{"line":35,"column":1}}},"1":{"name":"graphsReducer","decl":{"start":{"line":37,"column":0},"end":{"line":37,"column":22}},"loc":{"start":{"line":37,"column":37},"end":{"line":46,"column":1}}}},"branchMap":{"0":{"loc":{"start":{"line":23,"column":21},"end":{"line":23,"column":20}},"type":"if","locations":[{"start":{"line":23,"column":21},"end":{"line":23,"column":20}},{"start":{"line":23,"column":21},"end":{"line":23,"column":20}}]},"1":{"loc":{"start":{"line":37,"column":23},"end":{"line":37,"column":22}},"type":"if","locations":[{"start":{"line":37,"column":23},"end":{"line":37,"column":22}},{"start":{"line":37,"column":23},"end":{"line":37,"column":22}}]},"2":{"loc":{"start":{"line":40,"column":8},"end":{"line":42,"column":9}},"type":"switch","locations":[{"start":{"line":40,"column":8},"end":{"line":42,"column":9}},{"start":{"line":43,"column":8},"end":{"line":44,"column":19}}]}},"s":{"0":6,"1":6,"2":6,"3":6,"4":6,"5":6,"6":313,"7":6,"8":277,"9":36,"10":241},"f":{"0":277,"1":277},"b":{"0":[36,241],"1":[0,277],"2":[36,241]}}
,"/Users/justin/Desktop/lifeDynamics/src/simulationFunctions.ts": {"path":"/Users/justin/Desktop/lifeDynamics/src/simulationFunctions.ts","statementMap":{"0":{"start":{"line":1,"column":0},"end":{"line":1,"column":56}},"1":{"start":{"line":5,"column":4},"end":{"line":5,"column":11}},"2":{"start":{"line":100,"column":42},"end":{"line":100,"column":61}},"3":{"start":{"line":15,"column":4},"end":{"line":15,"column":11}},"4":{"start":{"line":100,"column":63},"end":{"line":100,"column":82}},"5":{"start":{"line":25,"column":4},"end":{"line":25,"column":11}},"6":{"start":{"line":100,"column":20},"end":{"line":100,"column":40}},"7":{"start":{"line":36,"column":4},"end":{"line":36,"column":11}},"8":{"start":{"line":100,"column":84},"end":{"line":100,"column":97}},"9":{"start":{"line":47,"column":4},"end":{"line":47,"column":11}},"10":{"start":{"line":100,"column":9},"end":{"line":100,"column":18}},"11":{"start":{"line":61,"column":4},"end":{"line":65,"column":5}},"12":{"start":{"line":62,"column":8},"end":{"line":62,"column":81}},"13":{"start":{"line":64,"column":8},"end":{"line":64,"column":32}},"14":{"start":{"line":100,"column":99},"end":{"line":100,"column":107}},"15":{"start":{"line":69,"column":4},"end":{"line":74,"column":5}},"16":{"start":{"line":70,"column":8},"end":{"line":69,"column":63}},"17":{"start":{"line":71,"column":8},"end":{"line":71,"column":28}},"18":{"start":{"line":72,"column":8},"end":{"line":72,"column":28}},"19":{"start":{"line":73,"column":8},"end":{"line":73,"column":33}},"20":{"start":{"line":77,"column":4},"end":{"line":77,"column":34}},"21":{"start":{"line":81,"column":4},"end":{"line":86,"column":5}},"22":{"start":{"line":82,"column":8},"end":{"line":85,"column":9}},"23":{"start":{"line":83,"column":16},"end":{"line":83,"column":19}},"24":{"start":{"line":84,"column":12},"end":{"line":84,"column":31}},"25":{"start":{"line":91,"column":4},"end":{"line":97,"column":5}},"26":{"start":{"line":92,"column":8},"end":{"line":92,"column":31}},"27":{"start":{"line":94,"column":12},"end":{"line":94,"column":26}},"28":{"start":{"line":95,"column":12},"end":{"line":95,"column":23}},"29":{"start":{"line":96,"column":8},"end":{"line":96,"column":59}}},"fnMap":{"0":{"name":"incrementTargetTime","decl":{"start":{"line":3,"column":0},"end":{"line":3,"column":28}},"loc":{"start":{"line":3,"column":29},"end":{"line":12,"column":1}}},"1":{"name":"(anonymous_2)","decl":{"start":{"line":5,"column":51},"end":{"line":5,"column":50}},"loc":{"start":{"line":5,"column":51},"end":{"line":5,"column":11}}},"2":{"name":"decrementTargetTime","decl":{"start":{"line":14,"column":0},"end":{"line":14,"column":28}},"loc":{"start":{"line":14,"column":29},"end":{"line":22,"column":1}}},"3":{"name":"(anonymous_4)","decl":{"start":{"line":15,"column":51},"end":{"line":15,"column":50}},"loc":{"start":{"line":15,"column":51},"end":{"line":15,"column":11}}},"4":{"name":"incrementCurrentTime","decl":{"start":{"line":24,"column":0},"end":{"line":24,"column":29}},"loc":{"start":{"line":24,"column":30},"end":{"line":32,"column":1}}},"5":{"name":"(anonymous_6)","decl":{"start":{"line":25,"column":51},"end":{"line":25,"column":50}},"loc":{"start":{"line":25,"column":51},"end":{"line":25,"column":11}}},"6":{"name":"setTargetTime","decl":{"start":{"line":34,"column":0},"end":{"line":34,"column":22}},"loc":{"start":{"line":34,"column":30},"end":{"line":44,"column":1}}},"7":{"name":"(anonymous_8)","decl":{"start":{"line":36,"column":51},"end":{"line":36,"column":50}},"loc":{"start":{"line":36,"column":51},"end":{"line":36,"column":11}}},"8":{"name":"resetTime","decl":{"start":{"line":46,"column":0},"end":{"line":46,"column":18}},"loc":{"start":{"line":46,"column":19},"end":{"line":58,"column":1}}},"9":{"name":"(anonymous_10)","decl":{"start":{"line":47,"column":51},"end":{"line":47,"column":50}},"loc":{"start":{"line":47,"column":51},"end":{"line":47,"column":11}}},"10":{"name":"simulate","decl":{"start":{"line":60,"column":0},"end":{"line":60,"column":17}},"loc":{"start":{"line":60,"column":25},"end":{"line":66,"column":1}}},"11":{"name":"simulateForward","decl":{"start":{"line":68,"column":0},"end":{"line":68,"column":24}},"loc":{"start":{"line":68,"column":32},"end":{"line":78,"column":1}}},"12":{"name":"simulateBackward","decl":{"start":{"line":80,"column":0},"end":{"line":80,"column":25}},"loc":{"start":{"line":80,"column":33},"end":{"line":88,"column":1}}},"13":{"name":"undo","decl":{"start":{"line":90,"column":0},"end":{"line":90,"column":13}},"loc":{"start":{"line":90,"column":28},"end":{"line":98,"column":1}}}},"branchMap":{"0":{"loc":{"start":{"line":61,"column":4},"end":{"line":65,"column":5}},"type":"if","locations":[{"start":{"line":61,"column":4},"end":{"line":65,"column":5}},{"start":{"line":61,"column":4},"end":{"line":65,"column":5}}]},"1":{"loc":{"start":{"line":81,"column":4},"end":{"line":86,"column":5}},"type":"if","locations":[{"start":{"line":81,"column":4},"end":{"line":86,"column":5}},{"start":{"line":81,"column":4},"end":{"line":86,"column":5}}]},"2":{"loc":{"start":{"line":82,"column":8},"end":{"line":85,"column":9}},"type":"if","locations":[{"start":{"line":82,"column":8},"end":{"line":85,"column":9}},{"start":{"line":82,"column":8},"end":{"line":85,"column":9}}]},"3":{"loc":{"start":{"line":91,"column":4},"end":{"line":97,"column":5}},"type":"if","locations":[{"start":{"line":91,"column":4},"end":{"line":97,"column":5}},{"start":{"line":91,"column":4},"end":{"line":97,"column":5}}]}},"s":{"0":6,"1":2,"2":6,"3":0,"4":6,"5":0,"6":6,"7":1,"8":6,"9":1,"10":6,"11":0,"12":0,"13":0,"14":6,"15":0,"16":0,"17":0,"18":0,"19":0,"20":0,"21":0,"22":0,"23":0,"24":0,"25":0
[...]
,"/Users/justin/Desktop/lifeDynamics/src/home/home.ts": {"path":"/Users/justin/Desktop/lifeDynamics/src/home/home.ts","statementMap":{"0":{"start":{"line":1,"column":13},"end":{"line":1,"column":42}},"1":{"start":{"line":1,"column":42},"end":{"line":1,"column":55}},"2":{"start":{"line":2,"column":17},"end":{"line":7,"column":1}},"3":{"start":{"line":3,"column":12},"end":{"line":3,"column":28}},"4":{"start":{"line":3,"column":33},"end":{"line":3,"column":124}},"5":{"start":{"line":4,"column":4},"end":{"line":5,"column":145}},"6":{"start":{"line":4,"column":79},"end":{"line":4,"column":131}},"7":{"start":{"line":5,"column":4},"end":{"line":5,"column":145}},"8":{"start":{"line":5,"column":53},"end":{"line":5,"column":145}},"9":{"start":{"line":5,"column":76},"end":{"line":5,"column":145}},"10":{"start":{"line":6,"column":4},"end":{"line":6,"column":66}},"11":{"start":{"line":8,"column":17},"end":{"line":10,"column":1}},"12":{"start":{"line":9,"column":4},"end":{"line":9,"column":109}},"13":{"start":{"line":9,"column":79},"end":{"line":9,"column":109}},"14":{"start":{"line":11,"column":0},"end":{"line":11,"column":62}},"15":{"start":{"line":12,"column":19},"end":{"line":12,"column":54}},"16":{"start":{"line":13,"column":26},"end":{"line":13,"column":54}},"17":{"start":{"line":14,"column":11},"end":{"line":24,"column":3}},"18":{"start":{"line":16,"column":8},"end":{"line":16,"column":27}},"19":{"start":{"line":18,"column":4},"end":{"line":21,"column":10}},"20":{"start":{"line":22,"column":4},"end":{"line":22,"column":16}},"21":{"start":{"line":25,"column":0},"end":{"line":25,"column":20}}},"fnMap":{"0":{"name":"(anonymous_0)","decl":{"start":{"line":2,"column":44},"end":{"line":2,"column":45}},"loc":{"start":{"line":2,"column":85},"end":{"line":7,"column":1}},"line":2},"1":{"name":"(anonymous_1)","decl":{"start":{"line":8,"column":44},"end":{"line":8,"column":45}},"loc":{"start":{"line":8,"column":60},"end":{"line":10,"column":1}},"line":8},"2":{"name":"(anonymous_2)","decl":{"start":{"line":14,"column":11},"end":{"line":14,"column":12}},"loc":{"start":{"line":14,"column":23},"end":{"line":24,"column":1}},"line":14},"3":{"name":"Home","decl":{"start":{"line":15,"column":13},"end":{"line":15,"column":17}},"loc":{"start":{"line":15,"column":25},"end":{"line":17,"column":5}},"line":15}},"branchMap":{"0":{"loc":{"start":{"line":2,"column":17},"end":{"line":7,"column":1}},"type":"binary-expr","locations":[{"start":{"line":2,"column":17},"end":{"line":2,"column":21}},{"start":{"line":2,"column":25},"end":{"line":2,"column":40}},{"start":{"line":2,"column":44},"end":{"line":7,"column":1}}],"line":2},"1":{"loc":{"start":{"line":3,"column":33},"end":{"line":3,"column":124}},"type":"cond-expr","locations":[{"start":{"line":3,"column":41},"end":{"line":3,"column":47}},{"start":{"line":3,"column":50},"end":{"line":3,"column":124}}],"line":3},"2":{"loc":{"start":{"line":3,"column":50},"end":{"line":3,"column":124}},"type":"cond-expr","locations":[{"start":{"line":3,"column":66},"end":{"line":3,"column":117}},{"start":{"line":3,"column":120},"end":{"line":3,"column":124}}],"line":3},"3":{"loc":{"start":{"line":4,"column":4},"end":{"line":5,"column":145}},"type":"if","locations":[{"start":{"line":4,"column":4},"end":{"line":5,"column":145}},{"start":{"line":4,"column":4},"end":{"line":5,"column":145}}],"line":4},"4":{"loc":{"start":{"line":4,"column":8},"end":{"line":4,"column":77}},"type":"binary-expr","locations":[{"start":{"line":4,"column":8},"end":{"line":4,"column":35}},{"start":{"line":4,"column":39},"end":{"line":4,"column":77}}],"line":4},"5":{"loc":{"start":{"line":5,"column":53},"end":{"line":5,"column":145}},"type":"if","locations":[{"start":{"line":5,"column":53},"end":{"line":5,"column":145}},{"start":{"line":5,"column":53},"end":{"line":5,"column":145}}],"line":5},"6":{"loc":{"start":{"line":5,"column":80},"end":{"line":5,"column":144}},"type":"binary-expr","locations":[{"start":{"line":5,"column":81},"end":{"line":5,"column":138}},{"start":{"line":5,"column":143},"end":{"line":5,"column":144}}],"line":5},"7":{"loc":{"start":{"line":5,"column":81},"end":{"line":5,"column":138}},"type":"cond-expr","locations":[{"start":{"line":5,"column":89},"end":{"line":5,"column":93}},{"start":{"line":5,"column":96},"end":{"line":5,"column":138}}],"line":5},"8":{"loc":{"start":{"line":5,"column":96},"end":{"line":5,"column":138}},"type":"cond-expr","locations":[{"start":{"line":5,"column":104},"end":{"line":5,"column":121}},{"start":{"line":5,"column":124},"end":{"line":5,"column":138}}],"line":5},"9":{"loc":{"start":{"line":6,"column":11},"end":{"line":6,"column":62}},"type":"binary-expr","locations":[{"start":{"line":6,"column":11},"end":{"line":6,"column":16}},{"start":{"line":6,"column":20},"end":{"line":6,"column":21}},{"start":{"line":6,"column":25},"end":{"line":6,"column":62}}],"line":6},"10":{"loc":{"start":{"line":8,"column":17},"end":{"line":10,"column":1}},"type":"binary-expr","locations":[{"start":{"line":8,"column":17},"end":{"line":8,"column":21}},{"start":{"line":8,"column":25},"end":{"line":8,"column":40}},{"start":{"line":8,"column":44},"end":{"line":10,"column":1}}],"line":8},"11":{"loc":{"start":{"line":9,"column":4},"end":{"line":9,"column":109}},"type":"if","locations":[{"start":{"line":9,"column":4},"end":{"line":9,"column":109}},{"start":{"line":9,"column":4},"end":{"line":9,"column":109}}],"line":9},"12":{"loc":{"start":{"line":9,"column":8},"end":{"line":9,"column":77}},"type":"binary-expr","locations":[{"start":{"line":9,"column":8},"end":{"line":9,"column":35}},{"start":{"line":9,"column":39},"end":{"line":9,"column":77}}],"line":9},"13":{"loc":{"start":{"line":20,"column":37},"end":{"line":20,"column":145}},"type":"binary-expr","locations":[{"start":{"line":20,"column":37},"end":{"line":20,"column":129}},{"start":{"line":20,"column":133},"end":{"line":20,"column":135}},{"start":{"line":20,"column":139},"end":{"line":20,"column":145}}],"line":20},"14":{"loc":{"start":{"line":20,"column":50},"end":{"line":20,"column":113}},"type":"binary-expr","locations":[{"start":{"line":20,"column":50},"end":{"line":20,"column":91}},{"start":{"line":20,"column":95},"end":{"line":20,"column":113}}],"line":20}},"s":{"0":0,"1":0,"2":0,"3":0,"4":0,"5":0,"6":0,"7":0,"8":0,"9":0,"10":0,"11":0,"12":0,"13":0,"14":0,"15":0,"16":0,"17":0,"18":0,"19":0,"20":0,"21":0},"f":{"0":0,"1":0,"2":0,"3":0},"b":{"0":[0,0,0],"1":[0,0],"2":[0,0],"3":[0,0],"4":[0,0],"5":[0,0],"6":[0,0],"7":[0,0],"8":[0,0],"9":[0,0,0],"10":[0,0,0],"11":[0,0],"12":[0,0],"13":[0,0,0],"14":[0,0]}}
,"/Users/justin/Desktop/lifeDynamics/src/mock-data/1-2-1-2.js": {"path":"/Users/justin/Desktop/lifeDynamics/src/mock-data/1-2-1-2.js","statementMap":{},"fnMap":{},"branchMap":{},"s":{},"f":{},"b":{}}
,"/Users/justin/Desktop/lifeDynamics/src/mock-data/cycle-3.js": {"path":"/Users/justin/Desktop/lifeDynamics/src/mock-data/cycle-3.js","statementMap":{},"fnMap":{},"branchMap":{},"s":{},"f":{},"b":{}}
,"/Users/justin/Desktop/lifeDynamics/src/mock-data/independent-sources.js": {"path":"/Users/justin/Desktop/lifeDynamics/src/mock-data/independent-sources.js","statementMap":{},"fnMap":{},"branchMap":{},"s":{},"f":{},"b":{}}
,"/Users/justin/Desktop/lifeDynamics/src/nodeEditor/nodeEditor.ts": {"path":"/Users/justin/Desktop/lifeDynamics/src/nodeEditor/nodeEditor.ts","statementMap":{"0":{"start":{"line":1,"column":13},"end":{"line":1,"column":42}},"1":{"start":{"line":1,"column":42},"end":{"line":1,"column":55}},"2":{"start":{"line":2,"column":15},"end":{"line":9,"column":1}},"3":{"start":{"line":3,"column":4},"end":{"line":7,"column":5}},"4":{"start":{"line":4,"column":8},"end":{"line":4,"column":25}},"5":{"start":{"line":5,"column":8},"end":{"line":6,"column":20}},"6":{"start":{"line":5,"column":25},"end":{"line":6,"column":20}},"7":{"start":{"line":6,"column":8},"end":{"line":6,"column":20}},"8":{"start":{"line":8,"column":4},"end":{"line":8,"column":13}},"9":{"start":{"line":10,"column":17},"end":{"line":15,"column":1}},"10":{"start":{"line":11,"column":12},"end":{"line":11,"column":28}},"11":{"start":{"line":11,"column":33},"end":{"line":11,"column":124}},"12":{"start":{"line":12,"column":4},"end":{"line":13,"column":145}},"13":{"start":{"line":12,"column":79},"end":{"line":12,"column":131}},"14":{"start":{"line":13,"column":4},"end":{"line":13,"column":145}},"15":{"start":{"line":13,"column":53},"end":{"line":13,"column":145}},"16":{"start":{"line":13,"column":76},"end":{"line":13,"column":145}},"17":{"start":{"line":14,"column":4},"end":{"line":14,"column":66}},"18":{"start":{"line":16,"column":17},"end":{"line":18,"column":1}},"19":{"start":{"line":17,"column":4},"end":{"line":17,"column":109}},"20":{"start":{"line":17,"column":79},"end":{"line":17,"column":109}},"21":{"start":{"line":19,"column":0},"end":{"line":19,"column":62}},"22":{"start":{"line":20,"column":26},"end":{"line":20,"column":54}},"23":{"start":{"line":21,"column":19},"end":{"line":21,"column":52}},"24":{"start":{"line":22,"column":19},"end":{"line":22,"column":40}},"25":{"start":{"line":23,"column":17},"end":{"line":94,"column":3}},"26":{"start":{"line":25,"column":20},"end":{"line":25,"column":24}},"27":{"start":{"line":26,"column":8},"end":{"line":26,"column":27}},"28":{"start":{"line":27,"column":8},"end":{"line":27,"column":31}},"29":{"start":{"line":28,"column":8},"end":{"line":28,"column":26}},"30":{"start":{"line":29,"column":8},"end":{"line":29,"column":23}},"31":{"start":{"line":30,"column":8},"end":{"line":34,"column":11}},"32":{"start":{"line":32,"column":12},"end":{"line":33,"column":29}},"33":{"start":{"line":33,"column":12},"end":{"line":33,"column":29}},"34":{"start":{"line":36,"column":4},"end":{"line":38,"column":6}},"35":{"start":{"line":37,"column":8},"end":{"line":37,"column":32}},"36":{"start":{"line":39,"column":4},"end":{"line":41,"column":6}},"37":{"start":{"line":40,"column":8},"end":{"line":40,"column":34}},"38":{"start":{"line":42,"column":4},"end":{"line":44,"column":6}},"39":{"start":{"line":43,"column":8},"end":{"line":43,"column":23}},"40":{"start":{"line":45,"column":4},"end":{"line":47,"column":6}},"41":{"start":{"line":46,"column":8},"end":{"line":46,"column":32}},"42":{"start":{"line":48,"column":4},"end":{"line":69,"column":6}},"43":{"start":{"line":49,"column":20},"end":{"line":49,"column":54}},"44":{"start":{"line":50,"column":19},"end":{"line":50,"column":34}},"45":{"start":{"line":51,"column":8},"end":{"line":51,"column":44}},"46":{"start":{"line":52,"column":8},"end":{"line":52,"column":44}},"47":{"start":{"line":53,"column":8},"end":{"line":53,"column":44}},"48":{"start":{"line":54,"column":8},"end":{"line":59,"column":11}},"49":{"start":{"line":55,"column":12},"end":{"line":57,"column":22}},"50":{"start":{"line":56,"column":20},"end":{"line":56,"column":51}},"51":{"start":{"line":60,"column":8},"end":{"line":60,"column":42}},"52":{"start":{"line":70,"column":4},"end":{"line":74,"column":6}},"53":{"start":{"line":71,"column":8},"end":{"line":71,"column":31}},"54":{"start":{"line":72,"column":8},"end":{"line":72,"column":88}},"55":{"start":{"line":73,"column":8},"end":{"line":73,"column":57}},"56":{"start":{"line":86,"column":4},"end":{"line":87,"column":6}},"57":{"start":{"line":88,"column":4},"end":{"line":91,"column":16}},"58":{"start":{"line":92,"column":4},"end":{"line":92,"column":22}},"59":{"start":{"line":95,"column":0},"end":{"line":95,"column":32}}},"fnMap":{"0":{"name":"(anonymous_0)","decl":{"start":{"line":2,"column":57},"end":{"line":2,"column":58}},"loc":{"start":{"line":2,"column":70},"end":{"line":9,"column":1}},"line":2},"1":{"name":"(anonymous_1)","decl":{"start":{"line":10,"column":44},"end":{"line":10,"column":45}},"loc":{"start":{"line":10,"column":85},"end":{"line":15,"column":1}},"line":10},"2":{"name":"(anonymous_2)","decl":{"start":{"line":16,"column":44},"end":{"line":16,"column":45}},"loc":{"start":{"line":16,"column":60},"end":{"line":18,"column":1}},"line":16},"3":{"name":"(anonymous_3)","decl":{"start":{"line":23,"column":17},"end":{"line":23,"column":18}},"loc":{"start":{"line":23,"column":29},"end":{"line":94,"column":1}},"line":23},"4":{"name":"NodeEditor","decl":{"start":{"line":24,"column":13},"end":{"line":24,"column":23}},"loc":{"start":{"line":24,"column":31},"end":{"line":35,"column":5}},"line":24},"5":{"name":"(anonymous_5)","decl":{"start":{"line":31,"column":18},"end":{"line":31,"column":19}},"loc":{"start":{"line":31,"column":32},"end":{"line":34,"column":9}},"line":31},"6":{"name":"(anonymous_6)","decl":{"start":{"line":36,"column":35},"end":{"line":36,"column":36}},"loc":{"start":{"line":36,"column":47},"end":{"line":38,"column":5}},"line":36},"7":{"name":"(anonymous_7)","decl":{"start":{"line":39,"column":35},"end":{"line":39,"column":36}},"loc":{"start":{"line":39,"column":48},"end":{"line":41,"column":5}},"line":39},"8":{"name":"(anonymous_8)","decl":{"start":{"line":42,"column":50},"end":{"line":42,"column":51}},"loc":{"start":{"line":42,"column":63},"end":{"line":44,"column":5}},"line":42},"9":{"name":"(anonymous_9)","decl":{"start":{"line":45,"column":34},"end":{"line":45,"column":35}},"loc":{"start":{"line":45,"column":48},"end":{"line":47,"column":5}},"line":45},"10":{"name":"(anonymous_10)","decl":{"start":{"line":48,"column":42},"end":{"line":48,"column":43}},"loc":{"start":{"line":48,"column":56},"end":{"line":69,"column":5}},"line":48},"11":{"name":"(anonymous_11)","decl":{"start":{"line":54,"column":66},"end":{"line":54,"column":67}},"loc":{"start":{"line":54,"column":80},"end":{"line":59,"column":9}},"line":54},"12":{"name":"(anonymous_12)","decl":{"start":{"line":55,"column":83},"end":{"line":55,"column":84}},"loc":{"start":{"line":55,"column":101},"end":{"line":57,"column":17}},"line":55},"13":{"name":"(anonymous_13)","decl":{"start":{"line":70,"column":34},"end":{"line":70,"column":35}},"loc":{"start":{"line":70,"column":46},"end":{"line":74,"column":5}},"line":70},"14":{"name":"(anonymous_14)","decl":{"start":{"line":86,"column":32},"end":{"line":86,"column":33}},"loc":{"start":{"line":86,"column":44},"end":{"line":87,"column":5}},"line":86}},"branchMap":{"0":{"loc":{"start":{"line":2,"column":15},"end":{"line":9,"column":1}},"type":"binary-expr","locations":[{"start":{"line":2,"column":15},"end":{"line":2,"column":19}},{"start":{"line":2,"column":23},"end":{"line":2,"column":36}},{"start":{"line":2,"column":40},"end":{"line":2,"column":53}},{"start":{"line":2,"column":57},"end":{"line":9,"column":1}}],"line":2},"1":{"loc":{"start":{"line":5,"column":25},"end":{"line":6,"column":20}},"type":"if","locations":[{"start":{"line":5,"column":25},"end":{"line":6,"column":20}},{"start":{"line":5,"column":25},"end":{"line":6,"column":20}}],"line":5},"2":{"loc":{"start":{"line":10,"column":17},"end":{"line":15,"column":1}},"type":"binary-expr","locations":[{"start":{"line":10,"column":17},"end":{"line":10,"column":21}},{"start":{"line":10,"column":25},"end":{"line":10,"column":40}},{"start":{"line":10,"column":44},"end":{"line":15,"column":1}}],"line":10},"3":{"loc":{"start":{"line":11,"column":33},"end":{"line":11,"column":124}},"type":"cond-expr","locations":[{"start":{"line":11,"column":41},"end":{"line":11,"column":47}},{"start":{"line":11,"column":50},"end":{"line":11,"column":124}}],"line":11},"4":{"loc":{"start":{"line":11,"column":50},"end":{"line":11,"column":124}},"type":"cond-expr","locations":[{"start":{"line":11,"column":66},"end":{"line":11,"column":117}},{"start":{"line":11,"column":120},"end":{"line":11,"column":124}}],"line":11},"5":{"loc":{"start":{"line":12,"column":4},"end":{"line":13,"column":145}},"type":"if","locations":[{"start":{"line":12,"column":4},"end":{"line":13,"column":145}},{"start":{"line":12,"column":4},"end":{"line":13,"column":145}}],"line":12},"6":{"loc":{"start":{"line":12,"column":8},"end":{"line":12,"column":77}},"type":"binary-expr","locations":[{"start":{"line":12,"column":8},"end":{"line":12,"column":35}},{"start":{"line":12,"column":39},"end":{"line":12,"column":77}}],"line":12},"7":{"loc":{"start":{"line":13,"column":53},"end":{"line":13,"column":145}},"type":"if","locations":[{"start":{"line":13,"column":53},"end":{"line":13,"column":145}},{"start":{"line":13,"column":53},"end":{"line":13,"column":145}}],"line":13},"8":{"loc":{"start":{"line":13,"column":80},"end":{"line":13,"column":144}},"type":"binary-expr","locations":[{"start":{"line":13,"column":81},"end":{"line":13,"column":138}},{"start":{"line":13,"column":143},"end":{"line":13,"column":144}}],"line":13},"9":{"loc":{"start":{"line":13,"column":81},"end":{"line":13,"column":138}},"type":"cond-expr","locations":[{"start":{"line":13,"column":89},"end":{"line":13,"column":93}},{"start":{"line":13,"column":96},"end":{"line":13,"column":138}}],"line":13},"10":{"loc":{"start":{"line":13,"column":96},"end":{"line":13,"column":138}},"type":"cond-expr","locations":[{"start":{"line":13,"column":104},"end":{"line":13,"column":121}},{"start":{"line":13,"column":124},"end":{"line":13,"column":138}}],"line":13},"11":{"loc":{"start":{"line":14,"column":11},"end":{"line":14,"column":62}},"type":"binary-expr","locations":[{"start":{"line":14,"column":11},"end":{"line":14,"column":16}},{"start":{"line":14,"column":20},"end":{"line":14,"column":21}},{"start":{"line":14,"column":25},"end":{"line":14,"column":62}}],"line":14},"12":{"loc":{"start":{"line":16,"column":17},"end":{"line":18,"column":1}},"type":"binary-expr","locations":[{"start":{"line":16,"column":17},"end":{"line":16,"column":21}},{"start":{"line":16,"column":25},"end":{"line":16,"column":40}},{"start":{"line":16,"column":44},"end":{"line":18,"column":1}}],"line":16},"13":{"loc":{"start":{"line":17,"column":4},"end":{"line":17,"column":109}},"type":"if","locations":[{"start":{"line":17,"column":4},"end":{"line":17,"column":109}},{"start":{"line":17,"column":4},"end":{"line":17,"column":109}}],"line":17},"14":{"loc":{"start":{"line":17,"column":8},"end":{"line":17,"column":77}},"type":"binary-expr","locations":[{"start":{"line":17,"column":8},"end":{"line":17,"column":35}},{"start":{"line":17,"column":39},"end":{"line":17,"column":77}}],"line":17},"15":{"loc":{"start":{"line":32,"column":12},"end":{"line":33,"column":29}},"type":"if","locations":[{"start":{"line":32,"column":12},"end":{"line":33,"column":29}},{"start":{"line":32,"column":12},"end":{"line":33,"column":29}}],"line":32},"16":{"loc":{"start":{"line":90,"column":37},"end":{"line":90,"column":145}},"type":"binary-expr","locations":[{"start":{"line":90,"column":37},"end":{"line":90,"column":129}},{"start":{"line":90,"column":133},"end":{"line":90,"column":135}},{"start":{"line":90,"column":139},"end":{"line":90,"column":145}}],"line":90},"17":{"loc":{"start":{"line":90,"column":50},"end":{"line":90,"column":113}},"type":"binary-expr","locations":[{"start":{"line":90,"column":50},"end":{"line":90,"column":91}},{"start":{"line":90,"column":95},"end":{"line":90,"column":113}}],"line":90}},"s":{"0":0,"1":0,"2":0,"3":0,"4":0,"5":0,"6":0,"7":0,"8":0,"9":0,"10":0,"11":0,"12":0,"13":0,"14":0,"15":0,"16":0,"17":0,"18":0,"19":0,"20":0,"21":0,"22":0,"23":0,"24":0,"25":0,"26":0,"27":0,"28":0,"29":0,"30":0,"31":0,"32":0,"33":0,"34":0,"35":0,"36":0,"37":0,"38":0,"39":0,"40":0,"41":0,"42":0,"43":0,"44":0,"45":0,"46":0,"47":0,"48":0,"49":0,"50":0,"51":0,"52":0,"53":0,"54":0,"55":0,"56":0,"57":0,"58":0,"59":0},"f":{"0":0,"1":0,"2":0,"3":0,"4":0,"5":0,"6":0,"7":0,"8":0,"9":0,"10":0,"11":0,"12":0,"13":0,"14":0},"b":{"0":[0,0,0,0],"1":[0,0],"2":[0,0,0],"3":[0,0],"4":[0,0],"5":[0,0],"6":[0,0],"7":[0,0],"8":[0,0],"9":[0,0],"10":[0,0],"11":[0,0,0],"12":[0,0,0],"13":[0,0],"14":[0,0],"15":[0,0],"16":[0,0,0],"17":[0,0]}}
}
