{"/Users/justin/Desktop/lifeDynamics/src/app.ts": {"path":"/Users/justin/Desktop/lifeDynamics/src/app.ts","statementMap":{"0":{"start":{"line":1,"column":13},"end":{"line":1,"column":42}},"1":{"start":{"line":1,"column":42},"end":{"line":1,"column":55}},"2":{"start":{"line":2,"column":0},"end":{"line":2,"column":62}},"3":{"start":{"line":3,"column":20},"end":{"line":3,"column":42}},"4":{"start":{"line":4,"column":10},"end":{"line":15,"column":3}},"5":{"start":{"line":7,"column":4},"end":{"line":13,"column":6}},"6":{"start":{"line":8,"column":8},"end":{"line":8,"column":33}},"7":{"start":{"line":9,"column":8},"end":{"line":10,"column":129}},"8":{"start":{"line":12,"column":8},"end":{"line":12,"column":29}},"9":{"start":{"line":14,"column":4},"end":{"line":14,"column":15}},"10":{"start":{"line":16,"column":0},"end":{"line":16,"column":18}}},"fnMap":{"0":{"name":"(anonymous_0)","decl":{"start":{"line":4,"column":10},"end":{"line":4,"column":11}},"loc":{"start":{"line":4,"column":22},"end":{"line":15,"column":1}},"line":4},"1":{"name":"App","decl":{"start":{"line":5,"column":13},"end":{"line":5,"column":16}},"loc":{"start":{"line":5,"column":19},"end":{"line":6,"column":5}},"line":5},"2":{"name":"(anonymous_2)","decl":{"start":{"line":7,"column":36},"end":{"line":7,"column":37}},"loc":{"start":{"line":7,"column":62},"end":{"line":13,"column":5}},"line":7}},"branchMap":{},"s":{"0":0,"1":0,"2":0,"3":0,"4":0,"5":0,"6":0,"7":0,"8":0,"9":0,"10":0},"f":{"0":0,"1":0,"2":0},"b":{}}
,"/Users/justin/Desktop/lifeDynamics/src/graphService.ts": {"path":"/Users/justin/Desktop/lifeDynamics/src/graphService.ts","statementMap":{"0":{"start":{"line":1,"column":0},"end":{"line":1,"column":42}},"1":{"start":{"line":2,"column":0},"end":{"line":2,"column":47}},"2":{"start":{"line":5,"column":0},"end":{"line":null,"column":-1}},"3":{"start":{"line":10,"column":24},"end":{"line":null,"column":-1}},"4":{"start":{"line":8,"column":4},"end":{"line":8,"column":19}},"5":{"start":{"line":11,"column":8},"end":{"line":11,"column":13}},"6":{"start":{"line":14,"column":4},"end":{"line":93,"column":5}},"7":{"start":{"line":15,"column":8},"end":{"line":24,"column":9}},"8":{"start":{"line":17,"column":16},"end":{"line":17,"column":27}},"9":{"start":{"line":20,"column":12},"end":{"line":22,"column":13}},"10":{"start":{"line":21,"column":16},"end":{"line":21,"column":47}},"11":{"start":{"line":23,"column":12},"end":{"line":23,"column":19}},"12":{"start":{"line":26,"column":8},"end":{"line":35,"column":9}},"13":{"start":{"line":28,"column":16},"end":{"line":28,"column":27}},"14":{"start":{"line":31,"column":12},"end":{"line":33,"column":13}},"15":{"start":{"line":32,"column":16},"end":{"line":32,"column":47}},"16":{"start":{"line":34,"column":12},"end":{"line":34,"column":19}},"17":{"start":{"line":37,"column":8},"end":{"line":43,"column":9}},"18":{"start":{"line":39,"column":16},"end":{"line":39,"column":23}},"19":{"start":{"line":42,"column":12},"end":{"line":42,"column":19}},"20":{"start":{"line":45,"column":8},"end":{"line":57,"column":9}},"21":{"start":{"line":47,"column":16},"end":{"line":47,"column":26}},"22":{"start":{"line":47,"column":16},"end":{"line":48,"column":16}},"23":{"start":{"line":50,"column":12},"end":{"line":55,"column":13}},"24":{"start":{"line":51,"column":16},"end":{"line":53,"column":17}},"25":{"start":{"line":52,"column":20},"end":{"line":52,"column":56}},"26":{"start":{"line":56,"column":12},"end":{"line":56,"column":19}},"27":{"start":{"line":59,"column":8},"end":{"line":61,"column":9}},"28":{"start":{"line":60,"column":12},"end":{"line":60,"column":35}},"29":{"start":{"line":63,"column":8},"end":{"line":73,"column":9}},"30":{"start":{"line":65,"column":16},"end":{"line":65,"column":29}},"31":{"start":{"line":66,"column":16},"end":{"line":66,"column":26}},"32":{"start":{"line":69,"column":12},"end":{"line":71,"column":13}},"33":{"start":{"line":70,"column":16},"end":{"line":70,"column":46}},"34":{"start":{"line":72,"column":12},"end":{"line":72,"column":19}},"35":{"start":{"line":75,"column":8},"end":{"line":84,"column":9}},"36":{"start":{"line":76,"column":16},"end":{"line":76,"column":23}},"37":{"start":{"line":78,"column":20},"end":{"line":78,"column":23}},"38":{"start":{"line":79,"column":20},"end":{"line":79,"column":36}},"39":{"start":{"line":80,"column":16},"end":{"line":82,"column":17}},"40":{"start":{"line":81,"column":20},"end":{"line":81,"column":35}},"41":{"start":{"line":81,"column":35},"end":{"line":81,"column":40}},"42":{"start":{"line":77,"column":12},"end":{"line":83,"column":13}},"43":{"start":{"line":86,"column":8},"end":{"line":91,"column":9}},"44":{"start":{"line":87,"column":12},"end":{"line":90,"column":17}},"45":{"start":{"line":89,"column":20},"end":{"line":89,"column":23}},"46":{"start":{"line":95,"column":4},"end":{"line":117,"column":5}},"47":{"start":{"line":97,"column":12},"end":{"line":102,"column":13}},"48":{"start":{"line":99,"column":16},"end":{"line":99,"column":37}},"49":{"start":{"line":100,"column":16},"end":{"line":101,"column":30}},"50":{"start":{"line":104,"column":12},"end":{"line":109,"column":13}},"51":{"start":{"line":105,"column":16},"end":{"line":105,"column":51}},"52":{"start":{"line":106,"column":16},"end":{"line":106,"column":29}},"53":{"start":{"line":107,"column":16},"end":{"line":107,"column":28}},"54":{"start":{"line":108,"column":16},"end":{"line":108,"column":28}},"55":{"start":{"line":115,"column":12},"end":{"line":115,"column":19}},"56":{"start":{"line":121,"column":4},"end":{"line":123,"column":5}},"57":{"start":{"line":122,"column":8},"end":{"line":122,"column":31}},"58":{"start":{"line":125,"column":4},"end":{"line":127,"column":5}},"59":{"start":{"line":126,"column":8},"end":{"line":126,"column":15}},"60":{"start":{"line":129,"column":4},"end":{"line":135,"column":5}},"61":{"start":{"line":129,"column":4},"end":{"line":135,"column":4}},"62":{"start":{"line":130,"column":8},"end":{"line":133,"column":9}},"63":{"start":{"line":131,"column":12},"end":{"line":131,"column":42}},"64":{"start":{"line":132,"column":12},"end":{"line":132,"column":19}},"65":{"start":{"line":134,"column":8},"end":{"line":134,"column":26}},"66":{"start":{"line":137,"column":4},"end":{"line":143,"column":5}},"67":{"start":{"line":138,"column":12},"end":{"line":138,"column":28}},"68":{"start":{"line":139,"column":8},"end":{"line":141,"column":9}},"69":{"start":{"line":140,"column":12},"end":{"line":140,"column":62}},"70":{"start":{"line":145,"column":4},"end":{"line":152,"column":5}},"71":{"start":{"line":146,"column":8},"end":{"line":146,"column":37}},"72":{"start":{"line":147,"column":8},"end":{"line":147,"column":29}},"73":{"start":{"line":148,"column":8},"end":{"line":148,"column":38}},"74":{"start":{"line":149,"column":8},"end":{"line":151,"column":9}},"75":{"start":{"line":150,"column":12},"end":{"line":150,"column":19}},"76":{"start":{"line":154,"column":4},"end":{"line":157,"column":5}},"77":{"start":{"line":155,"column":12},"end":{"line":155,"column":19}},"78":{"start":{"line":156,"column":8},"end":{"line":156,"column":70}},"79":{"start":{"line":159,"column":4},"end":{"line":163,"column":5}},"80":{"start":{"line":159,"column":4},"end":{"line":163,"column":4}},"81":{"start":{"line":160,"column":8},"end":{"line":162,"column":9}},"82":{"start":{"line":161,"column":12},"end":{"line":161,"column":60}},"83":{"start":{"line":165,"column":4},"end":{"line":169,"column":5}},"84":{"start":{"line":165,"column":4},"end":{"line":169,"column":4}},"85":{"start":{"line":166,"column":8},"end":{"line":168,"column":9}},"86":{"start":{"line":167,"column":12},"end":{"line":167,"column":45}},"87":{"start":{"line":171,"column":4},"end":{"line":173,"column":5}},"88":{"start":{"line":172,"column":8},"end":{"line":172,"column":43}},"89":{"start":{"line":175,"column":4},"end":{"line":186,"column":5}},"90":{"start":{"line":176,"column":12},"end":{"line":176,"column":23}},"91":{"start":{"line":177,"column":12},"end":{"line":177,"column":19}},"92":{"start":{"line":178,"column":12},"end":{"line":178,"column":22}},"93":{"start":{"line":5,"column":13},"end":{"line":null,"column":-1}},"94":{"start":{"line":188,"column":0},"end":{"line":188,"column":1}},"95":{"start":{"line":5,"column":13},"end":{"line":5,"column":25}}},"fnMap":{"0":{"name":"(anonymous_2)","decl":{"start":{"line":5,"column":0},"end":{"line":null,"column":-1}},"loc":{"start":{"line":5,"column":0},"end":{"line":null,"column":-1}}},"1":{"name":"GraphService","decl":{"start":{"line":10,"column":4},"end":{"line":10,"column":23}},"loc":{"start":{"line":10,"column":24},"end":{"line":12,"column":5}}},"2":{"name":"(anonymous_4)","decl":{"start":{"line":14,"column":4},"end":{"line":null,"column":-1}},"loc":{"start":{"line":14,"column":4},"end":{"line":93,"column":5}}},"3":{"name":"(anonymous_5)","decl":{"start":{"line":15,"column":56},"end":{"line":15,"column":65}},"loc":{"start":{"line":15,"column":66},"end":{"line":24,"column":9}}},"4":{"name":"(anonymous_6)","decl":{"start":{"line":26,"column":61},"end":{"line":26,"column":70}},"loc":{"start":{"line":26,"column":71},"end":{"line":35,"column":9}}},"5":{"name":"(anonymous_7)","decl":{"start":{"line":37,"column":63},"end":{"line":37,"column":72}},"loc":{"start":{"line":37,"column":73},"end":{"line":43,"column":9}}},"6":{"name":"(anonymous_8)","decl":{"start":{"line":45,"column":55},"end":{"line":45,"column":64}},"loc":{"start":{"line":45,"column":65},"end":{"line":57,"column":9}}},"7":{"name":"(anonymous_9)","decl":{"start":{"line":59,"column":58},"end":{"line":59,"column":67}},"loc":{"start":{"line":59,"column":68},"end":{"line":61,"column":9}}},"8":{"name":"(anonymous_10)","decl":{"start":{"line":63,"column":55},"end":{"line":63,"column":64}},"loc":{"start":{"line":63,"column":65},"end":{"line":73,"column":9}}},"9":{"name":"(anonymous_11)","decl":{"start":{"line":75,"column":62},"end":{"line":75,"column":71}},"loc":{"start":{"line":75,"column":72},"end":{"line":84,"column":9}}},"10":{"name":"(anonymous_13)","decl":{"start":{"line":80,"column":39},"end":{"line":80,"column":38}},"loc":{"start":{"line":80,"column":39},"end":{"line":82,"column":17}}},"11":{"name":"(anonymous_14)","decl":{"start":{"line":86,"column":64},"end":{"line":86,"column":73}},"loc":{"start":{"line":86,"column":74},"end":{"line":91,"column":9}}},"12":{"name":"(anonymous_15)","decl":{"start":{"line":88,"column":25},"end":{"line":88,"column":24}},"loc":{"start":{"line":88,"column":25},"end":{"line":90,"column":17}}},"13":{"name":"(anonymous_16)","decl":{"start":{"line":95,"column":4},"end":{"line":95,"column":20}},"loc":{"start":{"line":95,"column":21},"end":{"line":117,"column":5}}},"14":{"name":"(anonymous_17)","decl":{"start":{"line":97,"column":37},"end":{"line":97,"column":37}},"loc":{"start":{"line":97,"column":44},"end":{"line":102,"column":13}}},"15":{"name":"(anonymous_18)","decl":{"start":{"line":104,"column":37},"end":{"line":104,"column":37}},"loc":{"start":{"line":104,"column":44},"end":{"line":109,"column":13}}},"16":{"name":"(anonymous_19)","decl":{"start":{"line":121,"column":4},"end":{"line":null,"column":-1}},"loc":{"start":{"line":121,"column":4},"end":{"line":123,"column":5}}},"17":{"name":"(anonymous_20)","decl":{"start":{"line":125,"column":4},"end":{"line":125,"column":16}},"loc":{"start":{"line":125,"column":17},"end":{"line":127,"column":5}}},"18":{"name":"(anonymous_21)","decl":{"start":{"line":129,"column":4},"end":{"line":129,"column":14}},"loc":{"start":{"line":129,"column":15},"end":{"line":135,"column":5}}},"19":{"name":"(anonymous_22)","decl":{"start":{"line":130,"column":32},"end":{"line":130,"column":32}},"loc":{"start":{"line":130,"column":33},"end":{"line":133,"column":9}}},"20":{"name":"(anonymous_23)","decl":{"start":{"line":137,"column":4},"end":{"line":137,"column":19}},"loc":{"start":{"line":137,"column":20},"end":{"line":143,"column":5}}},"21":{"name":"(anonymous_24)","decl":{"start":{"line":145,"column":4},"end":{"line":145,"column":16}},"loc":{"start":{"line":145,"column":25},"end":{"line":152,"column":5}}},"22":{"name":"(anonymous_25)","decl":{"start":{"line":154,"column":4},"end":{"line":154,"column":19}},"loc":{"start":{"line":154,"column":28},"end":{"line":157,"column":5}}},"23":{"name":"(anonymous_26)","decl":{"start":{"line":159,"column":4},"end":{"line":159,"column":19}},"loc":{"start":{"line":159,"column":20},"end":{"line":163,"column":5}}},"24":{"name":"(anonymous_27)","decl":{"start":{"line":160,"column":42},"end":{"line":160,"column":41}},"loc":{"start":{"line":160,"column":42},"end":{"line":162,"column":9}}},"25":{"name":"(anonymous_28)","decl":{"start":{"line":165,"column":4},"end":{"line":165,"column":28}},"loc":{"start":{"line":165,"column":29},"end":{"line":169,"column":5}}},"26":{"name":"(anonymous_29)","decl":{"start":{"line":166,"column":45},"end":{"line":166,"column":44}},"loc":{"start":{"line":166,"column":45},"end":{"line":168,"column":9}}},"27":{"name":"(anonymous_30)","decl":{"start":{"line":171,"column":4},"end":{"line":null,"column":-1}},"loc":{"start":{"line":171,"column":4},"end":{"line":173,"column":5}}},"28":{"name":"(anonymous_31)","decl":{"start":{"line":175,"column":4},"end":{"line":175,"column":20}},"loc":{"start":{"line":175,"column":21},"end":{"line":186,"column":5}}}},"branchMap":{"0":{"loc":{"start":{"line":17,"column":16},"end":{"line":17,"column":27}},"type":"binary-expr","locations":[{"start":{"line":17,"column":16},"end":{"line":17,"column":27}},{"start":{"line":17,"column":16},"end":{"line":17,"column":27}}]},"1":{"loc":{"start":{"line":28,"column":16},"end":{"line":28,"column":27}},"type":"binary-expr","locations":[{"start":{"line":28,"column":16},"end":{"line":28,"column":27}},{"start":{"line":28,"column":16},"end":{"line":28,"column":27}}]},"2":{"loc":{"start":{"line":39,"column":16},"end":{"line":39,"column":23}},"type":"binary-expr","locations":[{"start":{"line":39,"column":16},"end":{"line":39,"column":23}},{"start":{"line":39,"column":16},"end":{"line":39,"column":23}}]},"3":{"loc":{"start":{"line":47,"column":16},"end":{"line":47,"column":26}},"type":"binary-expr","locations":[{"start":{"line":47,"column":16},"end":{"line":47,"column":26}},{"start":{"line":47,"column":27},"end":{"line":48,"column":16}}]},"4":{"loc":{"start":{"line":65,"column":16},"end":{"line":65,"column":29}},"type":"binary-expr","locations":[{"start":{"line":65,"column":16},"end":{"line":65,"column":29}},{"start":{"line":65,"column":16},"end":{"line":65,"column":29}}]},"5":{"loc":{"start":{"line":81,"column":20},"end":{"line":81,"column":35}},"type":"if","locations":[{"start":{"line":81,"column":20},"end":{"line":81,"column":35}},{"start":{"line":81,"column":20},"end":{"line":81,"column":35}}]},"6":{"loc":{"start":{"line":149,"column":8},"end":{"line":151,"column":9}},"type":"if","locations":[{"start":{"line":149,"column":8},"end":{"line":151,"column":9}},{"start":{"line":149,"column":8},"end":{"line":151,"column":9}}]},"7":{"loc":{"start":{"line":10,"column":28},"end":{"line":10,"column":40}},"type":"binary-expr","locations":[{"start":{"line":10,"column":28},"end":{"line":10,"column":40}}]}},"s":{"0":1,"1":1,"2":1,"3":1,"4":1,"5":1,"6":1,"7":1,"8":0,"9":0,"10":0,"11":0,"12":1,"13":0,"14":0,"15":0,"16":0,"17":1,"18":0,"19":0,"20":1,"21":0,"22":0,"23":0,"24":0,"25":0,"26":0,"27":1,"28":0,"29":1,"30":0,"31":0,"32":0,"33":0,"34":0,"35":1,"36":0,"37":0,"38":0,"39":0,"40":0,"41":0,"42":0,"43":1,"44":0,"45":0,"46":1,"47":1,"48":3,"49":3,"50":1,"51":2,"52":2,"53":2,"54":2,"55":1,"56":1,"57":0,"58":1,"59":0,"60":1,"61":0,"62":0,"63":0,"64":0,"65":0,"66":1,"67":0,"68":0,"69":0,"70":1,"71":0,"72":0,"73":0,"74":0,"75":0,"76":1,"77":0,"78":0,"79":1,"80":0,"81":0,"82":0,"83":1,"84":0,"85":0,"86":0,"87":1,"88":0,"89":1,"90":0,"91":0,"92":0,"93":1,"94":1,"95":1},"f":{"0":1,"1":1,"2":1,"3":0,"4":0,"5":0,"6":0,"7":0,"8":0,"9":0,"10":0,"11":0,"12":0,"13":1,"14":3,"15":2,"16":0,"17":0,"18":0,"19":0,"20":0,"21":0,"22":0,"23":0,"24":0,"25":0,"26":0,"27":0,"28":0},"b":{"0":[0,0],"1":[0,0],"2":[0,0],"3":[0,0],"4":[0,0],"5":[0,0],"6":[0,0],"7":[0]}}
,"/Users/justin/Desktop/lifeDynamics/src/home.ts": {"path":"/Users/justin/Desktop/lifeDynamics/src/home.ts","statementMap":{"0":{"start":{"line":1,"column":13},"end":{"line":1,"column":42}},"1":{"start":{"line":1,"column":42},"end":{"line":1,"column":55}},"2":{"start":{"line":2,"column":17},"end":{"line":7,"column":1}},"3":{"start":{"line":3,"column":12},"end":{"line":3,"column":28}},"4":{"start":{"line":3,"column":33},"end":{"line":3,"column":124}},"5":{"start":{"line":4,"column":4},"end":{"line":5,"column":145}},"6":{"start":{"line":4,"column":79},"end":{"line":4,"column":131}},"7":{"start":{"line":5,"column":4},"end":{"line":5,"column":145}},"8":{"start":{"line":5,"column":53},"end":{"line":5,"column":145}},"9":{"start":{"line":5,"column":76},"end":{"line":5,"column":145}},"10":{"start":{"line":6,"column":4},"end":{"line":6,"column":66}},"11":{"start":{"line":8,"column":17},"end":{"line":10,"column":1}},"12":{"start":{"line":9,"column":4},"end":{"line":9,"column":109}},"13":{"start":{"line":9,"column":79},"end":{"line":9,"column":109}},"14":{"start":{"line":11,"column":0},"end":{"line":11,"column":62}},"15":{"start":{"line":12,"column":26},"end":{"line":12,"column":54}},"16":{"start":{"line":13,"column":21},"end":{"line":13,"column":52}},"17":{"start":{"line":14,"column":11},"end":{"line":31,"column":3}},"18":{"start":{"line":16,"column":8},"end":{"line":16,"column":21}},"19":{"start":{"line":18,"column":4},"end":{"line":24,"column":6}},"20":{"start":{"line":25,"column":4},"end":{"line":28,"column":10}},"21":{"start":{"line":29,"column":4},"end":{"line":29,"column":16}},"22":{"start":{"line":32,"column":0},"end":{"line":32,"column":20}}},"fnMap":{"0":{"name":"(anonymous_0)","decl":{"start":{"line":2,"column":44},"end":{"line":2,"column":45}},"loc":{"start":{"line":2,"column":85},"end":{"line":7,"column":1}},"line":2},"1":{"name":"(anonymous_1)","decl":{"start":{"line":8,"column":44},"end":{"line":8,"column":45}},"loc":{"start":{"line":8,"column":60},"end":{"line":10,"column":1}},"line":8},"2":{"name":"(anonymous_2)","decl":{"start":{"line":14,"column":11},"end":{"line":14,"column":12}},"loc":{"start":{"line":14,"column":23},"end":{"line":31,"column":1}},"line":14},"3":{"name":"Home","decl":{"start":{"line":15,"column":13},"end":{"line":15,"column":17}},"loc":{"start":{"line":15,"column":22},"end":{"line":17,"column":5}},"line":15},"4":{"name":"(anonymous_4)","decl":{"start":{"line":18,"column":30},"end":{"line":18,"column":31}},"loc":{"start":{"line":18,"column":42},"end":{"line":24,"column":5}},"line":18}},"branchMap":{"0":{"loc":{"start":{"line":2,"column":17},"end":{"line":7,"column":1}},"type":"binary-expr","locations":[{"start":{"line":2,"column":17},"end":{"line":2,"column":21}},{"start":{"line":2,"column":25},"end":{"line":2,"column":40}},{"start":{"line":2,"column":44},"end":{"line":7,"column":1}}],"line":2},"1":{"loc":{"start":{"line":3,"column":33},"end":{"line":3,"column":124}},"type":"cond-expr","locations":[{"start":{"line":3,"column":41},"end":{"line":3,"column":47}},{"start":{"line":3,"column":50},"end":{"line":3,"column":124}}],"line":3},"2":{"loc":{"start":{"line":3,"column":50},"end":{"line":3,"column":124}},"type":"cond-expr","locations":[{"start":{"line":3,"column":66},"end":{"line":3,"column":117}},{"start":{"line":3,"column":120},"end":{"line":3,"column":124}}],"line":3},"3":{"loc":{"start":{"line":4,"column":4},"end":{"line":5,"column":145}},"type":"if","locations":[{"start":{"line":4,"column":4},"end":{"line":5,"column":145}},{"start":{"line":4,"column":4},"end":{"line":5,"column":145}}],"line":4},"4":{"loc":{"start":{"line":4,"column":8},"end":{"line":4,"column":77}},"type":"binary-expr","locations":[{"start":{"line":4,"column":8},"end":{"line":4,"column":35}},{"start":{"line":4,"column":39},"end":{"line":4,"column":77}}],"line":4},"5":{"loc":{"start":{"line":5,"column":53},"end":{"line":5,"column":145}},"type":"if","locations":[{"start":{"line":5,"column":53},"end":{"line":5,"column":145}},{"start":{"line":5,"column":53},"end":{"line":5,"column":145}}],"line":5},"6":{"loc":{"start":{"line":5,"column":80},"end":{"line":5,"column":144}},"type":"binary-expr","locations":[{"start":{"line":5,"column":81},"end":{"line":5,"column":138}},{"start":{"line":5,"column":143},"end":{"line":5,"column":144}}],"line":5},"7":{"loc":{"start":{"line":5,"column":81},"end":{"line":5,"column":138}},"type":"cond-expr","locations":[{"start":{"line":5,"column":89},"end":{"line":5,"column":93}},{"start":{"line":5,"column":96},"end":{"line":5,"column":138}}],"line":5},"8":{"loc":{"start":{"line":5,"column":96},"end":{"line":5,"column":138}},"type":"cond-expr","locations":[{"start":{"line":5,"column":104},"end":{"line":5,"column":121}},{"start":{"line":5,"column":124},"end":{"line":5,"column":138}}],"line":5},"9":{"loc":{"start":{"line":6,"column":11},"end":{"line":6,"column":62}},"type":"binary-expr","locations":[{"start":{"line":6,"column":11},"end":{"line":6,"column":16}},{"start":{"line":6,"column":20},"end":{"line":6,"column":21}},{"start":{"line":6,"column":25},"end":{"line":6,"column":62}}],"line":6},"10":{"loc":{"start":{"line":8,"column":17},"end":{"line":10,"column":1}},"type":"binary-expr","locations":[{"start":{"line":8,"column":17},"end":{"line":8,"column":21}},{"start":{"line":8,"column":25},"end":{"line":8,"column":40}},{"start":{"line":8,"column":44},"end":{"line":10,"column":1}}],"line":8},"11":{"loc":{"start":{"line":9,"column":4},"end":{"line":9,"column":109}},"type":"if","locations":[{"start":{"line":9,"column":4},"end":{"line":9,"column":109}},{"start":{"line":9,"column":4},"end":{"line":9,"column":109}}],"line":9},"12":{"loc":{"start":{"line":9,"column":8},"end":{"line":9,"column":77}},"type":"binary-expr","locations":[{"start":{"line":9,"column":8},"end":{"line":9,"column":35}},{"start":{"line":9,"column":39},"end":{"line":9,"column":77}}],"line":9},"13":{"loc":{"start":{"line":27,"column":37},"end":{"line":27,"column":163}},"type":"binary-expr","locations":[{"start":{"line":27,"column":37},"end":{"line":27,"column":147}},{"start":{"line":27,"column":151},"end":{"line":27,"column":153}},{"start":{"line":27,"column":157},"end":{"line":27,"column":163}}],"line":27},"14":{"loc":{"start":{"line":27,"column":50},"end":{"line":27,"column":131}},"type":"binary-expr","locations":[{"start":{"line":27,"column":50},"end":{"line":27,"column":100}},{"start":{"line":27,"column":104},"end":{"line":27,"column":131}}],"line":27}},"s":{"0":0,"1":0,"2":0,"3":0,"4":0,"5":0,"6":0,"7":0,"8":0,"9":0,"10":0,"11":0,"12":0,"13":0,"14":0,"15":0,"16":0,"17":0,"18":0,"19":0,"20":0,"21":0,"22":0},"f":{"0":0,"1":0,"2":0,"3":0,"4":0},"b":{"0":[0,0,0],"1":[0,0],"2":[0,0],"3":[0,0],"4":[0,0],"5":[0,0],"6":[0,0],"7":[0,0],"8":[0,0],"9":[0,0,0],"10":[0,0,0],"11":[0,0],"12":[0,0],"13":[0,0,0],"14":[0,0]}}
,"/Users/justin/Desktop/lifeDynamics/src/main.ts": {"path":"/Users/justin/Desktop/lifeDynamics/src/main.ts","statementMap":{"0":{"start":{"line":1,"column":13},"end":{"line":1,"column":42}},"1":{"start":{"line":1,"column":42},"end":{"line":1,"column":55}},"2":{"start":{"line":2,"column":16},"end":{"line":9,"column":1}},"3":{"start":{"line":3,"column":4},"end":{"line":8,"column":7}},"4":{"start":{"line":4,"column":35},"end":{"line":4,"column":92}},"5":{"start":{"line":4,"column":40},"end":{"line":4,"column":68}},"6":{"start":{"line":4,"column":81},"end":{"line":4,"column":91}},"7":{"start":{"line":5,"column":34},"end":{"line":5,"column":95}},"8":{"start":{"line":5,"column":39},"end":{"line":5,"column":71}},"9":{"start":{"line":5,"column":84},"end":{"line":5,"column":94}},"10":{"start":{"line":6,"column":31},"end":{"line":6,"column":146}},"11":{"start":{"line":6,"column":95},"end":{"line":6,"column":117}},"12":{"start":{"line":7,"column":8},"end":{"line":7,"column":78}},"13":{"start":{"line":10,"column":18},"end":{"line":36,"column":1}},"14":{"start":{"line":11,"column":12},"end":{"line":11,"column":102}},"15":{"start":{"line":11,"column":43},"end":{"line":11,"column":68}},"16":{"start":{"line":11,"column":57},"end":{"line":11,"column":68}},"17":{"start":{"line":11,"column":68},"end":{"line":11,"column":80}},"18":{"start":{"line":12,"column":4},"end":{"line":12,"column":156}},"19":{"start":{"line":12,"column":138},"end":{"line":12,"column":150}},"20":{"start":{"line":13,"column":22},"end":{"line":13,"column":65}},"21":{"start":{"line":13,"column":43},"end":{"line":13,"column":63}},"22":{"start":{"line":15,"column":8},"end":{"line":15,"column":70}},"23":{"start":{"line":15,"column":15},"end":{"line":15,"column":70}},"24":{"start":{"line":16,"column":8},"end":{"line":33,"column":61}},"25":{"start":{"line":16,"column":18},"end":{"line":33,"column":61}},"26":{"start":{"line":17,"column":12},"end":{"line":17,"column":127}},"27":{"start":{"line":17,"column":118},"end":{"line":17,"column":127}},"28":{"start":{"line":18,"column":12},"end":{"line":18,"column":44}},"29":{"start":{"line":18,"column":26},"end":{"line":18,"column":44}},"30":{"start":{"line":19,"column":12},"end":{"line":30,"column":43}},"31":{"start":{"line":20,"column":30},"end":{"line":20,"column":37}},"32":{"start":{"line":20,"column":37},"end":{"line":20,"column":43}},"33":{"start":{"line":21,"column":23},"end":{"line":21,"column":33}},"34":{"start":{"line":21,"column":33},"end":{"line":21,"column":70}},"35":{"start":{"line":22,"column":23},"end":{"line":22,"column":33}},"36":{"start":{"line":22,"column":33},"end":{"line":22,"column":43}},"37":{"start":{"line":22,"column":43},"end":{"line":22,"column":52}},"38":{"start":{"line":22,"column":52},"end":{"line":22,"column":61}},"39":{"start":{"line":23,"column":23},"end":{"line":23,"column":40}},"40":{"start":{"line":23,"column":40},"end":{"line":23,"column":53}},"41":{"start":{"line":23,"column":53},"end":{"line":23,"column":62}},"42":{"start":{"line":25,"column":20},"end":{"line":25,"column":125}},"43":{"start":{"line":25,"column":109},"end":{"line":25,"column":115}},"44":{"start":{"line":25,"column":115},"end":{"line":25,"column":124}},"45":{"start":{"line":26,"column":20},"end":{"line":26,"column":101}},"46":{"start":{"line":26,"column":78},"end":{"line":26,"column":94}},"47":{"start":{"line":26,"column":94},"end":{"line":26,"column":100}},"48":{"start":{"line":27,"column":20},"end":{"line":27,"column":85}},"49":{"start":{"line":27,"column":56},"end":{"line":27,"column":71}},"50":{"start":{"line":27,"column":71},"end":{"line":27,"column":78}},"51":{"start":{"line":27,"column":78},"end":{"line":27,"column":84}},"52":{"start":{"line":28,"column":20},"end":{"line":28,"column":83}},"53":{"start":{"line":28,"column":46},"end":{"line":28,"column":61}},"54":{"start":{"line":28,"column":61},"end":{"line":28,"column":76}},"55":{"start":{"line":28,"column":76},"end":{"line":28,"column":82}},"56":{"start":{"line":29,"column":20},"end":{"line":29,"column":42}},"57":{"start":{"line":29,"column":30},"end":{"line":29,"column":42}},"58":{"start":{"line":30,"column":20},"end":{"line":30,"column":33}},"59":{"start":{"line":30,"column":33},"end":{"line":30,"column":42}},"60":{"start":{"line":32,"column":12},"end":{"line":32,"column":39}},"61":{"start":{"line":33,"column":21},"end":{"line":33,"column":33}},"62":{"start":{"line":33,"column":33},"end":{"line":33,"column":39}},"63":{"start":{"line":33,"column":50},"end":{"line":33,"column":60}},"64":{"start":{"line":34,"column":8},"end":{"line":34,"column":35}},"65":{"start":{"line":34,"column":23},"end":{"line":34,"column":35}},"66":{"start":{"line":34,"column":35},"end":{"line":34,"column":88}},"67":{"start":{"line":37,"column":0},"end":{"line":37,"column":62}},"68":{"start":{"line":40,"column":0},"end":{"line":40,"column":32}},"69":{"start":{"line":41,"column":0},"end":{"line":41,"column":45}},"70":{"start":{"line":42,"column":0},"end":{"line":42,"column":44}},"71":{"start":{"line":43,"column":20},"end":{"line":43,"column":42}},"72":{"start":{"line":44,"column":15},"end":{"line":44,"column":34}},"73":{"start":{"line":48,"column":0},"end":{"line":48,"column":39}},"74":{"start":{"line":49,"column":0},"end":{"line":49,"column":40}},"75":{"start":{"line":50,"column":0},"end":{"line":50,"column":21}},"76":{"start":{"line":51,"column":0},"end":{"line":51,"column":58}},"77":{"start":{"line":52,"column":0},"end":{"line":52,"column":17}},"78":{"start":{"line":53,"column":0},"end":{"line":53,"column":76}},"79":{"start":{"line":54,"column":0},"end":{"line":54,"column":60}},"80":{"start":{"line":55,"column":0},"end":{"line":55,"column":64}},"81":{"start":{"line":56,"column":0},"end":{"line":56,"column":28}},"82":{"start":{"line":57,"column":0},"end":{"line":57,"column":25}},"83":{"start":{"line":64,"column":0},"end":{"line":64,"column":59}},"84":{"start":{"line":67,"column":4},"end":{"line":91,"column":7}},"85":{"start":{"line":68,"column":8},"end":{"line":90,"column":11}},"86":{"start":{"line":69,"column":12},"end":{"line":88,"column":43}},"87":{"start":{"line":71,"column":20},"end":{"line":73,"column":41}},"88":{"start":{"line":78,"column":20},"end":{"line":78,"column":95}},"89":{"start":{"line":79,"column":20},"end":{"line":79,"column":92}},"90":{"start":{"line":80,"column":20},"end":{"line":80,"column":103}},"91":{"start":{"line":81,"column":20},"end":{"line":81,"column":91}},"92":{"start":{"line":82,"column":20},"end":{"line":82,"column":58}},"93":{"start":{"line":84,"column":20},"end":{"line":84,"column":30}},"94":{"start":{"line":85,"column":20},"end":{"line":85,"column":100}},"95":{"start":{"line":87,"column":20},"end":{"line":87,"column":30}},"96":{"start":{"line":88,"column":20},"end":{"line":88,"column":42}},"97":{"start":{"line":93,"column":0},"end":{"line":93,"column":30}}},"fnMap":{"0":{"name":"(anonymous_0)","decl":{"start":{"line":2,"column":42},"end":{"line":2,"column":43}},"loc":{"start":{"line":2,"column":87},"end":{"line":9,"column":1}},"line":2},"1":{"name":"(anonymous_1)","decl":{"start":{"line":3,"column":36},"end":{"line":3,"column":37}},"loc":{"start":{"line":3,"column":63},"end":{"line":8,"column":5}},"line":3},"2":{"name":"fulfilled","decl":{"start":{"line":4,"column":17},"end":{"line":4,"column":26}},"loc":{"start":{"line":4,"column":34},"end":{"line":4,"column":93}},"line":4},"3":{"name":"rejected","decl":{"start":{"line":5,"column":17},"end":{"line":5,"column":25}},"loc":{"start":{"line":5,"column":33},"end":{"line":5,"column":96}},"line":5},"4":{"name":"step","decl":{"start":{"line":6,"column":17},"end":{"line":6,"column":21}},"loc":{"start":{"line":6,"column":30},"end":{"line":6,"column":147}},"line":6},"5":{"name":"(anonymous_5)","decl":{"start":{"line":6,"column":75},"end":{"line":6,"column":76}},"loc":{"start":{"line":6,"column":94},"end":{"line":6,"column":118}},"line":6},"6":{"name":"(anonymous_6)","decl":{"start":{"line":10,"column":46},"end":{"line":10,"column":47}},"loc":{"start":{"line":10,"column":71},"end":{"line":36,"column":1}},"line":10},"7":{"name":"(anonymous_7)","decl":{"start":{"line":11,"column":30},"end":{"line":11,"column":31}},"loc":{"start":{"line":11,"column":42},"end":{"line":11,"column":81}},"line":11},"8":{"name":"(anonymous_8)","decl":{"start":{"line":12,"column":125},"end":{"line":12,"column":126}},"loc":{"start":{"line":12,"column":137},"end":{"line":12,"column":151}},"line":12},"9":{"name":"verb","decl":{"start":{"line":13,"column":13},"end":{"line":13,"column":17}},"loc":{"start":{"line":13,"column":21},"end":{"line":13,"column":66}},"line":13},"10":{"name":"(anonymous_10)","decl":{"start":{"line":13,"column":29},"end":{"line":13,"column":30}},"loc":{"start":{"line":13,"column":42},"end":{"line":13,"column":64}},"line":13},"11":{"name":"step","decl":{"start":{"line":14,"column":13},"end":{"line":14,"column":17}},"loc":{"start":{"line":14,"column":22},"end":{"line":35,"column":5}},"line":14},"12":{"name":"configure","decl":{"start":{"line":66,"column":9},"end":{"line":66,"column":18}},"loc":{"start":{"line":66,"column":28},"end":{"line":92,"column":1}},"line":66},"13":{"name":"(anonymous_13)","decl":{"start":{"line":67,"column":43},"end":{"line":67,"column":44}},"loc":{"start":{"line":67,"column":55},"end":{"line":91,"column":5}},"line":67},"14":{"name":"(anonymous_14)","decl":{"start":{"line":68,"column":33},"end":{"line":68,"column":34}},"loc":{"start":{"line":68,"column":47},"end":{"line":90,"column":9}},"line":68}},"branchMap":{"0":{"loc":{"start":{"line":2,"column":16},"end":{"line":9,"column":1}},"type":"binary-expr","locations":[{"start":{"line":2,"column":16},"end":{"line":2,"column":20}},{"start":{"line":2,"column":24},"end":{"line":2,"column":38}},{"start":{"line":2,"column":42},"end":{"line":9,"column":1}}],"line":2},"1":{"loc":{"start":{"line":3,"column":16},"end":{"line":3,"column":34}},"type":"binary-expr","locations":[{"start":{"line":3,"column":16},"end":{"line":3,"column":17}},{"start":{"line":3,"column":22},"end":{"line":3,"column":33}}],"line":3},"2":{"loc":{"start":{"line":6,"column":31},"end":{"line":6,"column":145}},"type":"cond-expr","locations":[{"start":{"line":6,"column":45},"end":{"line":6,"column":66}},{"start":{"line":6,"column":69},"end":{"line":6,"column":145}}],"line":6},"3":{"loc":{"start":{"line":7,"column":51},"end":{"line":7,"column":67}},"type":"binary-expr","locations":[{"start":{"line":7,"column":51},"end":{"line":7,"column":61}},{"start":{"line":7,"column":65},"end":{"line":7,"column":67}}],"line":7},"4":{"loc":{"start":{"line":10,"column":18},"end":{"line":36,"column":1}},"type":"binary-expr","locations":[{"start":{"line":10,"column":18},"end":{"line":10,"column":22}},{"start":{"line":10,"column":26},"end":{"line":10,"column":42}},{"start":{"line":10,"column":46},"end":{"line":36,"column":1}}],"line":10},"5":{"loc":{"start":{"line":11,"column":43},"end":{"line":11,"column":68}},"type":"if","locations":[{"start":{"line":11,"column":43},"end":{"line":11,"column":68}},{"start":{"line":11,"column":43},"end":{"line":11,"column":68}}],"line":11},"6":{"loc":{"start":{"line":12,"column":71},"end":{"line":12,"column":152}},"type":"binary-expr","locations":[{"start":{"line":12,"column":71},"end":{"line":12,"column":99}},{"start":{"line":12,"column":104},"end":{"line":12,"column":151}}],"line":12},"7":{"loc":{"start":{"line":15,"column":8},"end":{"line":15,"column":70}},"type":"if","locations":[{"start":{"line":15,"column":8},"end":{"line":15,"column":70}},{"start":{"line":15,"column":8},"end":{"line":15,"column":70}}],"line":15},"8":{"loc":{"start":{"line":17,"column":12},"end":{"line":17,"column":127}},"type":"if","locations":[{"start":{"line":17,"column":12},"end":{"line":17,"column":127}},{"start":{"line":17,"column":12},"end":{"line":17,"column":127}}],"line":17},"9":{"loc":{"start":{"line":17,"column":23},"end":{"line":17,"column":116}},"type":"binary-expr","locations":[{"start":{"line":17,"column":23},"end":{"line":17,"column":24}},{"start":{"line":17,"column":29},"end":{"line":17,"column":83}},{"start":{"line":17,"column":88},"end":{"line":17,"column":116}}],"line":17},"10":{"loc":{"start":{"line":17,"column":35},"end":{"line":17,"column":82}},"type":"cond-expr","locations":[{"start":{"line":17,"column":47},"end":{"line":17,"column":55}},{"start":{"line":17,"column":58},"end":{"line":17,"column":82}}],"line":17},"11":{"loc":{"start":{"line":17,"column":58},"end":{"line":17,"column":82}},"type":"cond-expr","locations":[{"start":{"line":17,"column":66},"end":{"line":17,"column":73}},{"start":{"line":17,"column":76},"end":{"line":17,"column":82}}],"line":17},"12":{"loc":{"start":{"line":18,"column":12},"end":{"line":18,"column":44}},"type":"if","locations":[{"start":{"line":18,"column":12},"end":{"line":18,"column":44}},{"start":{"line":18,"column":12},"end":{"line":18,"column":44}}],"line":18},"13":{"loc":{"start":{"line":19,"column":12},"end":{"line":30,"column":43}},"type":"switch","locations":[{"start":{"line":20,"column":16},"end":{"line":20,"column":23}},{"start":{"line":20,"column":23},"end":{"line":20,"column":43}},{"start":{"line":21,"column":16},"end":{"line":21,"column":70}},{"start":{"line":22,"column":16},"end":{"line":22,"column":61}},{"start":{"line":23,"column":16},"end":{"line":23,"column":62}},{"start":{"line":24,"column":16},"end":{"line":30,"column":42}}],"line":19},"14":{"loc":{"start":{"line":25,"column":20},"end":{"line":25,"column":125}},"type":"if","locations":[{"start":{"line":25,"column":20},"end":{"line":25,"column":125}},{"start":{"line":25,"column":20},"end":{"line":25,"column":125}}],"line":25},"15":{"loc":{"start":{"line":25,"column":24},"end":{"line":25,"column":106}},"type":"binary-expr","locations":[{"start":{"line":25,"column":24},"end":{"line":25,"column":74}},{"start":{"line":25,"column":79},"end":{"line":25,"column":90}},{"start":{"line":25,"column":94},"end":{"line":25,"column":105}}],"line":25},"16":{"loc":{"start":{"line":25,"column":42},"end":{"line":25,"column":73}},"type":"binary-expr","locations":[{"start":{"line":25,"column":42},"end":{"line":25,"column":54}},{"start":{"line":25,"column":58},"end":{"line":25,"column":73}}],"line":25},"17":{"loc":{"start":{"line":26,"column":20},"end":{"line":26,"column":101}},"type":"if","locations":[{"start":{"line":26,"column":20},"end":{"line":26,"column":101}},{"start":{"line":26,"column":20},"end":{"line":26,"column":101}}],"line":26},"18":{"loc":{"start":{"line":26,"column":24},"end":{"line":26,"column":75}},"type":"binary-expr","locations":[{"start":{"line":26,"column":24},"end":{"line":26,"column":35}},{"start":{"line":26,"column":40},"end":{"line":26,"column":42}},{"start":{"line":26,"column":46},"end":{"line":26,"column":58}},{"start":{"line":26,"column":62},"end":{"line":26,"column":74}}],"line":26},"19":{"loc":{"start":{"line":27,"column":20},"end":{"line":27,"column":85}},"type":"if","locations":[{"start":{"line":27,"column":20},"end":{"line":27,"column":85}},{"start":{"line":27,"column":20},"end":{"line":27,"column":85}}],"line":27},"20":{"loc":{"start":{"line":27,"column":24},"end":{"line":27,"column":53}},"type":"binary-expr","locations":[{"start":{"line":27,"column":24},"end":{"line":27,"column":35}},{"start":{"line":27,"column":39},"end":{"line":27,"column":53}}],"line":27},"21":{"loc":{"start":{"line":28,"column":20},"end":{"line":28,"column":83}},"type":"if","locations":[{"start":{"line":28,"column":20},"end":{"line":28,"column":83}},{"start":{"line":28,"column":20},"end":{"line":28,"column":83}}],"line":28},"22":{"loc":{"start":{"line":28,"column":24},"end":{"line":28,"column":43}},"type":"binary-expr","locations":[{"start":{"line":28,"column":24},"end":{"line":28,"column":25}},{"start":{"line":28,"column":29},"end":{"line":28,"column":43}}],"line":28},"23":{"loc":{"start":{"line":29,"column":20},"end":{"line":29,"column":42}},"type":"if","locations":[{"start":{"line":29,"column":20},"end":{"line":29,"column":42}},{"start":{"line":29,"column":20},"end":{"line":29,"column":42}}],"line":29},"24":{"loc":{"start":{"line":34,"column":8},"end":{"line":34,"column":35}},"type":"if","locations":[{"start":{"line":34,"column":8},"end":{"line":34,"column":35}},{"start":{"line":34,"column":8},"end":{"line":34,"column":35}}],"line":34},"25":{"loc":{"start":{"line":34,"column":51},"end":{"line":34,"column":73}},"type":"cond-expr","locations":[{"start":{"line":34,"column":59},"end":{"line":34,"column":64}},{"start":{"line":34,"column":67},"end":{"line":34,"column":73}}],"line":34},"26":{"loc":{"start":{"line":69,"column":12},"end":{"line":88,"column":43}},"type":"switch","locations":[{"start":{"line":70,"column":16},"end":{"line":82,"column":58}},{"start":{"line":83,"column":16},"end":{"line":85,"column":100}},{"start":{"line":86,"column":16},"end":{"line":88,"column":42}}],"line":69}},"s":{"0":0,"1":0,"2":0,"3":0,"4":0,"5":0,"6":0,"7":0,"8":0,"9":0,"10":0,"11":0,"12":0,"13":0,"14":0,"15":0,"16":0,"17":0,"18":0,"19":0,"20":0,"21":0,"22":0,"23":0,"24":0,"25":0,"26":0,"27":0,"28":0,"29":0,"30":0,"31":0,"32":0,"33":0,"34":0,"35":0,"36":0,"37":0,"38":0,"39":0,"40":0,"41":0,"42":0,"43":0,"44":0,"45":0,"46":0,"47":0,"48":0,"49":0,"50":0,"51":0,"52":0,"53":0,"54":0,"55":0,"56":0,"57":0,"58":0,"59":0,"60":0,"61":0,"62":0,"63":0,"64":0,"65":0,"66":0,"67":0,"68":0,"69":0,"70":0,"71":0,"72":0,"73":0,"74":0,"75":0,"76":0,"77":0,"78":0,"79":0,"80":0,"81":0,"82":0,"83":0,"84":0,"85":0,"86":0,"87":0,"88":0,"89":0,"90":0,"91":0,"92":0,"93":0,"94":0,"95":0,"96":0,"97":0},"f":{"0":0,"1":0,"2":0,"3":0,"4":0,"5":0,"6":0,"7":0,"8":0,"9":0,"10":0,"11":0,"12":0,"13":0,"14":0},"b":{"0":[0,0,0],"1":[0,0],"2":[0,0],"3":[0,0],"4":[0,0,0],"5":[0,0],"6":[0,0],"7":[0,0],"8":[0,0],"9":[0,0,0],"10":[0,0],"11":[0,0],"12":[0,0],"13":[0,0,0,0,0,0],"14":[0,0],"15":[0,0,0],"16":[0,0],"17":[0,0],"18":[0,0,0,0],"19":[0,0],"20":[0,0],"21":[0,0],"22":[0,0],"23":[0,0],"24":[0,0],"25":[0,0],"26":[0,0,0]}}
,"/Users/justin/Desktop/lifeDynamics/src/stepFunctions.ts": {"path":"/Users/justin/Desktop/lifeDynamics/src/stepFunctions.ts","statementMap":{"0":{"start":{"line":2,"column":0},"end":{"line":null,"column":-1}},"1":{"start":{"line":6,"column":12},"end":{"line":6,"column":48}},"2":{"start":{"line":9,"column":12},"end":{"line":9,"column":30}},"3":{"start":{"line":12,"column":12},"end":{"line":16,"column":13}},"4":{"start":{"line":13,"column":16},"end":{"line":13,"column":35}},"5":{"start":{"line":15,"column":16},"end":{"line":15,"column":35}},"6":{"start":{"line":22,"column":12},"end":{"line":22,"column":60}},"7":{"start":{"line":23,"column":12},"end":{"line":23,"column":60}},"8":{"start":{"line":29,"column":12},"end":{"line":33,"column":13}},"9":{"start":{"line":30,"column":16},"end":{"line":30,"column":29}},"10":{"start":{"line":32,"column":16},"end":{"line":32,"column":29}},"11":{"start":{"line":37,"column":12},"end":{"line":37,"column":34}},"12":{"start":{"line":41,"column":12},"end":{"line":41,"column":30}},"13":{"start":{"line":45,"column":12},"end":{"line":45,"column":26}},"14":{"start":{"line":46,"column":12},"end":{"line":46,"column":26}},"15":{"start":{"line":50,"column":12},"end":{"line":50,"column":29}},"16":{"start":{"line":60,"column":4},"end":{"line":60,"column":27}},"17":{"start":{"line":63,"column":0},"end":{"line":null,"column":-1}},"18":{"start":{"line":2,"column":13},"end":{"line":2,"column":26}}},"fnMap":{"0":{"name":"(anonymous_0)","decl":{"start":{"line":2,"column":0},"end":{"line":null,"column":-1}},"loc":{"start":{"line":2,"column":0},"end":{"line":null,"column":-1}}},"1":{"name":"(anonymous_2)","decl":{"start":{"line":5,"column":19},"end":{"line":5,"column":27}},"loc":{"start":{"line":5,"column":35},"end":{"line":4,"column":20}}},"2":{"name":"(anonymous_3)","decl":{"start":{"line":8,"column":15},"end":{"line":8,"column":23}},"loc":{"start":{"line":8,"column":31},"end":{"line":10,"column":9}}},"3":{"name":"(anonymous_4)","decl":{"start":{"line":11,"column":18},"end":{"line":11,"column":26}},"loc":{"start":{"line":11,"column":33},"end":{"line":17,"column":9}}},"4":{"name":"(anonymous_5)","decl":{"start":{"line":21,"column":18},"end":{"line":21,"column":26}},"loc":{"start":{"line":21,"column":51},"end":{"line":20,"column":20}}},"5":{"name":"(anonymous_6)","decl":{"start":{"line":28,"column":16},"end":{"line":28,"column":24}},"loc":{"start":{"line":28,"column":25},"end":{"line":27,"column":23}}},"6":{"name":"(anonymous_7)","decl":{"start":{"line":36,"column":21},"end":{"line":36,"column":29}},"loc":{"start":{"line":36,"column":30},"end":{"line":38,"column":9}}},"7":{"name":"(anonymous_8)","decl":{"start":{"line":40,"column":19},"end":{"line":40,"column":27}},"loc":{"start":{"line":40,"column":28},"end":{"line":42,"column":9}}},"8":{"name":"(anonymous_9)","decl":{"start":{"line":44,"column":24},"end":{"line":44,"column":32}},"loc":{"start":{"line":44,"column":33},"end":{"line":47,"column":9}}},"9":{"name":"(anonymous_10)","decl":{"start":{"line":49,"column":19},"end":{"line":49,"column":27}},"loc":{"start":{"line":49,"column":33},"end":{"line":51,"column":9}}},"10":{"name":"(anonymous_11)","decl":{"start":{"line":55,"column":13},"end":{"line":55,"column":21}},"loc":{"start":{"line":57,"column":8},"end":{"line":54,"column":21}}}},"branchMap":{"0":{"loc":{"start":{"line":12,"column":12},"end":{"line":16,"column":13}},"type":"if","locations":[{"start":{"line":12,"column":12},"end":{"line":16,"column":13}},{"start":{"line":12,"column":12},"end":{"line":16,"column":13}}]},"1":{"loc":{"start":{"line":29,"column":12},"end":{"line":33,"column":13}},"type":"if","locations":[{"start":{"line":29,"column":12},"end":{"line":33,"column":13}},{"start":{"line":29,"column":12},"end":{"line":33,"column":13}}]}},"s":{"0":1,"1":0,"2":0,"3":0,"4":0,"5":0,"6":0,"7":0,"8":0,"9":0,"10":0,"11":0,"12":0,"13":0,"14":0,"15":0,"16":1,"17":1,"18":1},"f":{"0":2,"1":0,"2":0,"3":0,"4":0,"5":0,"6":0,"7":0,"8":0,"9":0,"10":0},"b":{"0":[0,0],"1":[0,0]}}
,"/Users/justin/Desktop/lifeDynamics/src/common/componentBase.ts": {"path":"/Users/justin/Desktop/lifeDynamics/src/common/componentBase.ts","statementMap":{"0":{"start":{"line":1,"column":13},"end":{"line":1,"column":42}},"1":{"start":{"line":1,"column":42},"end":{"line":1,"column":55}},"2":{"start":{"line":2,"column":17},"end":{"line":7,"column":1}},"3":{"start":{"line":3,"column":12},"end":{"line":3,"column":28}},"4":{"start":{"line":3,"column":33},"end":{"line":3,"column":124}},"5":{"start":{"line":4,"column":4},"end":{"line":5,"column":145}},"6":{"start":{"line":4,"column":79},"end":{"line":4,"column":131}},"7":{"start":{"line":5,"column":4},"end":{"line":5,"column":145}},"8":{"start":{"line":5,"column":53},"end":{"line":5,"column":145}},"9":{"start":{"line":5,"column":76},"end":{"line":5,"column":145}},"10":{"start":{"line":6,"column":4},"end":{"line":6,"column":66}},"11":{"start":{"line":8,"column":17},"end":{"line":10,"column":1}},"12":{"start":{"line":9,"column":4},"end":{"line":9,"column":109}},"13":{"start":{"line":9,"column":79},"end":{"line":9,"column":109}},"14":{"start":{"line":11,"column":0},"end":{"line":11,"column":62}},"15":{"start":{"line":12,"column":26},"end":{"line":12,"column":54}},"16":{"start":{"line":13,"column":20},"end":{"line":49,"column":3}},"17":{"start":{"line":16,"column":4},"end":{"line":25,"column":6}},"18":{"start":{"line":17,"column":20},"end":{"line":17,"column":24}},"19":{"start":{"line":18,"column":8},"end":{"line":24,"column":11}},"20":{"start":{"line":19,"column":12},"end":{"line":21,"column":13}},"21":{"start":{"line":20,"column":16},"end":{"line":20,"column":40}},"22":{"start":{"line":22,"column":12},"end":{"line":22,"column":31}},"23":{"start":{"line":23,"column":12},"end":{"line":23,"column":70}},"24":{"start":{"line":26,"column":4},"end":{"line":27,"column":6}},"25":{"start":{"line":28,"column":4},"end":{"line":31,"column":6}},"26":{"start":{"line":29,"column":8},"end":{"line":29,"column":51}},"27":{"start":{"line":30,"column":8},"end":{"line":30,"column":70}},"28":{"start":{"line":32,"column":4},"end":{"line":35,"column":6}},"29":{"start":{"line":33,"column":8},"end":{"line":33,"column":40}},"30":{"start":{"line":34,"column":8},"end":{"line":34,"column":48}},"31":{"start":{"line":36,"column":4},"end":{"line":43,"column":6}},"32":{"start":{"line":37,"column":8},"end":{"line":37,"column":31}},"33":{"start":{"line":38,"column":22},"end":{"line":38,"column":24}},"34":{"start":{"line":39,"column":8},"end":{"line":41,"column":9}},"35":{"start":{"line":40,"column":12},"end":{"line":40,"column":72}},"36":{"start":{"line":42,"column":8},"end":{"line":42,"column":34}},"37":{"start":{"line":44,"column":4},"end":{"line":47,"column":50}},"38":{"start":{"line":48,"column":4},"end":{"line":48,"column":25}},"39":{"start":{"line":50,"column":0},"end":{"line":50,"column":38}}},"fnMap":{"0":{"name":"(anonymous_0)","decl":{"start":{"line":2,"column":44},"end":{"line":2,"column":45}},"loc":{"start":{"line":2,"column":85},"end":{"line":7,"column":1}},"line":2},"1":{"name":"(anonymous_1)","decl":{"start":{"line":8,"column":44},"end":{"line":8,"column":45}},"loc":{"start":{"line":8,"column":60},"end":{"line":10,"column":1}},"line":8},"2":{"name":"(anonymous_2)","decl":{"start":{"line":13,"column":20},"end":{"line":13,"column":21}},"loc":{"start":{"line":13,"column":32},"end":{"line":49,"column":1}},"line":13},"3":{"name":"ComponentBase","decl":{"start":{"line":14,"column":13},"end":{"line":14,"column":26}},"loc":{"start":{"line":14,"column":29},"end":{"line":15,"column":5}},"line":14},"4":{"name":"(anonymous_4)","decl":{"start":{"line":16,"column":47},"end":{"line":16,"column":48}},"loc":{"start":{"line":16,"column":59},"end":{"line":25,"column":5}},"line":16},"5":{"name":"(anonymous_5)","decl":{"start":{"line":18,"column":33},"end":{"line":18,"column":34}},"loc":{"start":{"line":18,"column":46},"end":{"line":24,"column":9}},"line":18},"6":{"name":"(anonymous_6)","decl":{"start":{"line":26,"column":51},"end":{"line":26,"column":52}},"loc":{"start":{"line":26,"column":70},"end":{"line":27,"column":5}},"line":26},"7":{"name":"(anonymous_7)","decl":{"start":{"line":28,"column":43},"end":{"line":28,"column":44}},"loc":{"start":{"line":28,"column":58},"end":{"line":31,"column":5}},"line":28},"8":{"name":"(anonymous_8)","decl":{"start":{"line":32,"column":48},"end":{"line":32,"column":49}},"loc":{"start":{"line":32,"column":68},"end":{"line":35,"column":5}},"line":32},"9":{"name":"(anonymous_9)","decl":{"start":{"line":36,"column":41},"end":{"line":36,"column":42}},"loc":{"start":{"line":36,"column":65},"end":{"line":43,"column":5}},"line":36}},"branchMap":{"0":{"loc":{"start":{"line":2,"column":17},"end":{"line":7,"column":1}},"type":"binary-expr","locations":[{"start":{"line":2,"column":17},"end":{"line":2,"column":21}},{"start":{"line":2,"column":25},"end":{"line":2,"column":40}},{"start":{"line":2,"column":44},"end":{"line":7,"column":1}}],"line":2},"1":{"loc":{"start":{"line":3,"column":33},"end":{"line":3,"column":124}},"type":"cond-expr","locations":[{"start":{"line":3,"column":41},"end":{"line":3,"column":47}},{"start":{"line":3,"column":50},"end":{"line":3,"column":124}}],"line":3},"2":{"loc":{"start":{"line":3,"column":50},"end":{"line":3,"column":124}},"type":"cond-expr","locations":[{"start":{"line":3,"column":66},"end":{"line":3,"column":117}},{"start":{"line":3,"column":120},"end":{"line":3,"column":124}}],"line":3},"3":{"loc":{"start":{"line":4,"column":4},"end":{"line":5,"column":145}},"type":"if","locations":[{"start":{"line":4,"column":4},"end":{"line":5,"column":145}},{"start":{"line":4,"column":4},"end":{"line":5,"column":145}}],"line":4},"4":{"loc":{"start":{"line":4,"column":8},"end":{"line":4,"column":77}},"type":"binary-expr","locations":[{"start":{"line":4,"column":8},"end":{"line":4,"column":35}},{"start":{"line":4,"column":39},"end":{"line":4,"column":77}}],"line":4},"5":{"loc":{"start":{"line":5,"column":53},"end":{"line":5,"column":145}},"type":"if","locations":[{"start":{"line":5,"column":53},"end":{"line":5,"column":145}},{"start":{"line":5,"column":53},"end":{"line":5,"column":145}}],"line":5},"6":{"loc":{"start":{"line":5,"column":80},"end":{"line":5,"column":144}},"type":"binary-expr","locations":[{"start":{"line":5,"column":81},"end":{"line":5,"column":138}},{"start":{"line":5,"column":143},"end":{"line":5,"column":144}}],"line":5},"7":{"loc":{"start":{"line":5,"column":81},"end":{"line":5,"column":138}},"type":"cond-expr","locations":[{"start":{"line":5,"column":89},"end":{"line":5,"column":93}},{"start":{"line":5,"column":96},"end":{"line":5,"column":138}}],"line":5},"8":{"loc":{"start":{"line":5,"column":96},"end":{"line":5,"column":138}},"type":"cond-expr","locations":[{"start":{"line":5,"column":104},"end":{"line":5,"column":121}},{"start":{"line":5,"column":124},"end":{"line":5,"column":138}}],"line":5},"9":{"loc":{"start":{"line":6,"column":11},"end":{"line":6,"column":62}},"type":"binary-expr","locations":[{"start":{"line":6,"column":11},"end":{"line":6,"column":16}},{"start":{"line":6,"column":20},"end":{"line":6,"column":21}},{"start":{"line":6,"column":25},"end":{"line":6,"column":62}}],"line":6},"10":{"loc":{"start":{"line":8,"column":17},"end":{"line":10,"column":1}},"type":"binary-expr","locations":[{"start":{"line":8,"column":17},"end":{"line":8,"column":21}},{"start":{"line":8,"column":25},"end":{"line":8,"column":40}},{"start":{"line":8,"column":44},"end":{"line":10,"column":1}}],"line":8},"11":{"loc":{"start":{"line":9,"column":4},"end":{"line":9,"column":109}},"type":"if","locations":[{"start":{"line":9,"column":4},"end":{"line":9,"column":109}},{"start":{"line":9,"column":4},"end":{"line":9,"column":109}}],"line":9},"12":{"loc":{"start":{"line":9,"column":8},"end":{"line":9,"column":77}},"type":"binary-expr","locations":[{"start":{"line":9,"column":8},"end":{"line":9,"column":35}},{"start":{"line":9,"column":39},"end":{"line":9,"column":77}}],"line":9},"13":{"loc":{"start":{"line":19,"column":12},"end":{"line":21,"column":13}},"type":"if","locations":[{"start":{"line":19,"column":12},"end":{"line":21,"column":13}},{"start":{"line":19,"column":12},"end":{"line":21,"column":13}}],"line":19},"14":{"loc":{"start":{"line":23,"column":39},"end":{"line":23,"column":68}},"type":"binary-expr","locations":[{"start":{"line":23,"column":39},"end":{"line":23,"column":62}},{"start":{"line":23,"column":66},"end":{"line":23,"column":68}}],"line":23}},"s":{"0":0,"1":0,"2":0,"3":0,"4":0,"5":0,"6":0,"7":0,"8":0,"9":0,"10":0,"11":0,"12":0,"13":0,"14":0,"15":0,"16":0,"17":0,"18":0,"19":0,"20":0,"21":0,"22":0,"23":0,"24":0,"25":0,"26":0,"27":0,"28":0,"29":0,"30":0,"31":0,"32":0,"33":0,"34":0,"35":0,"36":0,"37":0,"38":0,"39":0},"f":{"0":0,"1":0,"2":0,"3":0,"4":0,"5":0,"6":0,"7":0,"8":0,"9":0},"b":{"0":[0,0,0],"1":[0,0],"2":[0,0],"3":[0,0],"4":[0,0],"5":[0,0],"6":[0,0],"7":[0,0],"8":[0,0],"9":[0,0,0],"10":[0,0,0],"11":[0,0],"12":[0,0],"13":[0,0],"14":[0,0]}}
,"/Users/justin/Desktop/lifeDynamics/src/common/draggable.ts": {"path":"/Users/justin/Desktop/lifeDynamics/src/common/draggable.ts","statementMap":{"0":{"start":{"line":1,"column":13},"end":{"line":1,"column":42}},"1":{"start":{"line":1,"column":42},"end":{"line":1,"column":55}},"2":{"start":{"line":2,"column":17},"end":{"line":7,"column":1}},"3":{"start":{"line":3,"column":12},"end":{"line":3,"column":28}},"4":{"start":{"line":3,"column":33},"end":{"line":3,"column":124}},"5":{"start":{"line":4,"column":4},"end":{"line":5,"column":145}},"6":{"start":{"line":4,"column":79},"end":{"line":4,"column":131}},"7":{"start":{"line":5,"column":4},"end":{"line":5,"column":145}},"8":{"start":{"line":5,"column":53},"end":{"line":5,"column":145}},"9":{"start":{"line":5,"column":76},"end":{"line":5,"column":145}},"10":{"start":{"line":6,"column":4},"end":{"line":6,"column":66}},"11":{"start":{"line":8,"column":17},"end":{"line":10,"column":1}},"12":{"start":{"line":9,"column":4},"end":{"line":9,"column":109}},"13":{"start":{"line":9,"column":79},"end":{"line":9,"column":109}},"14":{"start":{"line":11,"column":0},"end":{"line":11,"column":62}},"15":{"start":{"line":12,"column":26},"end":{"line":12,"column":54}},"16":{"start":{"line":13,"column":15},"end":{"line":13,"column":32}},"17":{"start":{"line":14,"column":31},"end":{"line":29,"column":3}},"18":{"start":{"line":16,"column":8},"end":{"line":16,"column":31}},"19":{"start":{"line":18,"column":4},"end":{"line":23,"column":6}},"20":{"start":{"line":19,"column":8},"end":{"line":21,"column":39}},"21":{"start":{"line":24,"column":4},"end":{"line":27,"column":30}},"22":{"start":{"line":28,"column":4},"end":{"line":28,"column":36}},"23":{"start":{"line":30,"column":0},"end":{"line":30,"column":60}}},"fnMap":{"0":{"name":"(anonymous_0)","decl":{"start":{"line":2,"column":44},"end":{"line":2,"column":45}},"loc":{"start":{"line":2,"column":85},"end":{"line":7,"column":1}},"line":2},"1":{"name":"(anonymous_1)","decl":{"start":{"line":8,"column":44},"end":{"line":8,"column":45}},"loc":{"start":{"line":8,"column":60},"end":{"line":10,"column":1}},"line":8},"2":{"name":"(anonymous_2)","decl":{"start":{"line":14,"column":31},"end":{"line":14,"column":32}},"loc":{"start":{"line":14,"column":43},"end":{"line":29,"column":1}},"line":14},"3":{"name":"DraggableCustomAttribute","decl":{"start":{"line":15,"column":13},"end":{"line":15,"column":37}},"loc":{"start":{"line":15,"column":47},"end":{"line":17,"column":5}},"line":15},"4":{"name":"(anonymous_4)","decl":{"start":{"line":18,"column":50},"end":{"line":18,"column":51}},"loc":{"start":{"line":18,"column":62},"end":{"line":23,"column":5}},"line":18}},"branchMap":{"0":{"loc":{"start":{"line":2,"column":17},"end":{"line":7,"column":1}},"type":"binary-expr","locations":[{"start":{"line":2,"column":17},"end":{"line":2,"column":21}},{"start":{"line":2,"column":25},"end":{"line":2,"column":40}},{"start":{"line":2,"column":44},"end":{"line":7,"column":1}}],"line":2},"1":{"loc":{"start":{"line":3,"column":33},"end":{"line":3,"column":124}},"type":"cond-expr","locations":[{"start":{"line":3,"column":41},"end":{"line":3,"column":47}},{"start":{"line":3,"column":50},"end":{"line":3,"column":124}}],"line":3},"2":{"loc":{"start":{"line":3,"column":50},"end":{"line":3,"column":124}},"type":"cond-expr","locations":[{"start":{"line":3,"column":66},"end":{"line":3,"column":117}},{"start":{"line":3,"column":120},"end":{"line":3,"column":124}}],"line":3},"3":{"loc":{"start":{"line":4,"column":4},"end":{"line":5,"column":145}},"type":"if","locations":[{"start":{"line":4,"column":4},"end":{"line":5,"column":145}},{"start":{"line":4,"column":4},"end":{"line":5,"column":145}}],"line":4},"4":{"loc":{"start":{"line":4,"column":8},"end":{"line":4,"column":77}},"type":"binary-expr","locations":[{"start":{"line":4,"column":8},"end":{"line":4,"column":35}},{"start":{"line":4,"column":39},"end":{"line":4,"column":77}}],"line":4},"5":{"loc":{"start":{"line":5,"column":53},"end":{"line":5,"column":145}},"type":"if","locations":[{"start":{"line":5,"column":53},"end":{"line":5,"column":145}},{"start":{"line":5,"column":53},"end":{"line":5,"column":145}}],"line":5},"6":{"loc":{"start":{"line":5,"column":80},"end":{"line":5,"column":144}},"type":"binary-expr","locations":[{"start":{"line":5,"column":81},"end":{"line":5,"column":138}},{"start":{"line":5,"column":143},"end":{"line":5,"column":144}}],"line":5},"7":{"loc":{"start":{"line":5,"column":81},"end":{"line":5,"column":138}},"type":"cond-expr","locations":[{"start":{"line":5,"column":89},"end":{"line":5,"column":93}},{"start":{"line":5,"column":96},"end":{"line":5,"column":138}}],"line":5},"8":{"loc":{"start":{"line":5,"column":96},"end":{"line":5,"column":138}},"type":"cond-expr","locations":[{"start":{"line":5,"column":104},"end":{"line":5,"column":121}},{"start":{"line":5,"column":124},"end":{"line":5,"column":138}}],"line":5},"9":{"loc":{"start":{"line":6,"column":11},"end":{"line":6,"column":62}},"type":"binary-expr","locations":[{"start":{"line":6,"column":11},"end":{"line":6,"column":16}},{"start":{"line":6,"column":20},"end":{"line":6,"column":21}},{"start":{"line":6,"column":25},"end":{"line":6,"column":62}}],"line":6},"10":{"loc":{"start":{"line":8,"column":17},"end":{"line":10,"column":1}},"type":"binary-expr","locations":[{"start":{"line":8,"column":17},"end":{"line":8,"column":21}},{"start":{"line":8,"column":25},"end":{"line":8,"column":40}},{"start":{"line":8,"column":44},"end":{"line":10,"column":1}}],"line":8},"11":{"loc":{"start":{"line":9,"column":4},"end":{"line":9,"column":109}},"type":"if","locations":[{"start":{"line":9,"column":4},"end":{"line":9,"column":109}},{"start":{"line":9,"column":4},"end":{"line":9,"column":109}}],"line":9},"12":{"loc":{"start":{"line":9,"column":8},"end":{"line":9,"column":77}},"type":"binary-expr","locations":[{"start":{"line":9,"column":8},"end":{"line":9,"column":35}},{"start":{"line":9,"column":39},"end":{"line":9,"column":77}}],"line":9}},"s":{"0":0,"1":0,"2":0,"3":0,"4":0,"5":0,"6":0,"7":0,"8":0,"9":0,"10":0,"11":0,"12":0,"13":0,"14":0,"15":0,"16":0,"17":0,"18":0,"19":0,"20":0,"21":0,"22":0,"23":0},"f":{"0":0,"1":0,"2":0,"3":0,"4":0},"b":{"0":[0,0,0],"1":[0,0],"2":[0,0],"3":[0,0],"4":[0,0],"5":[0,0],"6":[0,0],"7":[0,0],"8":[0,0],"9":[0,0,0],"10":[0,0,0],"11":[0,0],"12":[0,0]}}
,"/Users/justin/Desktop/lifeDynamics/src/common/modalWrapper.ts": {"path":"/Users/justin/Desktop/lifeDynamics/src/common/modalWrapper.ts","statementMap":{"0":{"start":{"line":1,"column":13},"end":{"line":1,"column":42}},"1":{"start":{"line":1,"column":42},"end":{"line":1,"column":55}},"2":{"start":{"line":2,"column":16},"end":{"line":11,"column":3}},"3":{"start":{"line":3,"column":24},"end":{"line":5,"column":76}},"4":{"start":{"line":4,"column":59},"end":{"line":4,"column":75}},"5":{"start":{"line":5,"column":21},"end":{"line":5,"column":75}},"6":{"start":{"line":5,"column":38},"end":{"line":5,"column":75}},"7":{"start":{"line":5,"column":63},"end":{"line":5,"column":75}},"8":{"start":{"line":6,"column":4},"end":{"line":10,"column":6}},"9":{"start":{"line":7,"column":8},"end":{"line":7,"column":28}},"10":{"start":{"line":8,"column":23},"end":{"line":8,"column":44}},"11":{"start":{"line":9,"column":8},"end":{"line":9,"column":93}},"12":{"start":{"line":12,"column":17},"end":{"line":17,"column":1}},"13":{"start":{"line":13,"column":12},"end":{"line":13,"column":28}},"14":{"start":{"line":13,"column":33},"end":{"line":13,"column":124}},"15":{"start":{"line":14,"column":4},"end":{"line":15,"column":145}},"16":{"start":{"line":14,"column":79},"end":{"line":14,"column":131}},"17":{"start":{"line":15,"column":4},"end":{"line":15,"column":145}},"18":{"start":{"line":15,"column":53},"end":{"line":15,"column":145}},"19":{"start":{"line":15,"column":76},"end":{"line":15,"column":145}},"20":{"start":{"line":16,"column":4},"end":{"line":16,"column":66}},"21":{"start":{"line":18,"column":17},"end":{"line":20,"column":1}},"22":{"start":{"line":19,"column":4},"end":{"line":19,"column":109}},"23":{"start":{"line":19,"column":79},"end":{"line":19,"column":109}},"24":{"start":{"line":21,"column":0},"end":{"line":21,"column":62}},"25":{"start":{"line":22,"column":22},"end":{"line":22,"column":48}},"26":{"start":{"line":23,"column":26},"end":{"line":23,"column":54}},"27":{"start":{"line":24,"column":15},"end":{"line":24,"column":32}},"28":{"start":{"line":25,"column":9},"end":{"line":25,"column":24}},"29":{"start":{"line":26,"column":19},"end":{"line":65,"column":32}},"30":{"start":{"line":27,"column":4},"end":{"line":27,"column":36}},"31":{"start":{"line":29,"column":8},"end":{"line":29,"column":41}},"32":{"start":{"line":31,"column":4},"end":{"line":34,"column":6}},"33":{"start":{"line":32,"column":8},"end":{"line":32,"column":32}},"34":{"start":{"line":33,"column":8},"end":{"line":33,"column":27}},"35":{"start":{"line":35,"column":4},"end":{"line":40,"column":6}},"36":{"start":{"line":41,"column":4},"end":{"line":53,"column":6}},"37":{"start":{"line":42,"column":8},"end":{"line":42,"column":43}},"38":{"start":{"line":43,"column":8},"end":{"line":49,"column":9}},"39":{"start":{"line":44,"column":12},"end":{"line":47,"column":47}},"40":{"start":{"line":50,"column":8},"end":{"line":52,"column":9}},"41":{"start":{"line":51,"column":12},"end":{"line":51,"column":69}},"42":{"start":{"line":54,"column":4},"end":{"line":56,"column":6}},"43":{"start":{"line":55,"column":8},"end":{"line":55,"column":43}},"44":{"start":{"line":57,"column":4},"end":{"line":58,"column":6}},"45":{"start":{"line":59,"column":4},"end":{"line":62,"column":49}},"46":{"start":{"line":63,"column":4},"end":{"line":63,"column":24}},"47":{"start":{"line":66,"column":0},"end":{"line":66,"column":36}}},"fnMap":{"0":{"name":"(anonymous_0)","decl":{"start":{"line":2,"column":42},"end":{"line":2,"column":43}},"loc":{"start":{"line":2,"column":54},"end":{"line":11,"column":1}},"line":2},"1":{"name":"(anonymous_1)","decl":{"start":{"line":4,"column":42},"end":{"line":4,"column":43}},"loc":{"start":{"line":4,"column":58},"end":{"line":4,"column":76}},"line":4},"2":{"name":"(anonymous_2)","decl":{"start":{"line":5,"column":4},"end":{"line":5,"column":5}},"loc":{"start":{"line":5,"column":20},"end":{"line":5,"column":76}},"line":5},"3":{"name":"(anonymous_3)","decl":{"start":{"line":6,"column":11},"end":{"line":6,"column":12}},"loc":{"start":{"line":6,"column":27},"end":{"line":10,"column":5}},"line":6},"4":{"name":"__","decl":{"start":{"line":8,"column":17},"end":{"line":8,"column":19}},"loc":{"start":{"line":8,"column":22},"end":{"line":8,"column":45}},"line":8},"5":{"name":"(anonymous_5)","decl":{"start":{"line":12,"column":44},"end":{"line":12,"column":45}},"loc":{"start":{"line":12,"column":85},"end":{"line":17,"column":1}},"line":12},"6":{"name":"(anonymous_6)","decl":{"start":{"line":18,"column":44},"end":{"line":18,"column":45}},"loc":{"start":{"line":18,"column":60},"end":{"line":20,"column":1}},"line":18},"7":{"name":"(anonymous_7)","decl":{"start":{"line":26,"column":19},"end":{"line":26,"column":20}},"loc":{"start":{"line":26,"column":37},"end":{"line":65,"column":1}},"line":26},"8":{"name":"ModalWrapper","decl":{"start":{"line":28,"column":13},"end":{"line":28,"column":25}},"loc":{"start":{"line":28,"column":28},"end":{"line":30,"column":5}},"line":28},"9":{"name":"(anonymous_9)","decl":{"start":{"line":31,"column":38},"end":{"line":31,"column":39}},"loc":{"start":{"line":31,"column":50},"end":{"line":34,"column":5}},"line":31},"10":{"name":"(anonymous_10)","decl":{"start":{"line":35,"column":41},"end":{"line":35,"column":42}},"loc":{"start":{"line":35,"column":53},"end":{"line":40,"column":5}},"line":35},"11":{"name":"(anonymous_11)","decl":{"start":{"line":41,"column":50},"end":{"line":41,"column":51}},"loc":{"start":{"line":41,"column":63},"end":{"line":53,"column":5}},"line":41},"12":{"name":"(anonymous_12)","decl":{"start":{"line":54,"column":35},"end":{"line":54,"column":36}},"loc":{"start":{"line":54,"column":47},"end":{"line":56,"column":5}},"line":54},"13":{"name":"(anonymous_13)","decl":{"start":{"line":57,"column":34},"end":{"line":57,"column":35}},"loc":{"start":{"line":57,"column":46},"end":{"line":58,"column":5}},"line":57}},"branchMap":{"0":{"loc":{"start":{"line":2,"column":16},"end":{"line":11,"column":3}},"type":"binary-expr","locations":[{"start":{"line":2,"column":16},"end":{"line":2,"column":20}},{"start":{"line":2,"column":24},"end":{"line":2,"column":38}},{"start":{"line":2,"column":42},"end":{"line":11,"column":3}}],"line":2},"1":{"loc":{"start":{"line":3,"column":24},"end":{"line":5,"column":76}},"type":"binary-expr","locations":[{"start":{"line":3,"column":24},"end":{"line":3,"column":45}},{"start":{"line":4,"column":4},"end":{"line":4,"column":38}},{"start":{"line":4,"column":42},"end":{"line":4,"column":76}},{"start":{"line":5,"column":4},"end":{"line":5,"column":76}}],"line":3},"2":{"loc":{"start":{"line":5,"column":38},"end":{"line":5,"column":75}},"type":"if","locations":[{"start":{"line":5,"column":38},"end":{"line":5,"column":75}},{"start":{"line":5,"column":38},"end":{"line":5,"column":75}}],"line":5},"3":{"loc":{"start":{"line":9,"column":22},"end":{"line":9,"column":92}},"type":"cond-expr","locations":[{"start":{"line":9,"column":35},"end":{"line":9,"column":51}},{"start":{"line":9,"column":55},"end":{"line":9,"column":91}}],"line":9},"4":{"loc":{"start":{"line":12,"column":17},"end":{"line":17,"column":1}},"type":"binary-expr","locations":[{"start":{"line":12,"column":17},"end":{"line":12,"column":21}},{"start":{"line":12,"column":25},"end":{"line":12,"column":40}},{"start":{"line":12,"column":44},"end":{"line":17,"column":1}}],"line":12},"5":{"loc":{"start":{"line":13,"column":33},"end":{"line":13,"column":124}},"type":"cond-expr","locations":[{"start":{"line":13,"column":41},"end":{"line":13,"column":47}},{"start":{"line":13,"column":50},"end":{"line":13,"column":124}}],"line":13},"6":{"loc":{"start":{"line":13,"column":50},"end":{"line":13,"column":124}},"type":"cond-expr","locations":[{"start":{"line":13,"column":66},"end":{"line":13,"column":117}},{"start":{"line":13,"column":120},"end":{"line":13,"column":124}}],"line":13},"7":{"loc":{"start":{"line":14,"column":4},"end":{"line":15,"column":145}},"type":"if","locations":[{"start":{"line":14,"column":4},"end":{"line":15,"column":145}},{"start":{"line":14,"column":4},"end":{"line":15,"column":145}}],"line":14},"8":{"loc":{"start":{"line":14,"column":8},"end":{"line":14,"column":77}},"type":"binary-expr","locations":[{"start":{"line":14,"column":8},"end":{"line":14,"column":35}},{"start":{"line":14,"column":39},"end":{"line":14,"column":77}}],"line":14},"9":{"loc":{"start":{"line":15,"column":53},"end":{"line":15,"column":145}},"type":"if","locations":[{"start":{"line":15,"column":53},"end":{"line":15,"column":145}},{"start":{"line":15,"column":53},"end":{"line":15,"column":145}}],"line":15},"10":{"loc":{"start":{"line":15,"column":80},"end":{"line":15,"column":144}},"type":"binary-expr","locations":[{"start":{"line":15,"column":81},"end":{"line":15,"column":138}},{"start":{"line":15,"column":143},"end":{"line":15,"column":144}}],"line":15},"11":{"loc":{"start":{"line":15,"column":81},"end":{"line":15,"column":138}},"type":"cond-expr","locations":[{"start":{"line":15,"column":89},"end":{"line":15,"column":93}},{"start":{"line":15,"column":96},"end":{"line":15,"column":138}}],"line":15},"12":{"loc":{"start":{"line":15,"column":96},"end":{"line":15,"column":138}},"type":"cond-expr","locations":[{"start":{"line":15,"column":104},"end":{"line":15,"column":121}},{"start":{"line":15,"column":124},"end":{"line":15,"column":138}}],"line":15},"13":{"loc":{"start":{"line":16,"column":11},"end":{"line":16,"column":62}},"type":"binary-expr","locations":[{"start":{"line":16,"column":11},"end":{"line":16,"column":16}},{"start":{"line":16,"column":20},"end":{"line":16,"column":21}},{"start":{"line":16,"column":25},"end":{"line":16,"column":62}}],"line":16},"14":{"loc":{"start":{"line":18,"column":17},"end":{"line":20,"column":1}},"type":"binary-expr","locations":[{"start":{"line":18,"column":17},"end":{"line":18,"column":21}},{"start":{"line":18,"column":25},"end":{"line":18,"column":40}},{"start":{"line":18,"column":44},"end":{"line":20,"column":1}}],"line":18},"15":{"loc":{"start":{"line":19,"column":4},"end":{"line":19,"column":109}},"type":"if","locations":[{"start":{"line":19,"column":4},"end":{"line":19,"column":109}},{"start":{"line":19,"column":4},"end":{"line":19,"column":109}}],"line":19},"16":{"loc":{"start":{"line":19,"column":8},"end":{"line":19,"column":77}},"type":"binary-expr","locations":[{"start":{"line":19,"column":8},"end":{"line":19,"column":35}},{"start":{"line":19,"column":39},"end":{"line":19,"column":77}}],"line":19},"17":{"loc":{"start":{"line":29,"column":15},"end":{"line":29,"column":40}},"type":"binary-expr","locations":[{"start":{"line":29,"column":15},"end":{"line":29,"column":32}},{"start":{"line":29,"column":36},"end":{"line":29,"column":40}}],"line":29},"18":{"loc":{"start":{"line":43,"column":8},"end":{"line":49,"column":9}},"type":"if","locations":[{"start":{"line":43,"column":8},"end":{"line":49,"column":9}},{"start":{"line":43,"column":8},"end":{"line":49,"column":9}}],"line":43},"19":{"loc":{"start":{"line":43,"column":12},"end":{"line":43,"column":22}},"type":"binary-expr","locations":[{"start":{"line":43,"column":12},"end":{"line":43,"column":15}},{"start":{"line":43,"column":19},"end":{"line":43,"column":22}}],"line":43},"20":{"loc":{"start":{"line":50,"column":8},"end":{"line":52,"column":9}},"type":"if","locations":[{"start":{"line":50,"column":8},"end":{"line":52,"column":9}},{"start":{"line":50,"column":8},"end":{"line":52,"column":9}}],"line":50},"21":{"loc":{"start":{"line":61,"column":30},"end":{"line":61,"column":124}},"type":"binary-expr","locations":[{"start":{"line":61,"column":30},"end":{"line":61,"column":108}},{"start":{"line":61,"column":112},"end":{"line":61,"column":114}},{"start":{"line":61,"column":118},"end":{"line":61,"column":124}}],"line":61},"22":{"loc":{"start":{"line":61,"column":44},"end":{"line":61,"column":75}},"type":"binary-expr","locations":[{"start":{"line":61,"column":44},"end":{"line":61,"column":69}},{"start":{"line":61,"column":73},"end":{"line":61,"column":75}}],"line":61}},"s":{"0":0,"1":0,"2":0,"3":0,"4":0,"5":0,"6":0,"7":0,"8":0,"9":0,"10":0,"11":0,"12":0,"13":0,"14":0,"15":0,"16":0,"17":0,"18":0,"19":0,"20":0,"21":0,"22":0,"23":0,"24":0,"25":0,"26":0,"27":0,"28":0,"29":0,"30":0,"31":0,"32":0,"33":0,"34":0,"35":0,"36":0,"37":0,"38":0,"39":0,"40":0,"41":0,"42":0,"43":0,"44":0,"45":0,"46":0,"47":0},"f":{"0":0,"1":0,"2":0,"3":0,"4":0,"5":0,"6":0,"7":0,"8":0,"9":0,"10":0,"11":0,"12":0,"13":0},"b":{"0":[0,0,0],"1":[0,0,0,0],"2":[0,0],"3":[0,0],"4":[0,0,0],"5":[0,0],"6":[0,0],"7":[0,0],"8":[0,0],"9":[0,0],"10":[0,0],"11":[0,0],"12":[0,0],"13":[0,0,0],"14":[0,0,0],"15":[0,0],"16":[0,0],"17":[0,0],"18":[0,0],"19":[0,0],"20":[0,0],"21":[0,0,0],"22":[0,0]}}
,"/Users/justin/Desktop/lifeDynamics/src/common/navbar.ts": {"path":"/Users/justin/Desktop/lifeDynamics/src/common/navbar.ts","statementMap":{"0":{"start":{"line":1,"column":13},"end":{"line":1,"column":42}},"1":{"start":{"line":1,"column":42},"end":{"line":1,"column":55}},"2":{"start":{"line":2,"column":17},"end":{"line":7,"column":1}},"3":{"start":{"line":3,"column":12},"end":{"line":3,"column":28}},"4":{"start":{"line":3,"column":33},"end":{"line":3,"column":124}},"5":{"start":{"line":4,"column":4},"end":{"line":5,"column":145}},"6":{"start":{"line":4,"column":79},"end":{"line":4,"column":131}},"7":{"start":{"line":5,"column":4},"end":{"line":5,"column":145}},"8":{"start":{"line":5,"column":53},"end":{"line":5,"column":145}},"9":{"start":{"line":5,"column":76},"end":{"line":5,"column":145}},"10":{"start":{"line":6,"column":4},"end":{"line":6,"column":66}},"11":{"start":{"line":8,"column":17},"end":{"line":10,"column":1}},"12":{"start":{"line":9,"column":4},"end":{"line":9,"column":109}},"13":{"start":{"line":9,"column":79},"end":{"line":9,"column":109}},"14":{"start":{"line":11,"column":0},"end":{"line":11,"column":62}},"15":{"start":{"line":12,"column":26},"end":{"line":12,"column":54}},"16":{"start":{"line":13,"column":33},"end":{"line":13,"column":68}},"17":{"start":{"line":14,"column":13},"end":{"line":28,"column":3}},"18":{"start":{"line":16,"column":8},"end":{"line":16,"column":30}},"19":{"start":{"line":17,"column":8},"end":{"line":17,"column":34}},"20":{"start":{"line":19,"column":4},"end":{"line":22,"column":40}},"21":{"start":{"line":23,"column":4},"end":{"line":26,"column":12}},"22":{"start":{"line":27,"column":4},"end":{"line":27,"column":18}},"23":{"start":{"line":29,"column":0},"end":{"line":29,"column":24}}},"fnMap":{"0":{"name":"(anonymous_0)","decl":{"start":{"line":2,"column":44},"end":{"line":2,"column":45}},"loc":{"start":{"line":2,"column":85},"end":{"line":7,"column":1}},"line":2},"1":{"name":"(anonymous_1)","decl":{"start":{"line":8,"column":44},"end":{"line":8,"column":45}},"loc":{"start":{"line":8,"column":60},"end":{"line":10,"column":1}},"line":8},"2":{"name":"(anonymous_2)","decl":{"start":{"line":14,"column":13},"end":{"line":14,"column":14}},"loc":{"start":{"line":14,"column":25},"end":{"line":28,"column":1}},"line":14},"3":{"name":"NavBar","decl":{"start":{"line":15,"column":13},"end":{"line":15,"column":19}},"loc":{"start":{"line":15,"column":37},"end":{"line":18,"column":5}},"line":15}},"branchMap":{"0":{"loc":{"start":{"line":2,"column":17},"end":{"line":7,"column":1}},"type":"binary-expr","locations":[{"start":{"line":2,"column":17},"end":{"line":2,"column":21}},{"start":{"line":2,"column":25},"end":{"line":2,"column":40}},{"start":{"line":2,"column":44},"end":{"line":7,"column":1}}],"line":2},"1":{"loc":{"start":{"line":3,"column":33},"end":{"line":3,"column":124}},"type":"cond-expr","locations":[{"start":{"line":3,"column":41},"end":{"line":3,"column":47}},{"start":{"line":3,"column":50},"end":{"line":3,"column":124}}],"line":3},"2":{"loc":{"start":{"line":3,"column":50},"end":{"line":3,"column":124}},"type":"cond-expr","locations":[{"start":{"line":3,"column":66},"end":{"line":3,"column":117}},{"start":{"line":3,"column":120},"end":{"line":3,"column":124}}],"line":3},"3":{"loc":{"start":{"line":4,"column":4},"end":{"line":5,"column":145}},"type":"if","locations":[{"start":{"line":4,"column":4},"end":{"line":5,"column":145}},{"start":{"line":4,"column":4},"end":{"line":5,"column":145}}],"line":4},"4":{"loc":{"start":{"line":4,"column":8},"end":{"line":4,"column":77}},"type":"binary-expr","locations":[{"start":{"line":4,"column":8},"end":{"line":4,"column":35}},{"start":{"line":4,"column":39},"end":{"line":4,"column":77}}],"line":4},"5":{"loc":{"start":{"line":5,"column":53},"end":{"line":5,"column":145}},"type":"if","locations":[{"start":{"line":5,"column":53},"end":{"line":5,"column":145}},{"start":{"line":5,"column":53},"end":{"line":5,"column":145}}],"line":5},"6":{"loc":{"start":{"line":5,"column":80},"end":{"line":5,"column":144}},"type":"binary-expr","locations":[{"start":{"line":5,"column":81},"end":{"line":5,"column":138}},{"start":{"line":5,"column":143},"end":{"line":5,"column":144}}],"line":5},"7":{"loc":{"start":{"line":5,"column":81},"end":{"line":5,"column":138}},"type":"cond-expr","locations":[{"start":{"line":5,"column":89},"end":{"line":5,"column":93}},{"start":{"line":5,"column":96},"end":{"line":5,"column":138}}],"line":5},"8":{"loc":{"start":{"line":5,"column":96},"end":{"line":5,"column":138}},"type":"cond-expr","locations":[{"start":{"line":5,"column":104},"end":{"line":5,"column":121}},{"start":{"line":5,"column":124},"end":{"line":5,"column":138}}],"line":5},"9":{"loc":{"start":{"line":6,"column":11},"end":{"line":6,"column":62}},"type":"binary-expr","locations":[{"start":{"line":6,"column":11},"end":{"line":6,"column":16}},{"start":{"line":6,"column":20},"end":{"line":6,"column":21}},{"start":{"line":6,"column":25},"end":{"line":6,"column":62}}],"line":6},"10":{"loc":{"start":{"line":8,"column":17},"end":{"line":10,"column":1}},"type":"binary-expr","locations":[{"start":{"line":8,"column":17},"end":{"line":8,"column":21}},{"start":{"line":8,"column":25},"end":{"line":8,"column":40}},{"start":{"line":8,"column":44},"end":{"line":10,"column":1}}],"line":8},"11":{"loc":{"start":{"line":9,"column":4},"end":{"line":9,"column":109}},"type":"if","locations":[{"start":{"line":9,"column":4},"end":{"line":9,"column":109}},{"start":{"line":9,"column":4},"end":{"line":9,"column":109}}],"line":9},"12":{"loc":{"start":{"line":9,"column":8},"end":{"line":9,"column":77}},"type":"binary-expr","locations":[{"start":{"line":9,"column":8},"end":{"line":9,"column":35}},{"start":{"line":9,"column":39},"end":{"line":9,"column":77}}],"line":9}},"s":{"0":0,"1":0,"2":0,"3":0,"4":0,"5":0,"6":0,"7":0,"8":0,"9":0,"10":0,"11":0,"12":0,"13":0,"14":0,"15":0,"16":0,"17":0,"18":0,"19":0,"20":0,"21":0,"22":0,"23":0},"f":{"0":0,"1":0,"2":0,"3":0},"b":{"0":[0,0,0],"1":[0,0],"2":[0,0],"3":[0,0],"4":[0,0],"5":[0,0],"6":[0,0],"7":[0,0],"8":[0,0],"9":[0,0,0],"10":[0,0,0],"11":[0,0],"12":[0,0]}}
[...]
1}},"loc":{"start":{"line":98,"column":56},"end":{"line":100,"column":5}},"line":98},"17":{"name":"(anonymous_17)","decl":{"start":{"line":101,"column":39},"end":{"line":101,"column":40}},"loc":{"start":{"line":101,"column":51},"end":{"line":103,"column":5}},"line":101},"18":{"name":"(anonymous_18)","decl":{"start":{"line":104,"column":40},"end":{"line":104,"column":41}},"loc":{"start":{"line":104,"column":52},"end":{"line":106,"column":5}},"line":104},"19":{"name":"(anonymous_19)","decl":{"start":{"line":107,"column":41},"end":{"line":107,"column":42}},"loc":{"start":{"line":107,"column":57},"end":{"line":110,"column":5}},"line":107},"20":{"name":"(anonymous_20)","decl":{"start":{"line":111,"column":37},"end":{"line":111,"column":38}},"loc":{"start":{"line":111,"column":49},"end":{"line":114,"column":5}},"line":111},"21":{"name":"(anonymous_21)","decl":{"start":{"line":115,"column":35},"end":{"line":115,"column":36}},"loc":{"start":{"line":115,"column":47},"end":{"line":118,"column":5}},"line":115},"22":{"name":"(anonymous_22)","decl":{"start":{"line":119,"column":42},"end":{"line":119,"column":43}},"loc":{"start":{"line":119,"column":55},"end":{"line":123,"column":5}},"line":119},"23":{"name":"(anonymous_23)","decl":{"start":{"line":124,"column":42},"end":{"line":124,"column":43}},"loc":{"start":{"line":124,"column":55},"end":{"line":128,"column":5}},"line":124},"24":{"name":"(anonymous_24)","decl":{"start":{"line":129,"column":39},"end":{"line":129,"column":40}},"loc":{"start":{"line":129,"column":51},"end":{"line":130,"column":5}},"line":129},"25":{"name":"(anonymous_25)","decl":{"start":{"line":131,"column":45},"end":{"line":131,"column":46}},"loc":{"start":{"line":131,"column":58},"end":{"line":143,"column":5}},"line":131},"26":{"name":"(anonymous_26)","decl":{"start":{"line":144,"column":45},"end":{"line":144,"column":46}},"loc":{"start":{"line":144,"column":58},"end":{"line":155,"column":5}},"line":144},"27":{"name":"(anonymous_27)","decl":{"start":{"line":156,"column":36},"end":{"line":156,"column":37}},"loc":{"start":{"line":156,"column":52},"end":{"line":175,"column":5}},"line":156},"28":{"name":"(anonymous_28)","decl":{"start":{"line":176,"column":51},"end":{"line":176,"column":52}},"loc":{"start":{"line":176,"column":63},"end":{"line":180,"column":5}},"line":176},"29":{"name":"(anonymous_29)","decl":{"start":{"line":181,"column":51},"end":{"line":181,"column":52}},"loc":{"start":{"line":181,"column":63},"end":{"line":185,"column":5}},"line":181},"30":{"name":"(anonymous_30)","decl":{"start":{"line":186,"column":48},"end":{"line":186,"column":49}},"loc":{"start":{"line":186,"column":60},"end":{"line":192,"column":5}},"line":186},"31":{"name":"(anonymous_31)","decl":{"start":{"line":193,"column":35},"end":{"line":193,"column":36}},"loc":{"start":{"line":193,"column":47},"end":{"line":197,"column":5}},"line":193}},"branchMap":{"0":{"loc":{"start":{"line":2,"column":17},"end":{"line":7,"column":1}},"type":"binary-expr","locations":[{"start":{"line":2,"column":17},"end":{"line":2,"column":21}},{"start":{"line":2,"column":25},"end":{"line":2,"column":40}},{"start":{"line":2,"column":44},"end":{"line":7,"column":1}}],"line":2},"1":{"loc":{"start":{"line":3,"column":33},"end":{"line":3,"column":124}},"type":"cond-expr","locations":[{"start":{"line":3,"column":41},"end":{"line":3,"column":47}},{"start":{"line":3,"column":50},"end":{"line":3,"column":124}}],"line":3},"2":{"loc":{"start":{"line":3,"column":50},"end":{"line":3,"column":124}},"type":"cond-expr","locations":[{"start":{"line":3,"column":66},"end":{"line":3,"column":117}},{"start":{"line":3,"column":120},"end":{"line":3,"column":124}}],"line":3},"3":{"loc":{"start":{"line":4,"column":4},"end":{"line":5,"column":145}},"type":"if","locations":[{"start":{"line":4,"column":4},"end":{"line":5,"column":145}},{"start":{"line":4,"column":4},"end":{"line":5,"column":145}}],"line":4},"4":{"loc":{"start":{"line":4,"column":8},"end":{"line":4,"column":77}},"type":"binary-expr","locations":[{"start":{"line":4,"column":8},"end":{"line":4,"column":35}},{"start":{"line":4,"column":39},"end":{"line":4,"column":77}}],"line":4},"5":{"loc":{"start":{"line":5,"column":53},"end":{"line":5,"column":145}},"type":"if","locations":[{"start":{"line":5,"column":53},"end":{"line":5,"column":145}},{"start":{"line":5,"column":53},"end":{"line":5,"column":145}}],"line":5},"6":{"loc":{"start":{"line":5,"column":80},"end":{"line":5,"column":144}},"type":"binary-expr","locations":[{"start":{"line":5,"column":81},"end":{"line":5,"column":138}},{"start":{"line":5,"column":143},"end":{"line":5,"column":144}}],"line":5},"7":{"loc":{"start":{"line":5,"column":81},"end":{"line":5,"column":138}},"type":"cond-expr","locations":[{"start":{"line":5,"column":89},"end":{"line":5,"column":93}},{"start":{"line":5,"column":96},"end":{"line":5,"column":138}}],"line":5},"8":{"loc":{"start":{"line":5,"column":96},"end":{"line":5,"column":138}},"type":"cond-expr","locations":[{"start":{"line":5,"column":104},"end":{"line":5,"column":121}},{"start":{"line":5,"column":124},"end":{"line":5,"column":138}}],"line":5},"9":{"loc":{"start":{"line":6,"column":11},"end":{"line":6,"column":62}},"type":"binary-expr","locations":[{"start":{"line":6,"column":11},"end":{"line":6,"column":16}},{"start":{"line":6,"column":20},"end":{"line":6,"column":21}},{"start":{"line":6,"column":25},"end":{"line":6,"column":62}}],"line":6},"10":{"loc":{"start":{"line":8,"column":17},"end":{"line":10,"column":1}},"type":"binary-expr","locations":[{"start":{"line":8,"column":17},"end":{"line":8,"column":21}},{"start":{"line":8,"column":25},"end":{"line":8,"column":40}},{"start":{"line":8,"column":44},"end":{"line":10,"column":1}}],"line":8},"11":{"loc":{"start":{"line":9,"column":4},"end":{"line":9,"column":109}},"type":"if","locations":[{"start":{"line":9,"column":4},"end":{"line":9,"column":109}},{"start":{"line":9,"column":4},"end":{"line":9,"column":109}}],"line":9},"12":{"loc":{"start":{"line":9,"column":8},"end":{"line":9,"column":77}},"type":"binary-expr","locations":[{"start":{"line":9,"column":8},"end":{"line":9,"column":35}},{"start":{"line":9,"column":39},"end":{"line":9,"column":77}}],"line":9},"13":{"loc":{"start":{"line":87,"column":12},"end":{"line":94,"column":13}},"type":"if","locations":[{"start":{"line":87,"column":12},"end":{"line":94,"column":13}},{"start":{"line":87,"column":12},"end":{"line":94,"column":13}}],"line":87},"14":{"loc":{"start":{"line":88,"column":16},"end":{"line":90,"column":17}},"type":"if","locations":[{"start":{"line":88,"column":16},"end":{"line":90,"column":17}},{"start":{"line":88,"column":16},"end":{"line":90,"column":17}}],"line":88},"15":{"loc":{"start":{"line":91,"column":16},"end":{"line":93,"column":17}},"type":"if","locations":[{"start":{"line":91,"column":16},"end":{"line":93,"column":17}},{"start":{"line":91,"column":16},"end":{"line":93,"column":17}}],"line":91},"16":{"loc":{"start":{"line":134,"column":8},"end":{"line":141,"column":9}},"type":"if","locations":[{"start":{"line":134,"column":8},"end":{"line":141,"column":9}},{"start":{"line":134,"column":8},"end":{"line":141,"column":9}}],"line":134},"17":{"loc":{"start":{"line":146,"column":8},"end":{"line":153,"column":9}},"type":"if","locations":[{"start":{"line":146,"column":8},"end":{"line":153,"column":9}},{"start":{"line":146,"column":8},"end":{"line":153,"column":9}}],"line":146},"18":{"loc":{"start":{"line":160,"column":8},"end":{"line":173,"column":9}},"type":"if","locations":[{"start":{"line":160,"column":8},"end":{"line":173,"column":9}},{"start":{"line":160,"column":8},"end":{"line":173,"column":9}}],"line":160},"19":{"loc":{"start":{"line":160,"column":12},"end":{"line":160,"column":53}},"type":"binary-expr","locations":[{"start":{"line":160,"column":12},"end":{"line":160,"column":20}},{"start":{"line":160,"column":24},"end":{"line":160,"column":30}},{"start":{"line":160,"column":34},"end":{"line":160,"column":53}}],"line":160},"20":{"loc":{"start":{"line":177,"column":8},"end":{"line":178,"column":90}},"type":"if","locations":[{"start":{"line":177,"column":8},"end":{"line":178,"column":90}},{"start":{"line":177,"column":8},"end":{"line":178,"column":90}}],"line":177},"21":{"loc":{"start":{"line":182,"column":8},"end":{"line":183,"column":90}},"type":"if","locations":[{"start":{"line":182,"column":8},"end":{"line":183,"column":90}},{"start":{"line":182,"column":8},"end":{"line":183,"column":90}}],"line":182},"22":{"loc":{"start":{"line":187,"column":8},"end":{"line":191,"column":88}},"type":"if","locations":[{"start":{"line":187,"column":8},"end":{"line":191,"column":88}},{"start":{"line":187,"column":8},"end":{"line":191,"column":88}}],"line":187},"23":{"loc":{"start":{"line":204,"column":37},"end":{"line":204,"column":193}},"type":"binary-expr","locations":[{"start":{"line":204,"column":37},"end":{"line":204,"column":177}},{"start":{"line":204,"column":181},"end":{"line":204,"column":183}},{"start":{"line":204,"column":187},"end":{"line":204,"column":193}}],"line":204},"24":{"loc":{"start":{"line":204,"column":50},"end":{"line":204,"column":161}},"type":"binary-expr","locations":[{"start":{"line":204,"column":50},"end":{"line":204,"column":115}},{"start":{"line":204,"column":119},"end":{"line":204,"column":161}}],"line":204},"25":{"loc":{"start":{"line":204,"column":195},"end":{"line":204,"column":321}},"type":"binary-expr","locations":[{"start":{"line":204,"column":195},"end":{"line":204,"column":305}},{"start":{"line":204,"column":309},"end":{"line":204,"column":311}},{"start":{"line":204,"column":315},"end":{"line":204,"column":321}}],"line":204},"26":{"loc":{"start":{"line":204,"column":208},"end":{"line":204,"column":289}},"type":"binary-expr","locations":[{"start":{"line":204,"column":208},"end":{"line":204,"column":258}},{"start":{"line":204,"column":262},"end":{"line":204,"column":289}}],"line":204}},"s":{"0":0,"1":0,"2":0,"3":0,"4":0,"5":0,"6":0,"7":0,"8":0,"9":0,"10":0,"11":0,"12":0,"13":0,"14":0,"15":0,"16":0,"17":0,"18":0,"19":0,"20":0,"21":0,"22":0,"23":0,"24":0,"25":0,"26":0,"27":0,"28":0,"29":0,"30":0,"31":0,"32":0,"33":0,"34":0,"35":0,"36":0,"37":0,"38":0,"39":0,"40":0,"41":0,"42":0,"43":0,"44":0,"45":0,"46":0,"47":0,"48":0,"49":0,"50":0,"51":0,"52":0,"53":0,"54":0,"55":0,"56":0,"57":0,"58":0,"59":0,"60":0,"61":0,"62":0,"63":0,"64":0,"65":0,"66":0,"67":0,"68":0,"69":0,"70":0,"71":0,"72":0,"73":0,"74":0,"75":0,"76":0,"77":0,"78":0,"79":0,"80":0,"81":0,"82":0,"83":0,"84":0,"85":0,"86":0,"87":0,"88":0,"89":0,"90":0,"91":0,"92":0,"93":0,"94":0,"95":0,"96":0,"97":0,"98":0,"99":0,"100":0,"101":0,"102":0,"103":0,"104":0,"105":0,"106":0,"107":0,"108":0,"109":0,"110":0,"111":0,"112":0,"113":0,"114":0,"115":0,"116":0,"117":0,"118":0,"119":0,"120":0,"121":0,"122":0,"123":0,"124":0,"125":0,"126":0,"127":0,"128":0,"129":0,"130":0,"131":0,"132":0,"133":0,"134":0,"135":0,"136":0,"137":0,"138":0,"139":0,"140":0,"141":0,"142":0,"143":0,"144":0},"f":{"0":0,"1":0,"2":0,"3":0,"4":0,"5":0,"6":0,"7":0,"8":0,"9":0,"10":0,"11":0,"12":0,"13":0,"14":0,"15":0,"16":0,"17":0,"18":0,"19":0,"20":0,"21":0,"22":0,"23":0,"24":0,"25":0,"26":0,"27":0,"28":0,"29":0,"30":0,"31":0},"b":{"0":[0,0,0],"1":[0,0],"2":[0,0],"3":[0,0],"4":[0,0],"5":[0,0],"6":[0,0],"7":[0,0],"8":[0,0],"9":[0,0,0],"10":[0,0,0],"11":[0,0],"12":[0,0],"13":[0,0],"14":[0,0],"15":[0,0],"16":[0,0],"17":[0,0],"18":[0,0],"19":[0,0,0],"20":[0,0],"21":[0,0],"22":[0,0],"23":[0,0,0],"24":[0,0],"25":[0,0,0],"26":[0,0]}}
,"/Users/justin/Desktop/lifeDynamics/src/graph/graphGenerator.ts": {"path":"/Users/justin/Desktop/lifeDynamics/src/graph/graphGenerator.ts","statementMap":{"0":{"start":{"line":1,"column":13},"end":{"line":1,"column":42}},"1":{"start":{"line":1,"column":42},"end":{"line":1,"column":55}},"2":{"start":{"line":2,"column":0},"end":{"line":2,"column":62}},"3":{"start":{"line":3,"column":21},"end":{"line":9,"column":3}},"4":{"start":{"line":6,"column":4},"end":{"line":7,"column":6}},"5":{"start":{"line":8,"column":4},"end":{"line":8,"column":26}},"6":{"start":{"line":10,"column":0},"end":{"line":10,"column":40}}},"fnMap":{"0":{"name":"(anonymous_0)","decl":{"start":{"line":3,"column":21},"end":{"line":3,"column":22}},"loc":{"start":{"line":3,"column":33},"end":{"line":9,"column":1}},"line":3},"1":{"name":"GraphGenerator","decl":{"start":{"line":4,"column":13},"end":{"line":4,"column":27}},"loc":{"start":{"line":4,"column":30},"end":{"line":5,"column":5}},"line":4},"2":{"name":"(anonymous_2)","decl":{"start":{"line":6,"column":50},"end":{"line":6,"column":51}},"loc":{"start":{"line":6,"column":62},"end":{"line":7,"column":5}},"line":6}},"branchMap":{},"s":{"0":0,"1":0,"2":0,"3":0,"4":0,"5":0,"6":0},"f":{"0":0,"1":0,"2":0},"b":{}}
,"/Users/justin/Desktop/lifeDynamics/src/graph/graphsController.ts": {"path":"/Users/justin/Desktop/lifeDynamics/src/graph/graphsController.ts","statementMap":{"0":{"start":{"line":1,"column":13},"end":{"line":1,"column":42}},"1":{"start":{"line":1,"column":42},"end":{"line":1,"column":55}},"2":{"start":{"line":2,"column":17},"end":{"line":7,"column":1}},"3":{"start":{"line":3,"column":12},"end":{"line":3,"column":28}},"4":{"start":{"line":3,"column":33},"end":{"line":3,"column":124}},"5":{"start":{"line":4,"column":4},"end":{"line":5,"column":145}},"6":{"start":{"line":4,"column":79},"end":{"line":4,"column":131}},"7":{"start":{"line":5,"column":4},"end":{"line":5,"column":145}},"8":{"start":{"line":5,"column":53},"end":{"line":5,"column":145}},"9":{"start":{"line":5,"column":76},"end":{"line":5,"column":145}},"10":{"start":{"line":6,"column":4},"end":{"line":6,"column":66}},"11":{"start":{"line":8,"column":17},"end":{"line":10,"column":1}},"12":{"start":{"line":9,"column":4},"end":{"line":9,"column":109}},"13":{"start":{"line":9,"column":79},"end":{"line":9,"column":109}},"14":{"start":{"line":11,"column":0},"end":{"line":11,"column":62}},"15":{"start":{"line":12,"column":21},"end":{"line":12,"column":46}},"16":{"start":{"line":13,"column":26},"end":{"line":13,"column":54}},"17":{"start":{"line":14,"column":23},"end":{"line":37,"column":3}},"18":{"start":{"line":16,"column":8},"end":{"line":16,"column":21}},"19":{"start":{"line":17,"column":8},"end":{"line":17,"column":32}},"20":{"start":{"line":19,"column":4},"end":{"line":21,"column":6}},"21":{"start":{"line":20,"column":8},"end":{"line":20,"column":28}},"22":{"start":{"line":22,"column":4},"end":{"line":30,"column":6}},"23":{"start":{"line":31,"column":4},"end":{"line":34,"column":22}},"24":{"start":{"line":35,"column":4},"end":{"line":35,"column":28}},"25":{"start":{"line":38,"column":0},"end":{"line":38,"column":44}}},"fnMap":{"0":{"name":"(anonymous_0)","decl":{"start":{"line":2,"column":44},"end":{"line":2,"column":45}},"loc":{"start":{"line":2,"column":85},"end":{"line":7,"column":1}},"line":2},"1":{"name":"(anonymous_1)","decl":{"start":{"line":8,"column":44},"end":{"line":8,"column":45}},"loc":{"start":{"line":8,"column":60},"end":{"line":10,"column":1}},"line":8},"2":{"name":"(anonymous_2)","decl":{"start":{"line":14,"column":23},"end":{"line":14,"column":24}},"loc":{"start":{"line":14,"column":35},"end":{"line":37,"column":1}},"line":14},"3":{"name":"GraphsController","decl":{"start":{"line":15,"column":13},"end":{"line":15,"column":29}},"loc":{"start":{"line":15,"column":34},"end":{"line":18,"column":5}},"line":15},"4":{"name":"(anonymous_4)","decl":{"start":{"line":19,"column":42},"end":{"line":19,"column":43}},"loc":{"start":{"line":19,"column":54},"end":{"line":21,"column":5}},"line":19},"5":{"name":"(anonymous_5)","decl":{"start":{"line":22,"column":46},"end":{"line":22,"column":47}},"loc":{"start":{"line":22,"column":58},"end":{"line":30,"column":5}},"line":22}},"branchMap":{"0":{"loc":{"start":{"line":2,"column":17},"end":{"line":7,"column":1}},"type":"binary-expr","locations":[{"start":{"line":2,"column":17},"end":{"line":2,"column":21}},{"start":{"line":2,"column":25},"end":{"line":2,"column":40}},{"start":{"line":2,"column":44},"end":{"line":7,"column":1}}],"line":2},"1":{"loc":{"start":{"line":3,"column":33},"end":{"line":3,"column":124}},"type":"cond-expr","locations":[{"start":{"line":3,"column":41},"end":{"line":3,"column":47}},{"start":{"line":3,"column":50},"end":{"line":3,"column":124}}],"line":3},"2":{"loc":{"start":{"line":3,"column":50},"end":{"line":3,"column":124}},"type":"cond-expr","locations":[{"start":{"line":3,"column":66},"end":{"line":3,"column":117}},{"start":{"line":3,"column":120},"end":{"line":3,"column":124}}],"line":3},"3":{"loc":{"start":{"line":4,"column":4},"end":{"line":5,"column":145}},"type":"if","locations":[{"start":{"line":4,"column":4},"end":{"line":5,"column":145}},{"start":{"line":4,"column":4},"end":{"line":5,"column":145}}],"line":4},"4":{"loc":{"start":{"line":4,"column":8},"end":{"line":4,"column":77}},"type":"binary-expr","locations":[{"start":{"line":4,"column":8},"end":{"line":4,"column":35}},{"start":{"line":4,"column":39},"end":{"line":4,"column":77}}],"line":4},"5":{"loc":{"start":{"line":5,"column":53},"end":{"line":5,"column":145}},"type":"if","locations":[{"start":{"line":5,"column":53},"end":{"line":5,"column":145}},{"start":{"line":5,"column":53},"end":{"line":5,"column":145}}],"line":5},"6":{"loc":{"start":{"line":5,"column":80},"end":{"line":5,"column":144}},"type":"binary-expr","locations":[{"start":{"line":5,"column":81},"end":{"line":5,"column":138}},{"start":{"line":5,"column":143},"end":{"line":5,"column":144}}],"line":5},"7":{"loc":{"start":{"line":5,"column":81},"end":{"line":5,"column":138}},"type":"cond-expr","locations":[{"start":{"line":5,"column":89},"end":{"line":5,"column":93}},{"start":{"line":5,"column":96},"end":{"line":5,"column":138}}],"line":5},"8":{"loc":{"start":{"line":5,"column":96},"end":{"line":5,"column":138}},"type":"cond-expr","locations":[{"start":{"line":5,"column":104},"end":{"line":5,"column":121}},{"start":{"line":5,"column":124},"end":{"line":5,"column":138}}],"line":5},"9":{"loc":{"start":{"line":6,"column":11},"end":{"line":6,"column":62}},"type":"binary-expr","locations":[{"start":{"line":6,"column":11},"end":{"line":6,"column":16}},{"start":{"line":6,"column":20},"end":{"line":6,"column":21}},{"start":{"line":6,"column":25},"end":{"line":6,"column":62}}],"line":6},"10":{"loc":{"start":{"line":8,"column":17},"end":{"line":10,"column":1}},"type":"binary-expr","locations":[{"start":{"line":8,"column":17},"end":{"line":8,"column":21}},{"start":{"line":8,"column":25},"end":{"line":8,"column":40}},{"start":{"line":8,"column":44},"end":{"line":10,"column":1}}],"line":8},"11":{"loc":{"start":{"line":9,"column":4},"end":{"line":9,"column":109}},"type":"if","locations":[{"start":{"line":9,"column":4},"end":{"line":9,"column":109}},{"start":{"line":9,"column":4},"end":{"line":9,"column":109}}],"line":9},"12":{"loc":{"start":{"line":9,"column":8},"end":{"line":9,"column":77}},"type":"binary-expr","locations":[{"start":{"line":9,"column":8},"end":{"line":9,"column":35}},{"start":{"line":9,"column":39},"end":{"line":9,"column":77}}],"line":9},"13":{"loc":{"start":{"line":33,"column":37},"end":{"line":33,"column":163}},"type":"binary-expr","locations":[{"start":{"line":33,"column":37},"end":{"line":33,"column":147}},{"start":{"line":33,"column":151},"end":{"line":33,"column":153}},{"start":{"line":33,"column":157},"end":{"line":33,"column":163}}],"line":33},"14":{"loc":{"start":{"line":33,"column":50},"end":{"line":33,"column":131}},"type":"binary-expr","locations":[{"start":{"line":33,"column":50},"end":{"line":33,"column":100}},{"start":{"line":33,"column":104},"end":{"line":33,"column":131}}],"line":33}},"s":{"0":0,"1":0,"2":0,"3":0,"4":0,"5":0,"6":0,"7":0,"8":0,"9":0,"10":0,"11":0,"12":0,"13":0,"14":0,"15":0,"16":0,"17":0,"18":0,"19":0,"20":0,"21":0,"22":0,"23":0,"24":0,"25":0},"f":{"0":0,"1":0,"2":0,"3":0,"4":0,"5":0},"b":{"0":[0,0,0],"1":[0,0],"2":[0,0],"3":[0,0],"4":[0,0],"5":[0,0],"6":[0,0],"7":[0,0],"8":[0,0],"9":[0,0,0],"10":[0,0,0],"11":[0,0],"12":[0,0],"13":[0,0,0],"14":[0,0]}}
}
