TN:
SF:/Users/justin/Desktop/lifeDynamics/src/app.ts
FN:2,(anonymous_0)
FN:8,(anonymous_1)
FN:19,(anonymous_2)
FN:20,App
FN:25,(anonymous_4)
FN:30,(anonymous_5)
FN:31,(anonymous_6)
FN:35,(anonymous_7)
FNF:8
FNH:0
FNDA:0,(anonymous_0)
FNDA:0,(anonymous_1)
FNDA:0,(anonymous_2)
FNDA:0,App
FNDA:0,(anonymous_4)
FNDA:0,(anonymous_5)
FNDA:0,(anonymous_6)
FNDA:0,(anonymous_7)
DA:1,0
DA:2,0
DA:3,0
DA:4,0
DA:5,0
DA:6,0
DA:8,0
DA:9,0
DA:11,0
DA:12,0
DA:13,0
DA:14,0
DA:15,0
DA:16,0
DA:17,0
DA:18,0
DA:19,0
DA:21,0
DA:22,0
DA:23,0
DA:25,0
DA:26,0
DA:27,0
DA:28,0
DA:29,0
DA:30,0
DA:31,0
DA:32,0
DA:35,0
DA:36,0
DA:37,0
DA:40,0
DA:42,0
DA:46,0
DA:49,0
LF:35
LH:0
BRDA:2,0,0,0
BRDA:2,0,1,0
BRDA:2,0,2,0
BRDA:3,1,0,0
BRDA:3,1,1,0
BRDA:3,2,0,0
BRDA:3,2,1,0
BRDA:4,3,0,0
BRDA:4,3,1,0
BRDA:4,4,0,0
BRDA:4,4,1,0
BRDA:5,5,0,0
BRDA:5,5,1,0
BRDA:5,6,0,0
BRDA:5,6,1,0
BRDA:5,7,0,0
BRDA:5,7,1,0
BRDA:5,8,0,0
BRDA:5,8,1,0
BRDA:6,9,0,0
BRDA:6,9,1,0
BRDA:6,9,2,0
BRDA:8,10,0,0
BRDA:8,10,1,0
BRDA:8,10,2,0
BRDA:9,11,0,0
BRDA:9,11,1,0
BRDA:9,12,0,0
BRDA:9,12,1,0
BRDA:44,13,0,0
BRDA:44,13,1,0
BRDA:44,13,2,0
BRDA:44,14,0,0
BRDA:44,14,1,0
BRF:34
BRH:0
end_of_record
TN:
SF:/Users/justin/Desktop/lifeDynamics/src/graphManipulationFunctions.ts
FN:6,deleteNode
FN:8,(anonymous_2)
FN:11,(anonymous_3)
FN:14,(anonymous_4)
FN:17,(anonymous_5)
FN:17,(anonymous_6)
FN:29,addNewNode
FN:43,createBaseNodeData
FN:55,nodePropertySet
FN:65,shareEdge
FN:66,(anonymous_11)
FN:75,addNewEdge
FN:89,getNewNodeId
FN:93,getNewEdgeId
FN:97,updateOutNodes
FN:105,addLinkFunction
FN:114,updateEdge
FNF:17
FNH:3
FNDA:0,deleteNode
FNDA:0,(anonymous_2)
FNDA:0,(anonymous_3)
FNDA:0,(anonymous_4)
FNDA:0,(anonymous_5)
FNDA:0,(anonymous_6)
FNDA:1,addNewNode
FNDA:1,createBaseNodeData
FNDA:0,nodePropertySet
FNDA:0,shareEdge
FNDA:0,(anonymous_11)
FNDA:0,addNewEdge
FNDA:1,getNewNodeId
FNDA:0,getNewEdgeId
FNDA:0,updateOutNodes
FNDA:0,addLinkFunction
FNDA:0,updateEdge
DA:1,1
DA:7,0
DA:8,0
DA:10,0
DA:11,0
DA:13,0
DA:14,0
DA:16,0
DA:17,0
DA:19,0
DA:21,0
DA:31,1
DA:34,1
DA:36,1
DA:56,0
DA:57,0
DA:58,0
DA:59,0
DA:60,0
DA:65,0
DA:66,0
DA:67,0
DA:68,0
DA:69,0
DA:70,0
DA:76,0
DA:78,0
DA:79,0
DA:81,0
DA:90,1
DA:94,0
DA:98,0
DA:99,0
DA:100,0
DA:101,0
DA:102,0
DA:106,0
DA:107,0
DA:108,0
DA:109,0
DA:110,0
DA:115,0
DA:116,0
DA:117,0
DA:118,0
DA:119,0
DA:120,0
DA:121,0
DA:122,0
DA:123,0
DA:126,1
LF:51
LH:6
BRDA:14,0,0,0
BRDA:14,0,1,0
BRDA:69,1,0,0
BRDA:69,1,1,0
BRDA:69,2,0,0
BRDA:69,2,1,0
BRDA:69,2,2,0
BRDA:69,2,3,0
BRDA:76,3,0,0
BRDA:76,3,1,0
BRF:10
BRH:0
end_of_record
TN:
SF:/Users/justin/Desktop/lifeDynamics/src/graphReducer.ts
FN:7,(anonymous_1)
FN:11,(anonymous_2)
FN:15,(anonymous_3)
FN:22,graphReducer
FNF:4
FNH:2
FNDA:0,(anonymous_1)
FNDA:0,(anonymous_2)
FNDA:1,(anonymous_3)
FNDA:1,graphReducer
DA:1,1
DA:2,1
DA:8,0
DA:12,0
DA:16,1
DA:22,1
DA:25,0
DA:28,0
DA:31,1
DA:34,0
DA:37,0
DA:40,0
DA:43,0
DA:44,0
DA:47,0
DA:50,0
DA:53,0
DA:57,0
DA:66,1
LF:19
LH:6
BRDA:8,0,0,0
BRDA:8,0,1,0
BRDA:22,1,0,0
BRDA:22,1,1,1
BRDA:24,2,0,0
BRDA:24,2,1,0
BRDA:24,2,2,1
BRDA:24,2,3,0
BRDA:24,2,4,0
BRDA:24,2,5,0
BRDA:24,2,6,0
BRDA:24,2,7,0
BRDA:24,2,8,0
BRDA:24,2,9,0
BRDA:24,2,10,0
BRF:15
BRH:2
end_of_record
TN:
SF:/Users/justin/Desktop/lifeDynamics/src/main.ts
FN:2,(anonymous_0)
FN:3,(anonymous_1)
FN:4,fulfilled
FN:5,rejected
FN:6,step
FN:6,(anonymous_5)
FN:10,(anonymous_6)
FN:11,(anonymous_7)
FN:12,(anonymous_8)
FN:13,verb
FN:13,(anonymous_10)
FN:14,step
FN:67,configure
FN:68,(anonymous_13)
FN:69,(anonymous_14)
FNF:15
FNH:0
FNDA:0,(anonymous_0)
FNDA:0,(anonymous_1)
FNDA:0,fulfilled
FNDA:0,rejected
FNDA:0,step
FNDA:0,(anonymous_5)
FNDA:0,(anonymous_6)
FNDA:0,(anonymous_7)
FNDA:0,(anonymous_8)
FNDA:0,verb
FNDA:0,(anonymous_10)
FNDA:0,step
FNDA:0,configure
FNDA:0,(anonymous_13)
FNDA:0,(anonymous_14)
DA:1,0
DA:2,0
DA:3,0
DA:4,0
DA:5,0
DA:6,0
DA:7,0
DA:10,0
DA:11,0
DA:12,0
DA:13,0
DA:15,0
DA:16,0
DA:17,0
DA:18,0
DA:19,0
DA:20,0
DA:21,0
DA:22,0
DA:23,0
DA:25,0
DA:26,0
DA:27,0
DA:28,0
DA:29,0
DA:30,0
DA:32,0
DA:33,0
DA:34,0
DA:37,0
DA:40,0
DA:41,0
DA:42,0
DA:43,0
DA:44,0
DA:48,0
DA:49,0
DA:50,0
DA:52,0
DA:53,0
DA:54,0
DA:55,0
DA:57,0
DA:65,0
DA:68,0
DA:69,0
DA:70,0
DA:72,0
DA:75,0
DA:76,0
DA:77,0
DA:78,0
DA:80,0
DA:83,0
DA:84,0
DA:86,0
DA:87,0
DA:92,0
LF:58
LH:0
BRDA:2,0,0,0
BRDA:2,0,1,0
BRDA:2,0,2,0
BRDA:3,1,0,0
BRDA:3,1,1,0
BRDA:6,2,0,0
BRDA:6,2,1,0
BRDA:7,3,0,0
BRDA:7,3,1,0
BRDA:10,4,0,0
BRDA:10,4,1,0
BRDA:10,4,2,0
BRDA:11,5,0,0
BRDA:11,5,1,0
BRDA:12,6,0,0
BRDA:12,6,1,0
BRDA:15,7,0,0
BRDA:15,7,1,0
BRDA:17,8,0,0
BRDA:17,8,1,0
BRDA:17,9,0,0
BRDA:17,9,1,0
BRDA:17,9,2,0
BRDA:17,10,0,0
BRDA:17,10,1,0
BRDA:17,11,0,0
BRDA:17,11,1,0
BRDA:18,12,0,0
BRDA:18,12,1,0
BRDA:19,13,0,0
BRDA:19,13,1,0
BRDA:19,13,2,0
BRDA:19,13,3,0
BRDA:19,13,4,0
BRDA:19,13,5,0
BRDA:25,14,0,0
BRDA:25,14,1,0
BRDA:25,15,0,0
BRDA:25,15,1,0
BRDA:25,15,2,0
BRDA:25,16,0,0
BRDA:25,16,1,0
BRDA:26,17,0,0
BRDA:26,17,1,0
BRDA:26,18,0,0
BRDA:26,18,1,0
BRDA:26,18,2,0
BRDA:26,18,3,0
BRDA:27,19,0,0
BRDA:27,19,1,0
BRDA:27,20,0,0
BRDA:27,20,1,0
BRDA:28,21,0,0
BRDA:28,21,1,0
BRDA:28,22,0,0
BRDA:28,22,1,0
BRDA:29,23,0,0
BRDA:29,23,1,0
BRDA:34,24,0,0
BRDA:34,24,1,0
BRDA:34,25,0,0
BRDA:34,25,1,0
BRDA:70,26,0,0
BRDA:70,26,1,0
BRDA:70,26,2,0
BRF:65
BRH:0
end_of_record
TN:
SF:/Users/justin/Desktop/lifeDynamics/src/simulationFunctions.ts
FN:5,(anonymous_1)
FN:8,(anonymous_2)
FN:11,(anonymous_3)
FN:21,(anonymous_4)
FN:27,(anonymous_5)
FN:32,(anonymous_6)
FN:41,(anonymous_7)
FN:74,(anonymous_8)
FNF:8
FNH:0
FNDA:0,(anonymous_1)
FNDA:0,(anonymous_2)
FNDA:0,(anonymous_3)
FNDA:0,(anonymous_4)
FNDA:0,(anonymous_5)
FNDA:0,(anonymous_6)
FNDA:0,(anonymous_7)
FNDA:0,(anonymous_8)
DA:6,0
DA:9,0
DA:12,0
DA:13,0
DA:15,0
DA:22,0
DA:28,0
DA:33,0
DA:34,0
DA:35,0
DA:36,0
DA:42,0
DA:88,1
LF:13
LH:1
BRDA:12,0,0,0
BRDA:12,0,1,0
BRDA:29,1,0,0
BRDA:29,1,1,0
BRF:4
BRH:0
end_of_record
TN:
SF:/Users/justin/Desktop/lifeDynamics/src/state.ts
FNF:0
FNH:0
DA:1190,1
LF:1
LH:1
BRF:0
BRH:0
end_of_record
TN:
SF:/Users/justin/Desktop/lifeDynamics/src/traversalFunctions.ts
FN:6,traverseCycles
FN:14,(anonymous_2)
FN:34,breadthTraverse
FN:38,(anonymous_4)
FN:42,(anonymous_5)
FN:64,linkSources
FN:66,(anonymous_7)
FN:69,(anonymous_8)
FN:94,linkSource
FN:96,(anonymous_10)
FN:120,linkTarget
FN:122,(anonymous_12)
FN:144,applyStepFunction
FN:145,(anonymous_14)
FN:155,applyDisplayFunctions
FN:161,(anonymous_16)
FN:166,(anonymous_17)
FN:182,getSources
FN:183,(anonymous_19)
FN:186,getOutNodes
FN:188,(anonymous_21)
FN:191,(anonymous_22)
FN:194,(anonymous_23)
FN:199,getEdge
FN:200,(anonymous_25)
FN:201,(anonymous_26)
FN:202,(anonymous_27)
FNF:27
FNH:0
FNDA:0,traverseCycles
FNDA:0,(anonymous_2)
FNDA:0,breadthTraverse
FNDA:0,(anonymous_4)
FNDA:0,(anonymous_5)
FNDA:0,linkSources
FNDA:0,(anonymous_7)
FNDA:0,(anonymous_8)
FNDA:0,linkSource
FNDA:0,(anonymous_10)
FNDA:0,linkTarget
FNDA:0,(anonymous_12)
FNDA:0,applyStepFunction
FNDA:0,(anonymous_14)
FNDA:0,applyDisplayFunctions
FNDA:0,(anonymous_16)
FNDA:0,(anonymous_17)
FNDA:0,getSources
FNDA:0,(anonymous_19)
FNDA:0,getOutNodes
FNDA:0,(anonymous_21)
FNDA:0,(anonymous_22)
FNDA:0,(anonymous_23)
FNDA:0,getEdge
FNDA:0,(anonymous_25)
FNDA:0,(anonymous_26)
FNDA:0,(anonymous_27)
DA:1,1
DA:2,1
DA:6,0
DA:7,0
DA:8,0
DA:9,0
DA:11,0
DA:12,0
DA:13,0
DA:14,0
DA:15,0
DA:17,0
DA:18,0
DA:19,0
DA:22,0
DA:24,0
DA:34,0
DA:38,0
DA:39,0
DA:42,0
DA:43,0
DA:50,0
DA:52,0
DA:53,0
DA:55,0
DA:66,0
DA:67,0
DA:69,0
DA:78,0
DA:96,0
DA:99,0
DA:101,0
DA:102,0
DA:122,0
DA:123,0
DA:127,0
DA:129,0
DA:145,0
DA:146,0
DA:147,0
DA:148,0
DA:149,0
DA:152,0
DA:156,0
DA:159,0
DA:161,0
DA:163,0
DA:166,0
DA:167,0
DA:168,0
DA:169,0
DA:172,0
DA:177,0
DA:183,0
DA:187,0
DA:189,0
DA:192,0
DA:195,0
DA:200,0
DA:201,0
DA:202,0
DA:206,1
LF:62
LH:3
BRDA:6,0,0,0
BRDA:6,0,1,0
BRDA:34,1,0,0
BRDA:34,1,1,0
BRDA:52,2,0,0
BRDA:52,2,1,0
BRDA:69,3,0,0
BRDA:69,3,1,0
BRDA:69,4,0,0
BRDA:69,4,1,0
BRDA:69,4,2,0
BRDA:127,5,0,0
BRDA:127,5,1,0
BRDA:127,6,0,0
BRDA:127,6,1,0
BRF:15
BRH:0
end_of_record
TN:
SF:/Users/justin/Desktop/lifeDynamics/src/utilities.ts
FN:1,ArrayById
FN:2,(anonymous_2)
FN:5,ArrayToObject
FN:6,(anonymous_4)
FNF:4
FNH:0
FNDA:0,ArrayById
FNDA:0,(anonymous_2)
FNDA:0,ArrayToObject
FNDA:0,(anonymous_4)
DA:2,0
DA:6,0
DA:7,0
DA:11,1
LF:4
LH:1
BRF:0
BRH:0
end_of_record
TN:
SF:/Users/justin/Desktop/lifeDynamics/src/common/componentBase.ts
FN:2,(anonymous_0)
FN:8,(anonymous_1)
FN:13,(anonymous_2)
FN:14,ComponentBase
FN:16,(anonymous_4)
FN:18,(anonymous_5)
FN:26,(anonymous_6)
FN:28,(anonymous_7)
FN:32,(anonymous_8)
FN:36,(anonymous_9)
FNF:10
FNH:0
FNDA:0,(anonymous_0)
FNDA:0,(anonymous_1)
FNDA:0,(anonymous_2)
FNDA:0,ComponentBase
FNDA:0,(anonymous_4)
FNDA:0,(anonymous_5)
FNDA:0,(anonymous_6)
FNDA:0,(anonymous_7)
FNDA:0,(anonymous_8)
FNDA:0,(anonymous_9)
DA:1,0
DA:2,0
DA:3,0
DA:4,0
DA:5,0
DA:6,0
DA:8,0
DA:9,0
DA:11,0
DA:12,0
DA:13,0
DA:16,0
DA:17,0
DA:18,0
DA:19,0
DA:20,0
DA:22,0
DA:23,0
DA:26,0
DA:28,0
DA:29,0
DA:30,0
DA:32,0
DA:33,0
DA:34,0
DA:36,0
DA:37,0
DA:38,0
DA:39,0
DA:40,0
DA:42,0
DA:44,0
DA:48,0
DA:50,0
LF:34
LH:0
BRDA:2,0,0,0
BRDA:2,0,1,0
BRDA:2,0,2,0
BRDA:3,1,0,0
BRDA:3,1,1,0
BRDA:3,2,0,0
BRDA:3,2,1,0
BRDA:4,3,0,0
BRDA:4,3,1,0
BRDA:4,4,0,0
BRDA:4,4,1,0
BRDA:5,5,0,0
BRDA:5,5,1,0
BRDA:5,6,0,0
BRDA:5,6,1,0
BRDA:5,7,0,0
BRDA:5,7,1,0
BRDA:5,8,0,0
BRDA:5,8,1,0
BRDA:6,9,0,0
BRDA:6,9,1,0
BRDA:6,9,2,0
BRDA:8,10,0,0
BRDA:8,10,1,0
BRDA:8,10,2,0
BRDA:9,11,0,0
BRDA:9,11,1,0
BRDA:9,12,0,0
BRDA:9,12,1,0
BRDA:19,13,0,0
BRDA:19,13,1,0
BRDA:23,14,0,0
BRDA:23,14,1,0
BRF:33
BRH:0
end_of_record
TN:
SF:/Users/justin/Desktop/lifeDynamics/src/common/draggable.ts
FN:2,(anonymous_0)
FN:8,(anonymous_1)
FN:14,(anonymous_2)
FN:15,DraggableCustomAttribute
FN:18,(anonymous_4)
FNF:5
FNH:0
FNDA:0,(anonymous_0)
FNDA:0,(anonymous_1)
FNDA:0,(anonymous_2)
FNDA:0,DraggableCustomAttribute
FNDA:0,(anonymous_4)
DA:1,0
DA:2,0
DA:3,0
DA:4,0
DA:5,0
DA:6,0
DA:8,0
DA:9,0
DA:11,0
DA:12,0
DA:13,0
DA:14,0
DA:16,0
DA:18,0
DA:19,0
DA:24,0
DA:28,0
DA:30,0
LF:18
LH:0
BRDA:2,0,0,0
BRDA:2,0,1,0
BRDA:2,0,2,0
BRDA:3,1,0,0
BRDA:3,1,1,0
BRDA:3,2,0,0
BRDA:3,2,1,0
BRDA:4,3,0,0
BRDA:4,3,1,0
BRDA:4,4,0,0
BRDA:4,4,1,0
BRDA:5,5,0,0
BRDA:5,5,1,0
BRDA:5,6,0,0
BRDA:5,6,1,0
BRDA:5,7,0,0
BRDA:5,7,1,0
BRDA:5,8,0,0
BRDA:5,8,1,0
BRDA:6,9,0,0
BRDA:6,9,1,0
BRDA:6,9,2,0
BRDA:8,10,0,0
BRDA:8,10,1,0
BRDA:8,10,2,0
BRDA:9,11,0,0
BRDA:9,11,1,0
BRDA:9,12,0,0
BRDA:9,12,1,0
BRF:29
BRH:0
end_of_record
TN:
SF:/Users/justin/Desktop/lifeDynamics/src/common/modalWrapper.ts
FN:2,(anonymous_0)
FN:4,(anonymous_1)
FN:5,(anonymous_2)
FN:6,(anonymous_3)
FN:8,__
FN:12,(anonymous_5)
FN:18,(anonymous_6)
FN:26,(anonymous_7)
FN:28,ModalWrapper
FN:31,(anonymous_9)
FN:35,(anonymous_10)
FN:41,(anonymous_11)
FN:52,(anonymous_12)
FN:55,(anonymous_13)
FNF:14
FNH:0
FNDA:0,(anonymous_0)
FNDA:0,(anonymous_1)
FNDA:0,(anonymous_2)
FNDA:0,(anonymous_3)
FNDA:0,__
FNDA:0,(anonymous_5)
FNDA:0,(anonymous_6)
FNDA:0,(anonymous_7)
FNDA:0,ModalWrapper
FNDA:0,(anonymous_9)
FNDA:0,(anonymous_10)
FNDA:0,(anonymous_11)
FNDA:0,(anonymous_12)
FNDA:0,(anonymous_13)
DA:1,0
DA:2,0
DA:3,0
DA:4,0
DA:5,0
DA:6,0
DA:7,0
DA:8,0
DA:9,0
DA:12,0
DA:13,0
DA:14,0
DA:15,0
DA:16,0
DA:18,0
DA:19,0
DA:21,0
DA:22,0
DA:23,0
DA:24,0
DA:25,0
DA:26,0
DA:27,0
DA:29,0
DA:31,0
DA:32,0
DA:33,0
DA:35,0
DA:41,0
DA:42,0
DA:43,0
DA:49,0
DA:52,0
DA:53,0
DA:55,0
DA:57,0
DA:61,0
DA:64,0
LF:38
LH:0
BRDA:2,0,0,0
BRDA:2,0,1,0
BRDA:2,0,2,0
BRDA:3,1,0,0
BRDA:3,1,1,0
BRDA:3,1,2,0
BRDA:3,1,3,0
BRDA:5,2,0,0
BRDA:5,2,1,0
BRDA:9,3,0,0
BRDA:9,3,1,0
BRDA:12,4,0,0
BRDA:12,4,1,0
BRDA:12,4,2,0
BRDA:13,5,0,0
BRDA:13,5,1,0
BRDA:13,6,0,0
BRDA:13,6,1,0
BRDA:14,7,0,0
BRDA:14,7,1,0
BRDA:14,8,0,0
BRDA:14,8,1,0
BRDA:15,9,0,0
BRDA:15,9,1,0
BRDA:15,10,0,0
BRDA:15,10,1,0
BRDA:15,11,0,0
BRDA:15,11,1,0
BRDA:15,12,0,0
BRDA:15,12,1,0
BRDA:16,13,0,0
BRDA:16,13,1,0
BRDA:16,13,2,0
BRDA:18,14,0,0
BRDA:18,14,1,0
BRDA:18,14,2,0
BRDA:19,15,0,0
BRDA:19,15,1,0
BRDA:19,16,0,0
BRDA:19,16,1,0
BRDA:29,17,0,0
BRDA:29,17,1,0
BRDA:42,18,0,0
BRDA:42,18,1,0
BRDA:42,19,0,0
BRDA:42,19,1,0
BRDA:49,20,0,0
BRDA:49,20,1,0
BRDA:59,21,0,0
BRDA:59,21,1,0
BRDA:59,21,2,0
BRDA:59,22,0,0
BRDA:59,22,1,0
BRF:53
BRH:0
end_of_record
TN:
SF:/Users/justin/Desktop/lifeDynamics/src/common/navbar.ts
FN:2,(anonymous_0)
FN:8,(anonymous_1)
FN:14,(anonymous_2)
FN:15,NavBar
FN:18,(anonymous_4)
FN:21,(anonymous_5)
FNF:6
FNH:0
FNDA:0,(anonymous_0)
FNDA:0,(anonymous_1)
FNDA:0,(anonymous_2)
FNDA:0,NavBar
FNDA:0,(anonymous_4)
FNDA:0,(anonymous_5)
DA:1,0
DA:2,0
DA:3,0
DA:4,0
DA:5,0
DA:6,0
DA:8,0
DA:9,0
DA:11,0
DA:12,0
DA:13,0
DA:14,0
DA:16,0
DA:18,0
DA:19,0
DA:21,0
DA:22,0
DA:24,0
DA:28,0
DA:32,0
DA:35,0
LF:21
LH:0
BRDA:2,0,0,0
BRDA:2,0,1,0
BRDA:2,0,2,0
BRDA:3,1,0,0
BRDA:3,1,1,0
BRDA:3,2,0,0
BRDA:3,2,1,0
BRDA:4,3,0,0
BRDA:4,3,1,0
BRDA:4,4,0,0
BRDA:4,4,1,0
BRDA:5,5,0,0
BRDA:5,5,1,0
BRDA:5,6,0,0
BRDA:5,6,1,0
BRDA:5,7,0,0
BRDA:5,7,1,0
BRDA:5,8,0,0
BRDA:5,8,1,0
BRDA:6,9,0,0
BRDA:6,9,1,0
BRDA:6,9,2,0
BRDA:8,10,0,0
BRDA:8,10,1,0
BRDA:8,10,2,0
BRDA:9,11,0,0
BRDA:9,11,1,0
BRDA:9,12,0,0
BRDA:9,12,1,0
BRDA:30,13,0,0
BRDA:30,13,1,0
BRDA:30,13,2,0
BRDA:30,14,0,0
BRDA:30,14,1,0
BRF:34
BRH:0
end_of_record
TN:
SF:/Users/justin/Desktop/lifeDynamics/src/common/typeahead.ts
FN:3,(anonymous_0)
FN:4,TypeAhead
FN:23,(anonymous_2)
FN:32,(anonymous_3)
FNF:4
FNH:0
FNDA:0,(anonymous_0)
FNDA:0,TypeAhead
FNDA:0,(anonymous_2)
FNDA:0,(anonymous_3)
DA:1,0
DA:2,0
DA:3,0
DA:5,0
DA:6,0
DA:20,0
DA:23,0
DA:32,0
DA:33,0
DA:34,0
DA:37,0
DA:40,0
DA:42,0
LF:13
LH:0
BRDA:33,0,0,0
BRDA:33,0,1,0
BRF:2
BRH:0
end_of_record
TN:
SF:/Users/justin/Desktop/lifeDynamics/src/editors/conditionalEditor.ts
FN:2,(anonymous_0)
FN:10,(anonymous_1)
FN:16,(anonymous_2)
FN:22,(anonymous_3)
FN:23,ConditionalEditor
FN:30,(anonymous_5)
FN:34,(anonymous_6)
FN:40,(anonymous_7)
FN:43,(anonymous_8)
FN:44,(anonymous_9)
FN:55,(anonymous_10)
FN:58,(anonymous_11)
FN:61,(anonymous_12)
FN:66,(anonymous_13)
FNF:14
FNH:0
FNDA:0,(anonymous_0)
FNDA:0,(anonymous_1)
FNDA:0,(anonymous_2)
FNDA:0,(anonymous_3)
FNDA:0,ConditionalEditor
FNDA:0,(anonymous_5)
FNDA:0,(anonymous_6)
FNDA:0,(anonymous_7)
FNDA:0,(anonymous_8)
FNDA:0,(anonymous_9)
FNDA:0,(anonymous_10)
FNDA:0,(anonymous_11)
FNDA:0,(anonymous_12)
FNDA:0,(anonymous_13)
DA:1,0
DA:2,0
DA:3,0
DA:4,0
DA:5,0
DA:6,0
DA:8,0
DA:10,0
DA:11,0
DA:12,0
DA:13,0
DA:14,0
DA:16,0
DA:17,0
DA:19,0
DA:20,0
DA:21,0
DA:22,0
DA:24,0
DA:25,0
DA:26,0
DA:27,0
DA:28,0
DA:29,0
DA:30,0
DA:31,0
DA:34,0
DA:35,0
DA:36,0
DA:37,0
DA:38,0
DA:40,0
DA:41,0
DA:42,0
DA:43,0
DA:44,0
DA:45,0
DA:46,0
DA:47,0
DA:50,0
DA:51,0
DA:52,0
DA:55,0
DA:56,0
DA:58,0
DA:59,0
DA:61,0
DA:62,0
DA:63,0
DA:64,0
DA:66,0
DA:68,0
DA:72,0
DA:75,0
LF:54
LH:0
BRDA:2,0,0,0
BRDA:2,0,1,0
BRDA:2,0,2,0
BRDA:2,0,3,0
BRDA:5,1,0,0
BRDA:5,1,1,0
BRDA:10,2,0,0
BRDA:10,2,1,0
BRDA:10,2,2,0
BRDA:11,3,0,0
BRDA:11,3,1,0
BRDA:11,4,0,0
BRDA:11,4,1,0
BRDA:12,5,0,0
BRDA:12,5,1,0
BRDA:12,6,0,0
BRDA:12,6,1,0
BRDA:13,7,0,0
BRDA:13,7,1,0
BRDA:13,8,0,0
BRDA:13,8,1,0
BRDA:13,9,0,0
BRDA:13,9,1,0
BRDA:13,10,0,0
BRDA:13,10,1,0
BRDA:14,11,0,0
BRDA:14,11,1,0
BRDA:14,11,2,0
BRDA:16,12,0,0
BRDA:16,12,1,0
BRDA:16,12,2,0
BRDA:17,13,0,0
BRDA:17,13,1,0
BRDA:17,14,0,0
BRDA:17,14,1,0
BRDA:45,15,0,0
BRDA:45,15,1,0
BRDA:70,16,0,0
BRDA:70,16,1,0
BRDA:70,16,2,0
BRDA:70,17,0,0
BRDA:70,17,1,0
BRF:42
BRH:0
end_of_record
TN:
SF:/Users/justin/Desktop/lifeDynamics/src/editors/nodeEditor.ts
FN:2,(anonymous_0)
FN:8,(anonymous_1)
FN:15,(anonymous_2)
FN:16,NodeEditor
FN:29,(anonymous_4)
FN:35,(anonymous_5)
FN:38,(anonymous_6)
FN:41,(anonymous_7)
FN:44,(anonymous_8)
FN:47,(anonymous_9)
FN:51,(anonymous_10)
FN:52,(anonymous_11)
FN:53,(anonymous_12)
FN:54,(anonymous_13)
FN:55,(anonymous_14)
FN:56,(anonymous_15)
FN:57,(anonymous_16)
FN:58,(anonymous_17)
FN:74,(anonymous_18)
FN:75,(anonymous_19)
FN:76,(anonymous_20)
FN:79,(anonymous_21)
FN:85,(anonymous_22)
FN:99,(anonymous_23)
FN:100,KeysValueConverter
FN:102,(anonymous_25)
FNF:26
FNH:0
FNDA:0,(anonymous_0)
FNDA:0,(anonymous_1)
FNDA:0,(anonymous_2)
FNDA:0,NodeEditor
FNDA:0,(anonymous_4)
FNDA:0,(anonymous_5)
FNDA:0,(anonymous_6)
FNDA:0,(anonymous_7)
FNDA:0,(anonymous_8)
FNDA:0,(anonymous_9)
FNDA:0,(anonymous_10)
FNDA:0,(anonymous_11)
FNDA:0,(anonymous_12)
FNDA:0,(anonymous_13)
FNDA:0,(anonymous_14)
FNDA:0,(anonymous_15)
FNDA:0,(anonymous_16)
FNDA:0,(anonymous_17)
FNDA:0,(anonymous_18)
FNDA:0,(anonymous_19)
FNDA:0,(anonymous_20)
FNDA:0,(anonymous_21)
FNDA:0,(anonymous_22)
FNDA:0,(anonymous_23)
FNDA:0,KeysValueConverter
FNDA:0,(anonymous_25)
DA:1,0
DA:2,0
DA:3,0
DA:4,0
DA:5,0
DA:6,0
DA:8,0
DA:9,0
DA:11,0
DA:12,0
DA:13,0
DA:14,0
DA:15,0
DA:17,0
DA:18,0
DA:19,0
DA:20,0
DA:27,0
DA:28,0
DA:29,0
DA:30,0
DA:31,0
DA:35,0
DA:36,0
DA:38,0
DA:39,0
DA:41,0
DA:42,0
DA:44,0
DA:45,0
DA:47,0
DA:48,0
DA:49,0
DA:50,0
DA:51,0
DA:52,0
DA:53,0
DA:54,0
DA:55,0
DA:56,0
DA:57,0
DA:58,0
DA:59,0
DA:71,0
DA:72,0
DA:74,0
DA:75,0
DA:76,0
DA:77,0
DA:79,0
DA:85,0
DA:87,0
DA:91,0
DA:95,0
DA:98,0
DA:99,0
DA:102,0
DA:103,0
DA:105,0
DA:107,0
LF:60
LH:0
BRDA:2,0,0,0
BRDA:2,0,1,0
BRDA:2,0,2,0
BRDA:3,1,0,0
BRDA:3,1,1,0
BRDA:3,2,0,0
BRDA:3,2,1,0
BRDA:4,3,0,0
BRDA:4,3,1,0
BRDA:4,4,0,0
BRDA:4,4,1,0
BRDA:5,5,0,0
BRDA:5,5,1,0
BRDA:5,6,0,0
BRDA:5,6,1,0
BRDA:5,7,0,0
BRDA:5,7,1,0
BRDA:5,8,0,0
BRDA:5,8,1,0
BRDA:6,9,0,0
BRDA:6,9,1,0
BRDA:6,9,2,0
BRDA:8,10,0,0
BRDA:8,10,1,0
BRDA:8,10,2,0
BRDA:9,11,0,0
BRDA:9,11,1,0
BRDA:9,12,0,0
BRDA:9,12,1,0
BRDA:30,13,0,0
BRDA:30,13,1,0
BRDA:93,14,0,0
BRDA:93,14,1,0
BRDA:93,14,2,0
BRDA:93,15,0,0
BRDA:93,15,1,0
BRF:36
BRH:0
end_of_record
TN:
SF:/Users/justin/Desktop/lifeDynamics/src/editors/scenarioEditor.ts
FN:2,(anonymous_0)
FN:8,(anonymous_1)
FN:16,(anonymous_2)
FN:17,ScenarioEditor
FN:30,(anonymous_4)
FN:34,(anonymous_5)
FN:37,(anonymous_6)
FN:41,(anonymous_7)
FN:46,(anonymous_8)
FN:49,(anonymous_9)
FN:52,(anonymous_10)
FN:55,(anonymous_11)
FNF:12
FNH:0
FNDA:0,(anonymous_0)
FNDA:0,(anonymous_1)
FNDA:0,(anonymous_2)
FNDA:0,ScenarioEditor
FNDA:0,(anonymous_4)
FNDA:0,(anonymous_5)
FNDA:0,(anonymous_6)
FNDA:0,(anonymous_7)
FNDA:0,(anonymous_8)
FNDA:0,(anonymous_9)
FNDA:0,(anonymous_10)
FNDA:0,(anonymous_11)
DA:1,0
DA:2,0
DA:3,0
DA:4,0
DA:5,0
DA:6,0
DA:8,0
DA:9,0
DA:11,0
DA:12,0
DA:13,0
DA:14,0
DA:15,0
DA:16,0
DA:18,0
DA:19,0
DA:20,0
DA:21,0
DA:28,0
DA:29,0
DA:30,0
DA:31,0
DA:34,0
DA:37,0
DA:38,0
DA:39,0
DA:41,0
DA:42,0
DA:43,0
DA:46,0
DA:47,0
DA:49,0
DA:50,0
DA:52,0
DA:53,0
DA:55,0
DA:64,0
DA:68,0
DA:71,0
LF:39
LH:0
BRDA:2,0,0,0
BRDA:2,0,1,0
BRDA:2,0,2,0
BRDA:3,1,0,0
BRDA:3,1,1,0
BRDA:3,2,0,0
BRDA:3,2,1,0
BRDA:4,3,0,0
BRDA:4,3,1,0
BRDA:4,4,0,0
BRDA:4,4,1,0
BRDA:5,5,0,0
BRDA:5,5,1,0
BRDA:5,6,0,0
BRDA:5,6,1,0
BRDA:5,7,0,0
BRDA:5,7,1,0
BRDA:5,8,0,0
BRDA:5,8,1,0
BRDA:6,9,0,0
BRDA:6,9,1,0
BRDA:6,9,2,0
BRDA:8,10,0,0
BRDA:8,10,1,0
BRDA:8,10,2,0
BRDA:9,11,0,0
BRDA:9,11,1,0
BRDA:9,12,0,0
BRDA:9,12,1,0
BRDA:66,13,0,0
BRDA:66,13,1,0
BRDA:66,13,2,0
BRDA:66,14,0,0
BRDA:66,14,1,0
BRDA:66,15,0,0
BRDA:66,15,1,0
BRDA:66,15,2,0
BRDA:66,16,0,0
BRDA:66,16,1,0
BRF:39
BRH:0
end_of_record
TN:
SF:/Users/justin/Desktop/lifeDynamics/src/footer/conditionalTable.ts
FN:2,(anonymous_0)
FN:11,(anonymous_1)
FN:12,ConditionalTable
FNF:3
FNH:0
FNDA:0,(anonymous_0)
FNDA:0,(anonymous_1)
FNDA:0,ConditionalTable
DA:1,0
DA:2,0
DA:3,0
DA:4,0
DA:5,0
DA:6,0
DA:8,0
DA:9,0
DA:10,0
DA:11,0
DA:14,0
DA:17,0
DA:19,0
LF:13
LH:0
BRDA:2,0,0,0
BRDA:2,0,1,0
BRDA:2,0,2,0
BRDA:3,1,0,0
BRDA:3,1,1,0
BRDA:3,2,0,0
BRDA:3,2,1,0
BRDA:4,3,0,0
BRDA:4,3,1,0
BRDA:4,4,0,0
BRDA:4,4,1,0
BRDA:5,5,0,0
BRDA:5,5,1,0
BRDA:5,6,0,0
BRDA:5,6,1,0
BRDA:5,7,0,0
BRDA:5,7,1,0
BRDA:5,8,0,0
BRDA:5,8,1,0
BRDA:6,9,0,0
BRDA:6,9,1,0
BRDA:6,9,2,0
BRF:22
BRH:0
end_of_record
TN:
SF:/Users/justin/Desktop/lifeDynamics/src/footer/footer.ts
FN:2,(anonymous_0)
FN:8,(anonymous_1)
FN:15,(anonymous_2)
FN:16,Footer
FN:20,(anonymous_4)
FN:26,(anonymous_5)
FN:28,(anonymous_6)
FN:31,(anonymous_7)
FNF:8
FNH:0
FNDA:0,(anonymous_0)
FNDA:0,(anonymous_1)
FNDA:0,(anonymous_2)
FNDA:0,Footer
FNDA:0,(anonymous_4)
FNDA:0,(anonymous_5)
FNDA:0,(anonymous_6)
FNDA:0,(anonymous_7)
DA:1,0
DA:2,0
DA:3,0
DA:4,0
DA:5,0
DA:6,0
DA:8,0
DA:9,0
DA:11,0
DA:12,0
DA:13,0
DA:14,0
DA:15,0
DA:17,0
DA:18,0
DA:19,0
DA:20,0
DA:21,0
DA:22,0
DA:26,0
DA:28,0
DA:29,0
DA:31,0
DA:32,0
DA:34,0
DA:38,0
DA:41,0
LF:27
LH:0
BRDA:2,0,0,0
BRDA:2,0,1,0
BRDA:2,0,2,0
BRDA:3,1,0,0
BRDA:3,1,1,0
BRDA:3,2,0,0
BRDA:3,2,1,0
BRDA:4,3,0,0
BRDA:4,3,1,0
BRDA:4,4,0,0
BRDA:4,4,1,0
BRDA:5,5,0,0
BRDA:5,5,1,0
BRDA:5,6,0,0
BRDA:5,6,1,0
BRDA:5,7,0,0
BRDA:5,7,1,0
BRDA:5,8,0,0
BRDA:5,8,1,0
BRDA:6,9,0,0
BRDA:6,9,1,0
BRDA:6,9,2,0
BRDA:8,10,0,0
BRDA:8,10,1,0
BRDA:8,10,2,0
BRDA:9,11,0,0
BRDA:9,11,1,0
BRDA:9,12,0,0
BRDA:9,12,1,0
BRDA:21,13,0,0
BRDA:21,13,1,0
BRDA:36,14,0,0
BRDA:36,14,1,0
BRDA:36,14,2,0
BRDA:36,15,0,0
BRDA:36,15,1,0
BRDA:36,16,0,0
BRDA:36,16,1,0
BRDA:36,16,2,0
BRDA:36,17,0,0
BRDA:36,17,1,0
BRF:41
BRH:0
end_of_record
TN:
SF:/Users/justin/Desktop/lifeDynamics/src/footer/timeSlider.ts
FN:2,(anonymous_0)
FN:8,(anonymous_1)
FN:18,(anonymous_2)
FN:19,TimeSlider
FN:23,(anonymous_4)
FN:27,(anonymous_5)
FN:30,(anonymous_6)
FN:38,(anonymous_7)
FN:54,(anonymous_8)
FN:56,(anonymous_9)
FN:61,(anonymous_10)
FN:63,(anonymous_11)
FN:66,(anonymous_12)
FN:72,(anonymous_13)
FN:76,(anonymous_14)
FNF:15
FNH:0
FNDA:0,(anonymous_0)
FNDA:0,(anonymous_1)
FNDA:0,(anonymous_2)
FNDA:0,TimeSlider
FNDA:0,(anonymous_4)
FNDA:0,(anonymous_5)
FNDA:0,(anonymous_6)
FNDA:0,(anonymous_7)
FNDA:0,(anonymous_8)
FNDA:0,(anonymous_9)
FNDA:0,(anonymous_10)
FNDA:0,(anonymous_11)
FNDA:0,(anonymous_12)
FNDA:0,(anonymous_13)
FNDA:0,(anonymous_14)
DA:1,0
DA:2,0
DA:3,0
DA:4,0
DA:5,0
DA:6,0
DA:8,0
DA:9,0
DA:11,0
DA:12,0
DA:13,0
DA:14,0
DA:15,0
DA:16,0
DA:17,0
DA:18,0
DA:20,0
DA:21,0
DA:22,0
DA:23,0
DA:24,0
DA:27,0
DA:28,0
DA:30,0
DA:31,0
DA:32,0
DA:33,0
DA:34,0
DA:35,0
DA:36,0
DA:38,0
DA:39,0
DA:40,0
DA:54,0
DA:55,0
DA:56,0
DA:57,0
DA:58,0
DA:61,0
DA:62,0
DA:63,0
DA:64,0
DA:66,0
DA:67,0
DA:68,0
DA:69,0
DA:72,0
DA:73,0
DA:74,0
DA:76,0
DA:77,0
DA:79,0
DA:83,0
DA:86,0
LF:54
LH:0
BRDA:2,0,0,0
BRDA:2,0,1,0
BRDA:2,0,2,0
BRDA:3,1,0,0
BRDA:3,1,1,0
BRDA:3,2,0,0
BRDA:3,2,1,0
BRDA:4,3,0,0
BRDA:4,3,1,0
BRDA:4,4,0,0
BRDA:4,4,1,0
BRDA:5,5,0,0
BRDA:5,5,1,0
BRDA:5,6,0,0
BRDA:5,6,1,0
BRDA:5,7,0,0
BRDA:5,7,1,0
BRDA:5,8,0,0
BRDA:5,8,1,0
BRDA:6,9,0,0
BRDA:6,9,1,0
BRDA:6,9,2,0
BRDA:8,10,0,0
BRDA:8,10,1,0
BRDA:8,10,2,0
BRDA:9,11,0,0
BRDA:9,11,1,0
BRDA:9,12,0,0
BRDA:9,12,1,0
BRDA:28,13,0,0
BRDA:28,13,1,0
BRDA:81,14,0,0
BRDA:81,14,1,0
BRDA:81,14,2,0
BRDA:81,15,0,0
BRDA:81,15,1,0
BRDA:81,16,0,0
BRDA:81,16,1,0
BRDA:81,16,2,0
BRDA:81,17,0,0
BRDA:81,17,1,0
BRF:41
BRH:0
end_of_record
TN:
SF:/Users/justin/Desktop/lifeDynamics/src/footer/timeline.ts
FN:2,(anonymous_0)
FN:8,(anonymous_1)
FN:14,(anonymous_2)
FN:15,Timeline
FN:19,(anonymous_4)
FNF:5
FNH:0
FNDA:0,(anonymous_0)
FNDA:0,(anonymous_1)
FNDA:0,(anonymous_2)
FNDA:0,Timeline
FNDA:0,(anonymous_4)
DA:1,0
DA:2,0
DA:3,0
DA:4,0
DA:5,0
DA:6,0
DA:8,0
DA:9,0
DA:11,0
DA:12,0
DA:13,0
DA:14,0
DA:16,0
DA:17,0
DA:19,0
DA:20,0
DA:22,0
DA:26,0
DA:29,0
LF:19
LH:0
BRDA:2,0,0,0
BRDA:2,0,1,0
BRDA:2,0,2,0
BRDA:3,1,0,0
BRDA:3,1,1,0
BRDA:3,2,0,0
BRDA:3,2,1,0
BRDA:4,3,0,0
BRDA:4,3,1,0
BRDA:4,4,0,0
BRDA:4,4,1,0
BRDA:5,5,0,0
BRDA:5,5,1,0
BRDA:5,6,0,0
BRDA:5,6,1,0
BRDA:5,7,0,0
BRDA:5,7,1,0
BRDA:5,8,0,0
BRDA:5,8,1,0
BRDA:6,9,0,0
BRDA:6,9,1,0
BRDA:6,9,2,0
BRDA:8,10,0,0
BRDA:8,10,1,0
BRDA:8,10,2,0
BRDA:9,11,0,0
BRDA:9,11,1,0
BRDA:9,12,0,0
BRDA:9,12,1,0
BRDA:24,13,0,0
BRDA:24,13,1,0
BRDA:24,13,2,0
BRDA:24,14,0,0
BRDA:24,14,1,0
BRF:34
BRH:0
end_of_record
TN:
SF:/Users/justin/Desktop/lifeDynamics/src/graphController/graphController.ts
FN:2,(anonymous_0)
FN:10,(anonymous_1)
FN:16,(anonymous_2)
FN:24,(anonymous_3)
FN:25,(anonymous_4)
FN:26,GraphController
FN:35,(anonymous_6)
FN:38,(anonymous_7)
FN:44,(anonymous_8)
FN:47,(anonymous_9)
FN:55,(anonymous_10)
FN:56,(anonymous_11)
FN:58,(anonymous_12)
FN:59,(anonymous_13)
FN:62,(anonymous_14)
FN:64,(anonymous_15)
FN:65,(anonymous_16)
FN:77,(anonymous_17)
FN:77,(anonymous_18)
FN:81,(anonymous_19)
FN:112,(anonymous_20)
FN:113,(anonymous_21)
FN:119,(anonymous_22)
FN:122,(anonymous_23)
FN:129,(anonymous_24)
FN:141,(anonymous_25)
FN:148,(anonymous_26)
FN:154,(anonymous_27)
FN:195,(anonymous_28)
FN:198,(anonymous_29)
FN:204,(anonymous_30)
FN:209,(anonymous_31)
FN:215,ticked
FN:220,(anonymous_33)
FN:223,(anonymous_34)
FN:226,(anonymous_35)
FN:229,(anonymous_36)
FN:232,(anonymous_37)
FN:235,(anonymous_38)
FN:236,(anonymous_39)
FN:244,(anonymous_40)
FN:245,(anonymous_41)
FN:248,(anonymous_42)
FN:253,(anonymous_43)
FN:257,(anonymous_44)
FN:264,zoomed
FN:268,(anonymous_46)
FN:272,(anonymous_47)
FN:276,(anonymous_48)
FN:281,(anonymous_49)
FN:290,dragstarted
FN:295,dragged
FN:299,dragended
FN:305,(anonymous_53)
FN:309,(anonymous_54)
FN:327,(anonymous_55)
FN:331,(anonymous_56)
FN:340,(anonymous_57)
FN:344,(anonymous_58)
FN:347,(anonymous_59)
FN:349,(anonymous_60)
FNF:61
FNH:0
FNDA:0,(anonymous_0)
FNDA:0,(anonymous_1)
FNDA:0,(anonymous_2)
FNDA:0,(anonymous_3)
FNDA:0,(anonymous_4)
FNDA:0,GraphController
FNDA:0,(anonymous_6)
FNDA:0,(anonymous_7)
FNDA:0,(anonymous_8)
FNDA:0,(anonymous_9)
FNDA:0,(anonymous_10)
FNDA:0,(anonymous_11)
FNDA:0,(anonymous_12)
FNDA:0,(anonymous_13)
FNDA:0,(anonymous_14)
FNDA:0,(anonymous_15)
FNDA:0,(anonymous_16)
FNDA:0,(anonymous_17)
FNDA:0,(anonymous_18)
FNDA:0,(anonymous_19)
FNDA:0,(anonymous_20)
FNDA:0,(anonymous_21)
FNDA:0,(anonymous_22)
FNDA:0,(anonymous_23)
FNDA:0,(anonymous_24)
FNDA:0,(anonymous_25)
FNDA:0,(anonymous_26)
FNDA:0,(anonymous_27)
FNDA:0,(anonymous_28)
FNDA:0,(anonymous_29)
FNDA:0,(anonymous_30)
FNDA:0,(anonymous_31)
FNDA:0,ticked
FNDA:0,(anonymous_33)
FNDA:0,(anonymous_34)
FNDA:0,(anonymous_35)
FNDA:0,(anonymous_36)
FNDA:0,(anonymous_37)
FNDA:0,(anonymous_38)
FNDA:0,(anonymous_39)
FNDA:0,(anonymous_40)
FNDA:0,(anonymous_41)
FNDA:0,(anonymous_42)
FNDA:0,(anonymous_43)
FNDA:0,(anonymous_44)
FNDA:0,zoomed
FNDA:0,(anonymous_46)
FNDA:0,(anonymous_47)
FNDA:0,(anonymous_48)
FNDA:0,(anonymous_49)
FNDA:0,dragstarted
FNDA:0,dragged
FNDA:0,dragended
FNDA:0,(anonymous_53)
FNDA:0,(anonymous_54)
FNDA:0,(anonymous_55)
FNDA:0,(anonymous_56)
FNDA:0,(anonymous_57)
FNDA:0,(anonymous_58)
FNDA:0,(anonymous_59)
FNDA:0,(anonymous_60)
DA:1,0
DA:2,0
DA:3,0
DA:4,0
DA:5,0
DA:6,0
DA:8,0
DA:10,0
DA:11,0
DA:12,0
DA:13,0
DA:14,0
DA:16,0
DA:17,0
DA:19,0
DA:20,0
DA:21,0
DA:22,0
DA:23,0
DA:24,0
DA:25,0
DA:27,0
DA:28,0
DA:29,0
DA:30,0
DA:31,0
DA:32,0
DA:34,0
DA:35,0
DA:36,0
DA:38,0
DA:39,0
DA:40,0
DA:44,0
DA:45,0
DA:47,0
DA:48,0
DA:49,0
DA:50,0
DA:55,0
DA:56,0
DA:58,0
DA:59,0
DA:62,0
DA:63,0
DA:64,0
DA:65,0
DA:66,0
DA:67,0
DA:68,0
DA:69,0
DA:74,0
DA:77,0
DA:78,0
DA:81,0
DA:83,0
DA:84,0
DA:85,0
DA:86,0
DA:88,0
DA:89,0
DA:90,0
DA:91,0
DA:94,0
DA:95,0
DA:97,0
DA:98,0
DA:99,0
DA:100,0
DA:101,0
DA:102,0
DA:105,0
DA:107,0
DA:109,0
DA:110,0
DA:112,0
DA:113,0
DA:114,0
DA:116,0
DA:117,0
DA:119,0
DA:120,0
DA:121,0
DA:122,0
DA:123,0
DA:125,0
DA:126,0
DA:127,0
DA:128,0
DA:130,0
DA:131,0
DA:135,0
DA:139,0
DA:141,0
DA:142,0
DA:143,0
DA:144,0
DA:145,0
DA:149,0
DA:150,0
DA:152,0
DA:155,0
DA:156,0
DA:157,0
DA:158,0
DA:159,0
DA:162,0
DA:164,0
DA:165,0
DA:172,0
DA:179,0
DA:180,0
DA:184,0
DA:187,0
DA:195,0
DA:196,0
DA:199,0
DA:204,0
DA:205,0
DA:206,0
DA:207,0
DA:208,0
DA:209,0
DA:216,0
DA:217,0
DA:218,0
DA:219,0
DA:221,0
DA:224,0
DA:227,0
DA:230,0
DA:232,0
DA:233,0
DA:234,0
DA:235,0
DA:237,0
DA:243,0
DA:244,0
DA:245,0
DA:248,0
DA:249,0
DA:253,0
DA:254,0
DA:255,0
DA:257,0
DA:258,0
DA:259,0
DA:260,0
DA:263,0
DA:265,0
DA:268,0
DA:269,0
DA:270,0
DA:271,0
DA:272,0
DA:273,0
DA:277,0
DA:281,0
DA:282,0
DA:283,0
DA:284,0
DA:285,0
DA:286,0
DA:291,0
DA:292,0
DA:293,0
DA:296,0
DA:297,0
DA:300,0
DA:301,0
DA:302,0
DA:305,0
DA:306,0
DA:307,0
DA:308,0
DA:309,0
DA:310,0
DA:311,0
DA:312,0
DA:313,0
DA:314,0
DA:315,0
DA:317,0
DA:318,0
DA:319,0
DA:323,0
DA:327,0
DA:328,0
DA:329,0
DA:330,0
DA:331,0
DA:332,0
DA:333,0
DA:334,0
DA:335,0
DA:336,0
DA:337,0
DA:340,0
DA:341,0
DA:342,0
DA:344,0
DA:345,0
DA:347,0
DA:348,0
DA:349,0
DA:350,0
DA:359,0
DA:363,0
DA:366,0
LF:209
LH:0
BRDA:2,0,0,0
BRDA:2,0,1,0
BRDA:2,0,2,0
BRDA:2,0,3,0
BRDA:5,1,0,0
BRDA:5,1,1,0
BRDA:10,2,0,0
BRDA:10,2,1,0
BRDA:10,2,2,0
BRDA:11,3,0,0
BRDA:11,3,1,0
BRDA:11,4,0,0
BRDA:11,4,1,0
BRDA:12,5,0,0
BRDA:12,5,1,0
BRDA:12,6,0,0
BRDA:12,6,1,0
BRDA:13,7,0,0
BRDA:13,7,1,0
BRDA:13,8,0,0
BRDA:13,8,1,0
BRDA:13,9,0,0
BRDA:13,9,1,0
BRDA:13,10,0,0
BRDA:13,10,1,0
BRDA:14,11,0,0
BRDA:14,11,1,0
BRDA:14,11,2,0
BRDA:16,12,0,0
BRDA:16,12,1,0
BRDA:16,12,2,0
BRDA:17,13,0,0
BRDA:17,13,1,0
BRDA:17,14,0,0
BRDA:17,14,1,0
BRDA:39,15,0,0
BRDA:39,15,1,0
BRDA:66,16,0,0
BRDA:66,16,1,0
BRDA:68,17,0,0
BRDA:68,17,1,0
BRDA:68,18,0,0
BRDA:68,18,1,0
BRDA:83,19,0,0
BRDA:83,19,1,0
BRDA:90,20,0,0
BRDA:90,20,1,0
BRDA:99,21,0,0
BRDA:99,21,1,0
BRDA:130,22,0,0
BRDA:130,22,1,0
BRDA:158,23,0,0
BRDA:158,23,1,0
BRDA:164,24,0,0
BRDA:164,24,1,0
BRDA:179,25,0,0
BRDA:179,25,1,0
BRDA:233,26,0,0
BRDA:233,26,1,0
BRDA:313,27,0,0
BRDA:313,27,1,0
BRDA:314,28,0,0
BRDA:314,28,1,0
BRDA:317,29,0,0
BRDA:317,29,1,0
BRDA:361,30,0,0
BRDA:361,30,1,0
BRDA:361,30,2,0
BRDA:361,31,0,0
BRDA:361,31,1,0
BRDA:361,32,0,0
BRDA:361,32,1,0
BRDA:361,32,2,0
BRDA:361,33,0,0
BRDA:361,33,1,0
BRF:75
BRH:0
end_of_record
TN:
SF:/Users/justin/Desktop/lifeDynamics/src/home/home.ts
FN:2,(anonymous_0)
FN:8,(anonymous_1)
FN:14,(anonymous_2)
FN:15,Home
FNF:4
FNH:0
FNDA:0,(anonymous_0)
FNDA:0,(anonymous_1)
FNDA:0,(anonymous_2)
FNDA:0,Home
DA:1,0
DA:2,0
DA:3,0
DA:4,0
DA:5,0
DA:6,0
DA:8,0
DA:9,0
DA:11,0
DA:12,0
DA:13,0
DA:14,0
DA:16,0
DA:17,0
DA:18,0
DA:20,0
DA:24,0
DA:27,0
LF:18
LH:0
BRDA:2,0,0,0
BRDA:2,0,1,0
BRDA:2,0,2,0
BRDA:3,1,0,0
BRDA:3,1,1,0
BRDA:3,2,0,0
BRDA:3,2,1,0
BRDA:4,3,0,0
BRDA:4,3,1,0
BRDA:4,4,0,0
BRDA:4,4,1,0
BRDA:5,5,0,0
BRDA:5,5,1,0
BRDA:5,6,0,0
BRDA:5,6,1,0
BRDA:5,7,0,0
BRDA:5,7,1,0
BRDA:5,8,0,0
BRDA:5,8,1,0
BRDA:6,9,0,0
BRDA:6,9,1,0
BRDA:6,9,2,0
BRDA:8,10,0,0
BRDA:8,10,1,0
BRDA:8,10,2,0
BRDA:9,11,0,0
BRDA:9,11,1,0
BRDA:9,12,0,0
BRDA:9,12,1,0
BRDA:22,13,0,0
BRDA:22,13,1,0
BRDA:22,13,2,0
BRDA:22,14,0,0
BRDA:22,14,1,0
BRF:34
BRH:0
end_of_record
TN:
SF:/Users/justin/Desktop/lifeDynamics/src/parser/formulaParser.ts
FN:2,(anonymous_0)
FN:11,(anonymous_1)
FN:12,FormulaParser
FNF:3
FNH:0
FNDA:0,(anonymous_0)
FNDA:0,(anonymous_1)
FNDA:0,FormulaParser
DA:1,0
DA:2,0
DA:3,0
DA:4,0
DA:5,0
DA:6,0
DA:8,0
DA:9,0
DA:10,0
DA:11,0
DA:14,0
DA:17,0
DA:19,0
LF:13
LH:0
BRDA:2,0,0,0
BRDA:2,0,1,0
BRDA:2,0,2,0
BRDA:3,1,0,0
BRDA:3,1,1,0
BRDA:3,2,0,0
BRDA:3,2,1,0
BRDA:4,3,0,0
BRDA:4,3,1,0
BRDA:4,4,0,0
BRDA:4,4,1,0
BRDA:5,5,0,0
BRDA:5,5,1,0
BRDA:5,6,0,0
BRDA:5,6,1,0
BRDA:5,7,0,0
BRDA:5,7,1,0
BRDA:5,8,0,0
BRDA:5,8,1,0
BRDA:6,9,0,0
BRDA:6,9,1,0
BRDA:6,9,2,0
BRF:22
BRH:0
end_of_record
TN:
SF:/Users/justin/Desktop/lifeDynamics/src/reducers/graphFunctions.ts
FNF:0
FNH:0
DA:1,0
LF:1
LH:0
BRF:0
BRH:0
end_of_record
TN:
SF:/Users/justin/Desktop/lifeDynamics/src/reducers/root.ts
FN:2,(anonymous_0)
FN:21,(anonymous_1)
FN:27,rootReducer
FN:38,combinedReducer
FN:47,graphsReducer
FN:58,dataReducer
FNF:6
FNH:0
FNDA:0,(anonymous_0)
FNDA:0,(anonymous_1)
FNDA:0,rootReducer
FNDA:0,combinedReducer
FNDA:0,graphsReducer
FNDA:0,dataReducer
DA:1,0
DA:2,0
DA:3,0
DA:4,0
DA:5,0
DA:6,0
DA:8,0
DA:10,0
DA:11,0
DA:12,0
DA:13,0
DA:14,0
DA:15,0
DA:21,0
DA:22,0
DA:24,0
DA:25,0
DA:26,0
DA:28,0
DA:29,0
DA:30,0
DA:37,0
DA:39,0
DA:43,0
DA:48,0
DA:49,0
DA:51,0
DA:52,0
DA:55,0
DA:59,0
DA:60,0
LF:31
LH:0
BRDA:2,0,0,0
BRDA:2,0,1,0
BRDA:2,0,2,0
BRDA:2,0,3,0
BRDA:5,1,0,0
BRDA:5,1,1,0
BRDA:22,2,0,0
BRDA:22,2,1,0
BRDA:22,2,2,0
BRDA:28,3,0,0
BRDA:28,3,1,0
BRDA:39,4,0,0
BRDA:39,4,1,0
BRDA:48,5,0,0
BRDA:48,5,1,0
BRDA:49,6,0,0
BRDA:49,6,1,0
BRDA:59,7,0,0
BRDA:59,7,1,0
BRF:19
BRH:0
end_of_record
TN:
SF:/Users/justin/Desktop/lifeDynamics/src/reducers/simulationActions.ts
FNF:0
FNH:0
DA:1,0
LF:1
LH:0
BRF:0
BRH:0
end_of_record
TN:
SF:/Users/justin/Desktop/lifeDynamics/src/reducers/simulationReducer.ts
FN:2,(anonymous_0)
FN:11,simulationReducer
FN:40,setNextTime
FNF:3
FNH:0
FNDA:0,(anonymous_0)
FNDA:0,simulationReducer
FNDA:0,setNextTime
DA:1,0
DA:2,0
DA:3,0
DA:4,0
DA:5,0
DA:6,0
DA:8,0
DA:10,0
DA:12,0
DA:13,0
DA:15,0
DA:18,0
DA:21,0
DA:24,0
DA:27,0
DA:30,0
DA:33,0
DA:36,0
DA:39,0
DA:41,0
LF:20
LH:0
BRDA:2,0,0,0
BRDA:2,0,1,0
BRDA:2,0,2,0
BRDA:2,0,3,0
BRDA:5,1,0,0
BRDA:5,1,1,0
BRDA:12,2,0,0
BRDA:12,2,1,0
BRDA:13,3,0,0
BRDA:13,3,1,0
BRDA:13,3,2,0
BRDA:13,3,3,0
BRDA:13,3,4,0
BRDA:13,3,5,0
BRDA:13,3,6,0
BRDA:13,3,7,0
BRF:16
BRH:0
end_of_record
TN:
SF:/Users/justin/Desktop/lifeDynamics/src/reducers/uiReducer.ts
FN:2,(anonymous_0)
FN:11,uiReducer
FNF:2
FNH:0
FNDA:0,(anonymous_0)
FNDA:0,uiReducer
DA:1,0
DA:2,0
DA:3,0
DA:4,0
DA:5,0
DA:6,0
DA:8,0
DA:10,0
DA:12,0
DA:13,0
DA:15,0
DA:17,0
DA:18,0
DA:21,0
DA:24,0
DA:27,0
DA:30,0
DA:33,0
DA:36,0
LF:19
LH:0
BRDA:2,0,0,0
BRDA:2,0,1,0
BRDA:2,0,2,0
BRDA:2,0,3,0
BRDA:5,1,0,0
BRDA:5,1,1,0
BRDA:12,2,0,0
BRDA:12,2,1,0
BRDA:13,3,0,0
BRDA:13,3,1,0
BRDA:13,3,2,0
BRDA:13,3,3,0
BRDA:13,3,4,0
BRDA:13,3,5,0
BRDA:13,3,6,0
BRF:15
BRH:0
end_of_record
TN:
SF:/Users/justin/Desktop/lifeDynamics/src/services/graphGenerator.ts
FN:3,(anonymous_0)
FN:4,GraphGenerator
FN:6,(anonymous_2)
FNF:3
FNH:0
FNDA:0,(anonymous_0)
FNDA:0,GraphGenerator
FNDA:0,(anonymous_2)
DA:1,0
DA:2,0
DA:3,0
DA:6,0
DA:8,0
DA:10,0
LF:6
LH:0
BRF:0
BRH:0
end_of_record
TN:
SF:/Users/justin/Desktop/lifeDynamics/src/services/reduxStore.ts
FN:4,(anonymous_0)
FN:5,Store
FN:7,(anonymous_2)
FN:10,(anonymous_3)
FN:18,nextMonad
FN:20,(anonymous_5)
FN:28,(anonymous_6)
FN:34,(anonymous_7)
FN:40,(anonymous_8)
FN:48,(anonymous_9)
FN:51,(anonymous_10)
FN:63,(anonymous_11)
FN:67,(anonymous_12)
FN:71,(anonymous_13)
FN:73,(anonymous_14)
FNF:15
FNH:0
FNDA:0,(anonymous_0)
FNDA:0,Store
FNDA:0,(anonymous_2)
FNDA:0,(anonymous_3)
FNDA:0,nextMonad
FNDA:0,(anonymous_5)
FNDA:0,(anonymous_6)
FNDA:0,(anonymous_7)
FNDA:0,(anonymous_8)
FNDA:0,(anonymous_9)
FNDA:0,(anonymous_10)
FNDA:0,(anonymous_11)
FNDA:0,(anonymous_12)
FNDA:0,(anonymous_13)
FNDA:0,(anonymous_14)
DA:1,0
DA:2,0
DA:3,0
DA:4,0
DA:7,0
DA:8,0
DA:10,0
DA:11,0
DA:12,0
DA:13,0
DA:15,0
DA:16,0
DA:17,0
DA:19,0
DA:21,0
DA:22,0
DA:28,0
DA:29,0
DA:30,0
DA:31,0
DA:32,0
DA:34,0
DA:35,0
DA:36,0
DA:37,0
DA:40,0
DA:41,0
DA:42,0
DA:43,0
DA:45,0
DA:48,0
DA:49,0
DA:51,0
DA:52,0
DA:53,0
DA:54,0
DA:55,0
DA:56,0
DA:57,0
DA:58,0
DA:59,0
DA:60,0
DA:61,0
DA:62,0
DA:63,0
DA:64,0
DA:67,0
DA:69,0
DA:71,0
DA:72,0
DA:73,0
DA:74,0
DA:76,0
DA:78,0
DA:79,0
DA:80,0
DA:81,0
DA:82,0
DA:85,0
DA:86,0
DA:87,0
DA:88,0
DA:91,0
DA:92,0
DA:93,0
DA:95,0
DA:97,0
DA:99,0
LF:68
LH:0
BRDA:53,0,0,0
BRDA:53,0,1,0
BRDA:54,1,0,0
BRDA:54,1,1,0
BRDA:55,2,0,0
BRDA:55,2,1,0
BRDA:60,3,0,0
BRDA:60,3,1,0
BRDA:76,4,0,0
BRDA:76,4,1,0
BRDA:78,5,0,0
BRDA:78,5,1,0
BRDA:79,6,0,0
BRDA:79,6,1,0
BRDA:85,7,0,0
BRDA:85,7,1,0
BRDA:86,8,0,0
BRDA:86,8,1,0
BRDA:91,9,0,0
BRDA:91,9,1,0
BRF:20
BRH:0
end_of_record
TN:
SF:/Users/justin/Desktop/lifeDynamics/src/services/simulationService.ts
FN:2,(anonymous_0)
FN:8,(anonymous_1)
FN:14,(anonymous_2)
FN:15,SimulationService
FN:22,(anonymous_4)
FN:28,(anonymous_5)
FN:40,(anonymous_6)
FN:43,(anonymous_7)
FN:46,(anonymous_8)
FN:49,(anonymous_9)
FN:54,(anonymous_10)
FN:60,(anonymous_11)
FNF:12
FNH:0
FNDA:0,(anonymous_0)
FNDA:0,(anonymous_1)
FNDA:0,(anonymous_2)
FNDA:0,SimulationService
FNDA:0,(anonymous_4)
FNDA:0,(anonymous_5)
FNDA:0,(anonymous_6)
FNDA:0,(anonymous_7)
FNDA:0,(anonymous_8)
FNDA:0,(anonymous_9)
FNDA:0,(anonymous_10)
FNDA:0,(anonymous_11)
DA:1,0
DA:2,0
DA:3,0
DA:4,0
DA:5,0
DA:6,0
DA:8,0
DA:9,0
DA:11,0
DA:12,0
DA:13,0
DA:14,0
DA:16,0
DA:17,0
DA:18,0
DA:19,0
DA:20,0
DA:22,0
DA:23,0
DA:24,0
DA:25,0
DA:28,0
DA:29,0
DA:30,0
DA:31,0
DA:32,0
DA:35,0
DA:36,0
DA:37,0
DA:40,0
DA:41,0
DA:43,0
DA:44,0
DA:46,0
DA:47,0
DA:49,0
DA:50,0
DA:51,0
DA:52,0
DA:54,0
DA:56,0
DA:57,0
DA:60,0
DA:62,0
DA:63,0
DA:64,0
DA:67,0
DA:71,0
DA:74,0
LF:49
LH:0
BRDA:2,0,0,0
BRDA:2,0,1,0
BRDA:2,0,2,0
BRDA:3,1,0,0
BRDA:3,1,1,0
BRDA:3,2,0,0
BRDA:3,2,1,0
BRDA:4,3,0,0
BRDA:4,3,1,0
BRDA:4,4,0,0
BRDA:4,4,1,0
BRDA:5,5,0,0
BRDA:5,5,1,0
BRDA:5,6,0,0
BRDA:5,6,1,0
BRDA:5,7,0,0
BRDA:5,7,1,0
BRDA:5,8,0,0
BRDA:5,8,1,0
BRDA:6,9,0,0
BRDA:6,9,1,0
BRDA:6,9,2,0
BRDA:8,10,0,0
BRDA:8,10,1,0
BRDA:8,10,2,0
BRDA:9,11,0,0
BRDA:9,11,1,0
BRDA:9,12,0,0
BRDA:9,12,1,0
BRDA:24,13,0,0
BRDA:24,13,1,0
BRDA:29,14,0,0
BRDA:29,14,1,0
BRDA:69,15,0,0
BRDA:69,15,1,0
BRDA:69,15,2,0
BRDA:69,16,0,0
BRDA:69,16,1,0
BRF:38
BRH:0
end_of_record
