TN:
SF:/Users/justin/Desktop/lifeDynamics/src/app.ts
FN:2,(anonymous_0)
FN:8,(anonymous_1)
FN:22,(anonymous_2)
FN:23,App
FN:29,(anonymous_4)
FN:34,(anonymous_5)
FN:35,(anonymous_6)
FN:39,(anonymous_7)
FNF:8
FNH:0
FNDA:0,(anonymous_0)
FNDA:0,(anonymous_1)
FNDA:0,(anonymous_2)
FNDA:0,App
FNDA:0,(anonymous_4)
FNDA:0,(anonymous_5)
FNDA:0,(anonymous_6)
FNDA:0,(anonymous_7)
DA:1,0
DA:2,0
DA:3,0
DA:4,0
DA:5,0
DA:6,0
DA:8,0
DA:9,0
DA:11,0
DA:12,0
DA:13,0
DA:14,0
DA:15,0
DA:16,0
DA:17,0
DA:18,0
DA:19,0
DA:20,0
DA:21,0
DA:22,0
DA:24,0
DA:25,0
DA:26,0
DA:27,0
DA:29,0
DA:30,0
DA:31,0
DA:32,0
DA:33,0
DA:34,0
DA:35,0
DA:36,0
DA:39,0
DA:40,0
DA:41,0
DA:44,0
DA:46,0
DA:50,0
DA:53,0
LF:39
LH:0
BRDA:2,0,0,0
BRDA:2,0,1,0
BRDA:2,0,2,0
BRDA:3,1,0,0
BRDA:3,1,1,0
BRDA:3,2,0,0
BRDA:3,2,1,0
BRDA:4,3,0,0
BRDA:4,3,1,0
BRDA:4,4,0,0
BRDA:4,4,1,0
BRDA:5,5,0,0
BRDA:5,5,1,0
BRDA:5,6,0,0
BRDA:5,6,1,0
BRDA:5,7,0,0
BRDA:5,7,1,0
BRDA:5,8,0,0
BRDA:5,8,1,0
BRDA:6,9,0,0
BRDA:6,9,1,0
BRDA:6,9,2,0
BRDA:8,10,0,0
BRDA:8,10,1,0
BRDA:8,10,2,0
BRDA:9,11,0,0
BRDA:9,11,1,0
BRDA:9,12,0,0
BRDA:9,12,1,0
BRDA:48,13,0,0
BRDA:48,13,1,0
BRDA:48,13,2,0
BRDA:48,14,0,0
BRDA:48,14,1,0
BRF:34
BRH:0
end_of_record
TN:
SF:/Users/justin/Desktop/lifeDynamics/src/conditional.ts
FNF:0
FNH:0
DA:97,6
LF:1
LH:1
BRF:0
BRH:0
end_of_record
TN:
SF:/Users/justin/Desktop/lifeDynamics/src/conditionsApply.ts
FN:7,updateAllConditions
FN:11,applyEdgesConditions
FN:31,applyEdgeConditions
FN:34,(anonymous_5)
FN:39,applyConditions
FN:40,(anonymous_7)
FN:45,(anonymous_8)
FN:46,(anonymous_9)
FN:48,(anonymous_10)
FN:51,(anonymous_11)
FN:59,selectEdgeConditions
FN:60,(anonymous_13)
FN:64,updateConditionExpression
FN:65,(anonymous_15)
FNF:14
FNH:10
FNDA:0,updateAllConditions
FNDA:7,applyEdgesConditions
FNDA:8,applyEdgeConditions
FNDA:0,(anonymous_5)
FNDA:4,applyConditions
FNDA:4,(anonymous_7)
FNDA:4,(anonymous_8)
FNDA:4,(anonymous_9)
FNDA:4,(anonymous_10)
FNDA:4,(anonymous_11)
FNDA:8,selectEdgeConditions
FNDA:8,(anonymous_13)
FNDA:0,updateConditionExpression
FNDA:0,(anonymous_15)
DA:1,6
DA:3,6
DA:5,6
DA:12,7
DA:13,7
DA:15,14
DA:23,7
DA:32,8
DA:33,8
DA:34,4
DA:36,4
DA:40,4
DA:41,4
DA:42,4
DA:45,8
DA:46,8
DA:48,4
DA:49,2
DA:51,4
DA:52,2
DA:55,4
DA:56,4
DA:60,8
DA:61,8
DA:65,0
DA:66,0
DA:70,6
LF:27
LH:25
BRDA:33,0,0,4
BRDA:33,0,1,4
BRDA:48,1,0,2
BRDA:48,1,1,2
BRDA:51,2,0,2
BRDA:51,2,1,2
BRF:6
BRH:6
end_of_record
TN:
SF:/Users/justin/Desktop/lifeDynamics/src/displayFunctions.ts
FN:3,(anonymous_1)
FN:8,(anonymous_2)
FN:13,(anonymous_3)
FN:15,(anonymous_4)
FN:16,(anonymous_5)
FN:18,(anonymous_6)
FNF:6
FNH:1
FNDA:10,(anonymous_1)
FNDA:0,(anonymous_2)
FNDA:0,(anonymous_3)
FNDA:0,(anonymous_4)
FNDA:0,(anonymous_5)
FNDA:0,(anonymous_6)
DA:4,10
DA:5,10
DA:9,0
DA:10,0
DA:14,0
DA:15,0
DA:16,0
DA:17,0
DA:18,0
DA:19,0
DA:49,6
LF:11
LH:3
BRF:0
BRH:0
end_of_record
TN:
SF:/Users/justin/Desktop/lifeDynamics/src/displayUpdate.ts
FN:4,displayUpdate
FN:10,(anonymous_2)
FN:12,(anonymous_3)
FNF:3
FNH:3
FNDA:4,displayUpdate
FNDA:10,(anonymous_2)
FNDA:10,(anonymous_3)
DA:1,6
DA:2,6
DA:5,4
DA:6,4
DA:7,4
DA:10,4
DA:12,10
DA:13,10
DA:14,10
DA:17,10
DA:22,4
DA:25,6
LF:12
LH:12
BRF:0
BRH:0
end_of_record
TN:
SF:/Users/justin/Desktop/lifeDynamics/src/graphManipulationFunctions.ts
FN:7,deleteNode
FN:8,(anonymous_2)
FN:9,(anonymous_3)
FN:10,(anonymous_4)
FN:11,(anonymous_5)
FN:21,(anonymous_7)
FN:32,deleteEdge
FN:43,(anonymous_9)
FN:48,removeEdgeAssociations
FN:49,(anonymous_11)
FN:51,(anonymous_12)
FN:51,(anonymous_13)
FN:52,(anonymous_14)
FN:52,(anonymous_15)
FN:58,addNewNode
FN:73,createBaseNodeData
FN:86,updateNodeData
FN:87,(anonymous_19)
FN:94,addEdge
FN:112,getNewNodeId
FN:116,getNewEdgeId
FN:120,updateEdgeReferences
FN:121,(anonymous_24)
FN:124,(anonymous_25)
FN:130,shareEdge
FN:131,(anonymous_27)
FN:140,updateEdgeData
FN:141,(anonymous_29)
FN:146,toggleEdgeActivation
FN:147,(anonymous_31)
FNF:30
FNH:20
FNDA:4,deleteNode
FNDA:8,(anonymous_2)
FNDA:8,(anonymous_3)
FNDA:4,(anonymous_4)
FNDA:4,(anonymous_5)
FNDA:8,(anonymous_7)
FNDA:3,deleteEdge
FNDA:3,(anonymous_9)
FNDA:7,removeEdgeAssociations
FNDA:10,(anonymous_11)
FNDA:3,(anonymous_12)
FNDA:3,(anonymous_13)
FNDA:7,(anonymous_14)
FNDA:7,(anonymous_15)
FNDA:0,addNewNode
FNDA:0,createBaseNodeData
FNDA:0,updateNodeData
FNDA:0,(anonymous_19)
FNDA:1,addEdge
FNDA:0,getNewNodeId
FNDA:1,getNewEdgeId
FNDA:1,updateEdgeReferences
FNDA:1,(anonymous_24)
FNDA:1,(anonymous_25)
FNDA:1,shareEdge
FNDA:0,(anonymous_27)
FNDA:0,updateEdgeData
FNDA:0,(anonymous_29)
FNDA:0,toggleEdgeActivation
FNDA:0,(anonymous_31)
DA:1,6
DA:2,6
DA:3,6
DA:8,20
DA:9,20
DA:10,16
DA:11,16
DA:13,4
DA:15,4
DA:16,4
DA:18,4
DA:19,4
DA:21,12
DA:23,4
DA:33,3
DA:34,3
DA:36,3
DA:37,3
DA:38,3
DA:40,3
DA:41,3
DA:42,3
DA:43,6
DA:45,3
DA:49,7
DA:50,10
DA:51,10
DA:52,10
DA:53,10
DA:55,7
DA:60,0
DA:63,0
DA:64,0
DA:65,0
DA:87,0
DA:88,0
DA:95,1
DA:97,1
DA:99,1
DA:100,1
DA:101,1
DA:103,1
DA:113,0
DA:117,1
DA:121,1
DA:122,1
DA:124,1
DA:125,1
DA:127,1
DA:131,1
DA:132,0
DA:133,0
DA:134,0
DA:135,0
DA:141,0
DA:142,0
DA:147,0
DA:148,0
DA:152,6
LF:59
LH:44
BRDA:10,0,0,4
BRDA:10,0,1,4
BRDA:95,1,0,0
BRDA:95,1,1,1
BRDA:134,2,0,0
BRDA:134,2,1,0
BRDA:134,3,0,0
BRDA:134,3,1,0
BRDA:134,3,2,0
BRDA:134,3,3,0
BRF:10
BRH:3
end_of_record
TN:
SF:/Users/justin/Desktop/lifeDynamics/src/graphReducer.ts
FN:21,(anonymous_1)
FN:27,(anonymous_2)
FN:31,(anonymous_3)
FN:34,(anonymous_4)
FN:37,(anonymous_5)
FN:40,(anonymous_6)
FN:43,(anonymous_7)
FN:46,(anonymous_8)
FN:49,(anonymous_9)
FN:52,(anonymous_10)
FN:58,(anonymous_11)
FN:61,(anonymous_12)
FN:64,(anonymous_13)
FN:67,(anonymous_14)
FN:71,(anonymous_15)
FN:75,(anonymous_16)
FN:79,(anonymous_17)
FN:84,(anonymous_18)
FN:87,(anonymous_19)
FN:91,(anonymous_20)
FN:101,graphReducer
FN:165,(anonymous_22)
FNF:22
FNH:13
FNDA:36,(anonymous_1)
FNDA:0,(anonymous_2)
FNDA:4,(anonymous_3)
FNDA:3,(anonymous_4)
FNDA:1,(anonymous_5)
FNDA:0,(anonymous_6)
FNDA:0,(anonymous_7)
FNDA:0,(anonymous_8)
FNDA:36,(anonymous_9)
FNDA:0,(anonymous_10)
FNDA:2,(anonymous_11)
FNDA:1,(anonymous_12)
FNDA:0,(anonymous_13)
FNDA:0,(anonymous_14)
FNDA:1,(anonymous_15)
FNDA:0,(anonymous_16)
FNDA:16,(anonymous_17)
FNDA:4,(anonymous_18)
FNDA:7,(anonymous_19)
FNDA:0,(anonymous_20)
FNDA:277,graphReducer
FNDA:241,(anonymous_22)
DA:1,6
DA:2,6
DA:7,6
DA:8,6
DA:9,6
DA:10,6
DA:21,6
DA:28,0
DA:32,4
DA:35,3
DA:38,1
DA:41,0
DA:44,0
DA:47,0
DA:50,36
DA:53,0
DA:59,2
DA:62,1
DA:65,0
DA:68,0
DA:72,1
DA:76,0
DA:77,0
DA:80,16
DA:85,4
DA:88,7
DA:91,0
DA:101,277
DA:104,72
DA:107,0
DA:110,4
DA:113,7
DA:116,16
DA:119,0
DA:122,0
DA:125,4
DA:128,3
DA:131,1
DA:134,0
DA:137,0
DA:142,2
DA:145,1
DA:148,0
DA:151,0
DA:154,1
DA:158,166
DA:166,241
DA:175,6
LF:48
LH:31
BRDA:91,0,0,0
BRDA:91,0,1,0
BRDA:101,1,0,0
BRDA:101,1,1,277
BRDA:103,2,0,72
BRDA:103,2,1,0
BRDA:103,2,2,4
BRDA:103,2,3,7
BRDA:103,2,4,16
BRDA:103,2,5,0
BRDA:103,2,6,0
BRDA:103,2,7,4
BRDA:103,2,8,3
BRDA:103,2,9,1
BRDA:103,2,10,0
BRDA:103,2,11,0
BRDA:103,2,12,2
BRDA:103,2,13,1
BRDA:103,2,14,0
BRDA:103,2,15,0
BRDA:103,2,16,1
BRDA:103,2,17,166
BRDA:166,3,0,241
BRDA:166,3,1,61
BRDA:166,3,2,61
BRF:25
BRH:15
end_of_record
TN:
SF:/Users/justin/Desktop/lifeDynamics/src/linkFunctions.ts
FN:5,(anonymous_1)
FN:12,(anonymous_2)
FN:17,(anonymous_3)
FNF:3
FNH:2
FNDA:21,(anonymous_1)
FNDA:0,(anonymous_2)
FNDA:4,(anonymous_3)
DA:6,21
DA:13,0
DA:18,4
DA:19,4
DA:23,6
LF:5
LH:4
BRDA:14,0,0,0
BRDA:14,0,1,0
BRF:2
BRH:0
end_of_record
TN:
SF:/Users/justin/Desktop/lifeDynamics/src/main.ts
FN:2,(anonymous_0)
FN:3,(anonymous_1)
FN:4,fulfilled
FN:5,rejected
FN:6,step
FN:6,(anonymous_5)
FN:10,(anonymous_6)
FN:11,(anonymous_7)
FN:12,(anonymous_8)
FN:13,verb
FN:13,(anonymous_10)
FN:14,step
FN:54,configure
FN:55,(anonymous_13)
FN:56,(anonymous_14)
FNF:15
FNH:0
FNDA:0,(anonymous_0)
FNDA:0,(anonymous_1)
FNDA:0,fulfilled
FNDA:0,rejected
FNDA:0,step
FNDA:0,(anonymous_5)
FNDA:0,(anonymous_6)
FNDA:0,(anonymous_7)
FNDA:0,(anonymous_8)
FNDA:0,verb
FNDA:0,(anonymous_10)
FNDA:0,step
FNDA:0,configure
FNDA:0,(anonymous_13)
FNDA:0,(anonymous_14)
DA:1,0
DA:2,0
DA:3,0
DA:4,0
DA:5,0
DA:6,0
DA:7,0
DA:10,0
DA:11,0
DA:12,0
DA:13,0
DA:15,0
DA:16,0
DA:17,0
DA:18,0
DA:19,0
DA:20,0
DA:21,0
DA:22,0
DA:23,0
DA:25,0
DA:26,0
DA:27,0
DA:28,0
DA:29,0
DA:30,0
DA:32,0
DA:33,0
DA:34,0
DA:37,0
DA:40,0
DA:41,0
DA:42,0
DA:43,0
DA:44,0
DA:45,0
DA:46,0
DA:47,0
DA:48,0
DA:49,0
DA:50,0
DA:51,0
DA:52,0
DA:53,0
DA:55,0
DA:56,0
DA:57,0
DA:59,0
DA:62,0
DA:63,0
DA:64,0
DA:65,0
DA:66,0
DA:68,0
DA:69,0
DA:71,0
DA:72,0
DA:77,0
LF:58
LH:0
BRDA:2,0,0,0
BRDA:2,0,1,0
BRDA:2,0,2,0
BRDA:3,1,0,0
BRDA:3,1,1,0
BRDA:6,2,0,0
BRDA:6,2,1,0
BRDA:7,3,0,0
BRDA:7,3,1,0
BRDA:10,4,0,0
BRDA:10,4,1,0
BRDA:10,4,2,0
BRDA:11,5,0,0
BRDA:11,5,1,0
BRDA:12,6,0,0
BRDA:12,6,1,0
BRDA:15,7,0,0
BRDA:15,7,1,0
BRDA:17,8,0,0
BRDA:17,8,1,0
BRDA:17,9,0,0
BRDA:17,9,1,0
BRDA:17,9,2,0
BRDA:17,10,0,0
BRDA:17,10,1,0
BRDA:17,11,0,0
BRDA:17,11,1,0
BRDA:18,12,0,0
BRDA:18,12,1,0
BRDA:19,13,0,0
BRDA:19,13,1,0
BRDA:19,13,2,0
BRDA:19,13,3,0
BRDA:19,13,4,0
BRDA:19,13,5,0
BRDA:25,14,0,0
BRDA:25,14,1,0
BRDA:25,15,0,0
BRDA:25,15,1,0
BRDA:25,15,2,0
BRDA:25,16,0,0
BRDA:25,16,1,0
BRDA:26,17,0,0
BRDA:26,17,1,0
BRDA:26,18,0,0
BRDA:26,18,1,0
BRDA:26,18,2,0
BRDA:26,18,3,0
BRDA:27,19,0,0
BRDA:27,19,1,0
BRDA:27,20,0,0
BRDA:27,20,1,0
BRDA:28,21,0,0
BRDA:28,21,1,0
BRDA:28,22,0,0
BRDA:28,22,1,0
BRDA:29,23,0,0
BRDA:29,23,1,0
BRDA:34,24,0,0
BRDA:34,24,1,0
BRDA:34,25,0,0
BRDA:34,25,1,0
BRDA:57,26,0,0
BRDA:57,26,1,0
BRDA:57,26,2,0
BRF:65
BRH:0
end_of_record
TN:
SF:/Users/justin/Desktop/lifeDynamics/src/reduxStore.ts
FN:4,(anonymous_0)
FN:4,Store
FN:9,(anonymous_2)
FN:13,(anonymous_3)
FN:14,(anonymous_4)
FN:15,(anonymous_5)
FN:20,(anonymous_7)
FN:30,(anonymous_8)
FN:34,(anonymous_9)
FN:38,(anonymous_10)
FN:43,nextMonad
FN:45,(anonymous_12)
FN:53,(anonymous_13)
FN:57,(anonymous_14)
FN:66,(anonymous_15)
FN:78,(anonymous_16)
FN:83,(anonymous_17)
FN:88,(anonymous_18)
FN:90,(anonymous_19)
FNF:19
FNH:15
FNDA:6,(anonymous_0)
FNDA:36,Store
FNDA:36,(anonymous_2)
FNDA:36,(anonymous_3)
FNDA:72,(anonymous_4)
FNDA:72,(anonymous_5)
FNDA:97,(anonymous_7)
FNDA:0,(anonymous_8)
FNDA:0,(anonymous_9)
FNDA:241,(anonymous_10)
FNDA:241,nextMonad
FNDA:0,(anonymous_12)
FNDA:0,(anonymous_13)
FNDA:122,(anonymous_14)
FNDA:8,(anonymous_15)
FNDA:18,(anonymous_16)
FNDA:24,(anonymous_17)
FNDA:23,(anonymous_18)
FNDA:69,(anonymous_19)
DA:1,6
DA:4,6
DA:9,6
DA:10,36
DA:13,36
DA:14,108
DA:15,36
DA:16,72
DA:18,72
DA:19,936
DA:20,936
DA:21,97
DA:22,97
DA:26,72
DA:30,6
DA:31,0
DA:34,6
DA:35,0
DA:38,241
DA:39,241
DA:40,241
DA:41,241
DA:46,0
DA:47,0
DA:53,6
DA:54,0
DA:57,6
DA:58,122
DA:59,122
DA:60,122
DA:61,488
DA:63,122
DA:66,8
DA:67,8
DA:68,8
DA:70,8
DA:71,8
DA:72,8
DA:73,8
DA:75,8
DA:76,8
DA:77,8
DA:78,8
DA:79,18
DA:83,8
DA:85,24
DA:88,8
DA:89,23
DA:90,23
DA:91,69
DA:92,0
DA:93,0
DA:95,69
DA:98,23
DA:101,23
DA:102,10
DA:103,10
DA:104,10
DA:107,8
DA:108,8
DA:109,8
DA:111,0
DA:112,0
DA:115,8
DA:119,6
LF:65
LH:56
BRDA:66,0,0,0
BRDA:66,0,1,8
BRDA:67,1,0,8
BRDA:67,1,1,0
BRDA:68,2,0,8
BRDA:68,2,1,8
BRDA:75,3,0,8
BRDA:75,3,1,0
BRDA:91,4,0,0
BRDA:91,4,1,69
BRDA:98,5,0,0
BRDA:98,5,1,23
BRDA:101,6,0,10
BRDA:101,6,1,13
BRDA:102,7,0,10
BRDA:102,7,1,0
BRDA:107,8,0,8
BRDA:107,8,1,0
BRDA:108,9,0,8
BRDA:108,9,1,0
BRDA:111,10,0,0
BRDA:111,10,1,0
BRF:22
BRH:12
end_of_record
TN:
SF:/Users/justin/Desktop/lifeDynamics/src/root.ts
FN:23,rootReducer
FN:37,graphsReducer
FNF:2
FNH:2
FNDA:277,rootReducer
FNDA:277,graphsReducer
DA:3,6
DA:4,6
DA:6,6
DA:7,6
DA:18,6
DA:20,6
DA:23,313
DA:37,277
DA:41,36
DA:44,241
DA:48,6
LF:11
LH:11
BRDA:23,0,0,36
BRDA:23,0,1,241
BRDA:37,1,0,0
BRDA:37,1,1,277
BRDA:40,2,0,36
BRDA:40,2,1,241
BRF:6
BRH:5
end_of_record
TN:
SF:/Users/justin/Desktop/lifeDynamics/src/simulationFunctions.ts
FN:3,incrementTargetTime
FN:5,(anonymous_2)
FN:14,decrementTargetTime
FN:15,(anonymous_4)
FN:24,incrementCurrentTime
FN:25,(anonymous_6)
FN:34,setTargetTime
FN:36,(anonymous_8)
FN:46,resetTime
FN:47,(anonymous_10)
FN:60,simulate
FN:68,simulateForward
FN:80,simulateBackward
FN:90,undo
FNF:14
FNH:6
FNDA:2,incrementTargetTime
FNDA:2,(anonymous_2)
FNDA:0,decrementTargetTime
FNDA:0,(anonymous_4)
FNDA:0,incrementCurrentTime
FNDA:0,(anonymous_6)
FNDA:1,setTargetTime
FNDA:1,(anonymous_8)
FNDA:1,resetTime
FNDA:1,(anonymous_10)
FNDA:0,simulate
FNDA:0,simulateForward
FNDA:0,simulateBackward
FNDA:0,undo
DA:1,6
DA:5,2
DA:15,0
DA:25,0
DA:36,1
DA:47,1
DA:61,0
DA:62,0
DA:64,0
DA:69,0
DA:70,0
DA:71,0
DA:72,0
DA:73,0
DA:77,0
DA:81,0
DA:82,0
DA:83,0
DA:84,0
DA:91,0
DA:92,0
DA:94,0
DA:95,0
DA:96,0
DA:100,6
LF:25
LH:5
BRDA:61,0,0,0
BRDA:61,0,1,0
BRDA:81,1,0,0
BRDA:81,1,1,0
BRDA:82,2,0,0
BRDA:82,2,1,0
BRDA:91,3,0,0
BRDA:91,3,1,0
BRF:8
BRH:0
end_of_record
TN:
SF:/Users/justin/Desktop/lifeDynamics/src/simulationReducer.ts
FN:4,(anonymous_1)
FN:8,(anonymous_2)
FN:11,(anonymous_3)
FN:14,(anonymous_4)
FN:17,(anonymous_5)
FN:20,(anonymous_6)
FN:23,(anonymous_7)
FN:26,(anonymous_8)
FN:42,incrementTargetTime
FN:52,decrementTargetTime
FN:62,incrementCurrentTime
FN:71,setTargetTime
FN:82,updateCurrentTime
FN:95,simulationReducer
FN:138,(anonymous_15)
FNF:15
FNH:12
FNDA:36,(anonymous_1)
FNDA:8,(anonymous_2)
FNDA:0,(anonymous_3)
FNDA:3,(anonymous_4)
FNDA:6,(anonymous_5)
FNDA:1,(anonymous_6)
FNDA:4,(anonymous_7)
FNDA:0,(anonymous_8)
FNDA:6,incrementTargetTime
FNDA:1,decrementTargetTime
FNDA:4,incrementCurrentTime
FNDA:0,setTargetTime
FNDA:3,updateCurrentTime
FNDA:277,simulationReducer
FNDA:241,(anonymous_15)
DA:1,6
DA:3,6
DA:4,6
DA:9,8
DA:12,0
DA:15,3
DA:18,6
DA:21,1
DA:24,4
DA:26,0
DA:27,0
DA:28,0
DA:30,0
DA:31,0
DA:32,0
DA:43,6
DA:45,6
DA:46,6
DA:47,6
DA:49,6
DA:53,1
DA:55,1
DA:56,1
DA:57,1
DA:59,1
DA:63,4
DA:65,4
DA:66,4
DA:67,4
DA:68,4
DA:72,0
DA:74,0
DA:75,0
DA:76,0
DA:77,0
DA:79,0
DA:83,3
DA:85,3
DA:86,3
DA:87,3
DA:88,3
DA:89,3
DA:90,3
DA:92,3
DA:95,277
DA:101,42
DA:104,0
DA:107,0
DA:110,4
DA:113,1
DA:116,0
DA:119,8
DA:122,0
DA:125,0
DA:128,3
DA:131,219
DA:139,241
DA:144,6
LF:58
LH:40
BRDA:26,0,0,0
BRDA:26,0,1,0
BRDA:27,1,0,0
BRDA:27,1,1,0
BRDA:95,2,0,0
BRDA:95,2,1,277
BRDA:100,3,0,42
BRDA:100,3,1,0
BRDA:100,3,2,0
BRDA:100,3,3,4
BRDA:100,3,4,1
BRDA:100,3,5,0
BRDA:100,3,6,8
BRDA:100,3,7,0
BRDA:100,3,8,0
BRDA:100,3,9,3
BRDA:100,3,10,219
BRDA:139,4,0,241
BRDA:139,4,1,97
BRDA:139,4,2,97
BRF:20
BRH:10
end_of_record
TN:
SF:/Users/justin/Desktop/lifeDynamics/src/simulationService.ts
FN:6,(anonymous_2)
FN:12,SimulationService
FN:13,(anonymous_4)
FN:45,(anonymous_7)
FN:57,(anonymous_8)
FNF:5
FNH:4
FNDA:1,(anonymous_2)
FNDA:8,SimulationService
FNDA:10,(anonymous_4)
FNDA:4,(anonymous_7)
FNDA:0,(anonymous_8)
DA:1,1
DA:2,1
DA:6,1
DA:12,8
DA:13,8
DA:14,10
DA:15,10
DA:16,10
DA:17,7
DA:37,7
DA:38,6
DA:40,7
DA:41,1
DA:45,1
DA:46,4
DA:47,4
DA:48,4
DA:49,4
DA:50,4
DA:54,4
DA:57,1
DA:58,0
DA:59,0
DA:60,0
DA:61,0
DA:66,1
LF:26
LH:22
BRDA:16,0,0,7
BRDA:16,0,1,3
BRDA:16,1,0,10
BRDA:16,1,1,10
BRDA:37,2,0,6
BRDA:37,2,1,1
BRDA:40,3,0,1
BRDA:40,3,1,6
BRDA:58,4,0,0
BRDA:58,4,1,0
BRF:10
BRH:8
end_of_record
TN:
SF:/Users/justin/Desktop/lifeDynamics/src/singleNode.ts
FNF:0
FNH:0
DA:42,6
LF:1
LH:1
BRF:0
BRH:0
end_of_record
TN:
SF:/Users/justin/Desktop/lifeDynamics/src/state.ts
FNF:0
FNH:0
DA:2,6
DA:3,6
DA:4,6
DA:5,6
DA:96,6
LF:5
LH:5
BRF:0
BRH:0
end_of_record
TN:
SF:/Users/justin/Desktop/lifeDynamics/src/stepFunctions.ts
FN:9,(anonymous_0)
FN:21,(anonymous_1)
FNF:2
FNH:1
FNDA:24,(anonymous_0)
FNDA:0,(anonymous_1)
DA:10,24
DA:22,0
DA:29,6
LF:3
LH:2
BRF:0
BRH:0
end_of_record
TN:
SF:/Users/justin/Desktop/lifeDynamics/src/traverse.ts
FN:11,traverseGraph
FN:28,breadthTraverse
FN:34,(anonymous_3)
FN:38,(anonymous_4)
FN:68,linkSources
FN:70,(anonymous_6)
FN:74,(anonymous_7)
FN:103,linkSource
FN:105,(anonymous_9)
FN:131,linkTarget
FN:133,(anonymous_11)
FN:145,applyStepFunction
FN:146,(anonymous_13)
FN:160,getSources
FN:161,(anonymous_15)
FN:164,getOutNodes
FN:166,(anonymous_17)
FN:169,(anonymous_18)
FN:172,(anonymous_19)
FN:177,getEdge
FN:178,(anonymous_21)
FN:179,(anonymous_22)
FN:180,(anonymous_23)
FNF:23
FNH:23
FNDA:16,traverseGraph
FNDA:26,breadthTraverse
FNDA:38,(anonymous_3)
FNDA:38,(anonymous_4)
FNDA:26,linkSources
FNDA:38,(anonymous_6)
FNDA:22,(anonymous_7)
FNDA:13,linkSource
FNDA:22,(anonymous_9)
FNDA:21,linkTarget
FNDA:21,(anonymous_11)
FNDA:38,applyStepFunction
FNDA:24,(anonymous_13)
FNDA:16,getSources
FNDA:38,(anonymous_15)
FNDA:38,getOutNodes
FNDA:22,(anonymous_17)
FNDA:22,(anonymous_18)
FNDA:22,(anonymous_19)
FNDA:22,getEdge
FNDA:40,(anonymous_21)
FNDA:40,(anonymous_22)
FNDA:22,(anonymous_23)
DA:1,6
DA:2,6
DA:4,6
DA:5,6
DA:12,16
DA:14,16
DA:15,32
DA:17,16
DA:18,16
DA:19,16
DA:28,42
DA:34,26
DA:35,38
DA:38,26
DA:39,38
DA:46,26
DA:48,26
DA:49,16
DA:53,10
DA:55,10
DA:70,26
DA:71,38
DA:74,38
DA:76,38
DA:85,26
DA:105,13
DA:108,22
DA:110,22
DA:112,22
DA:113,42
DA:120,1
DA:133,21
DA:134,21
DA:136,21
DA:146,38
DA:147,24
DA:148,24
DA:149,24
DA:150,24
DA:153,38
DA:161,38
DA:165,38
DA:167,22
DA:170,22
DA:173,22
DA:178,40
DA:179,40
DA:180,22
DA:184,6
LF:49
LH:49
BRDA:28,0,0,16
BRDA:28,0,1,10
BRDA:48,1,0,16
BRDA:48,1,1,10
BRDA:74,2,0,0
BRDA:74,2,1,22
BRDA:76,3,0,25
BRDA:76,3,1,13
BRDA:76,4,0,38
BRDA:76,4,1,13
BRDA:112,5,0,21
BRDA:112,5,1,1
BRF:12
BRH:11
end_of_record
TN:
SF:/Users/justin/Desktop/lifeDynamics/src/tree.ts
FNF:0
FNH:0
DA:232,6
LF:1
LH:1
BRF:0
BRH:0
end_of_record
TN:
SF:/Users/justin/Desktop/lifeDynamics/src/twoNodes.ts
FNF:0
FNH:0
DA:69,6
LF:1
LH:1
BRF:0
BRH:0
end_of_record
TN:
SF:/Users/justin/Desktop/lifeDynamics/src/uiReducer.ts
FN:5,(anonymous_1)
FN:9,(anonymous_2)
FN:22,(anonymous_3)
FN:31,(anonymous_4)
FN:40,(anonymous_5)
FN:43,(anonymous_6)
FN:61,uiReducer
FN:75,(anonymous_8)
FN:83,(anonymous_9)
FN:88,(anonymous_10)
FNF:10
FNH:1
FNDA:0,(anonymous_1)
FNDA:0,(anonymous_2)
FNDA:0,(anonymous_3)
FNDA:0,(anonymous_4)
FNDA:0,(anonymous_5)
FNDA:0,(anonymous_6)
FNDA:277,uiReducer
FNDA:0,(anonymous_8)
FNDA:0,(anonymous_9)
FNDA:0,(anonymous_10)
DA:3,6
DA:5,6
DA:12,0
DA:15,0
DA:18,0
DA:23,0
DA:24,0
DA:29,0
DA:32,0
DA:33,0
DA:38,0
DA:41,0
DA:44,0
DA:45,0
DA:46,0
DA:47,0
DA:48,0
DA:49,0
DA:50,0
DA:51,0
DA:52,0
DA:61,277
DA:64,36
DA:66,0
DA:69,0
DA:72,0
DA:75,0
DA:76,0
DA:80,0
DA:83,0
DA:84,0
DA:88,0
DA:89,0
DA:93,0
DA:96,241
DA:100,6
LF:36
LH:6
BRDA:11,0,0,0
BRDA:11,0,1,0
BRDA:11,0,2,0
BRDA:61,1,0,0
BRDA:61,1,1,277
BRDA:63,2,0,36
BRDA:63,2,1,0
BRDA:63,2,2,0
BRDA:63,2,3,0
BRDA:63,2,4,0
BRDA:63,2,5,0
BRDA:63,2,6,0
BRDA:63,2,7,0
BRDA:63,2,8,0
BRDA:63,2,9,241
BRF:15
BRH:3
end_of_record
TN:
SF:/Users/justin/Desktop/lifeDynamics/src/utilities.ts
FN:4,ArrayById
FN:5,(anonymous_2)
FN:8,ArrayToObject
FN:9,(anonymous_4)
FN:14,(anonymous_5)
FN:19,ExtensionMonad
FN:23,(anonymous_7)
FN:31,(anonymous_8)
FN:36,(anonymous_9)
FN:44,(anonymous_11)
FN:51,(anonymous_12)
FN:52,(anonymous_13)
FN:57,(anonymous_14)
FN:75,extend
FN:79,formatFromMsString
FNF:15
FNH:13
FNDA:11,ArrayById
FNDA:18,(anonymous_2)
FNDA:65,ArrayToObject
FNDA:50,(anonymous_4)
FNDA:6,(anonymous_5)
FNDA:6,ExtensionMonad
FNDA:0,(anonymous_7)
FNDA:6,(anonymous_8)
FNDA:0,(anonymous_9)
FNDA:6,(anonymous_11)
FNDA:12,(anonymous_12)
FNDA:12,(anonymous_13)
FNDA:12,(anonymous_14)
FNDA:6,extend
FNDA:9,formatFromMsString
DA:1,6
DA:5,18
DA:9,65
DA:10,50
DA:14,6
DA:20,6
DA:23,6
DA:24,0
DA:25,0
DA:26,0
DA:28,0
DA:31,6
DA:32,6
DA:33,6
DA:36,6
DA:44,6
DA:45,6
DA:46,6
DA:48,6
DA:51,6
DA:52,12
DA:53,12
DA:57,6
DA:58,12
DA:59,6
DA:61,6
DA:62,6
DA:63,6
DA:64,0
DA:66,6
DA:68,6
DA:69,6
DA:73,6
DA:76,6
DA:80,9
DA:81,9
DA:86,6
LF:37
LH:32
BRDA:45,0,0,6
BRDA:45,0,1,0
BRDA:58,1,0,6
BRDA:58,1,1,6
BRDA:63,2,0,0
BRDA:63,2,1,6
BRF:6
BRH:4
end_of_record
TN:
SF:/Users/justin/Desktop/lifeDynamics/src/common/draggable.ts
FN:2,(anonymous_0)
FN:8,(anonymous_1)
FN:14,(anonymous_2)
FN:15,DraggableCustomAttribute
FN:18,(anonymous_4)
FNF:5
FNH:0
FNDA:0,(anonymous_0)
FNDA:0,(anonymous_1)
FNDA:0,(anonymous_2)
FNDA:0,DraggableCustomAttribute
FNDA:0,(anonymous_4)
DA:1,0
DA:2,0
DA:3,0
DA:4,0
DA:5,0
DA:6,0
DA:8,0
DA:9,0
DA:11,0
DA:12,0
DA:13,0
DA:14,0
DA:16,0
DA:18,0
DA:19,0
DA:24,0
DA:28,0
DA:30,0
LF:18
LH:0
BRDA:2,0,0,0
BRDA:2,0,1,0
BRDA:2,0,2,0
BRDA:3,1,0,0
BRDA:3,1,1,0
BRDA:3,2,0,0
BRDA:3,2,1,0
BRDA:4,3,0,0
BRDA:4,3,1,0
BRDA:4,4,0,0
BRDA:4,4,1,0
BRDA:5,5,0,0
BRDA:5,5,1,0
BRDA:5,6,0,0
BRDA:5,6,1,0
BRDA:5,7,0,0
BRDA:5,7,1,0
BRDA:5,8,0,0
BRDA:5,8,1,0
BRDA:6,9,0,0
BRDA:6,9,1,0
BRDA:6,9,2,0
BRDA:8,10,0,0
BRDA:8,10,1,0
BRDA:8,10,2,0
BRDA:9,11,0,0
BRDA:9,11,1,0
BRDA:9,12,0,0
BRDA:9,12,1,0
BRF:29
BRH:0
end_of_record
TN:
SF:/Users/justin/Desktop/lifeDynamics/src/common/modalWrapper.ts
FN:2,(anonymous_0)
FN:8,(anonymous_1)
FN:15,(anonymous_2)
FN:16,ModalWrapper
FN:20,(anonymous_4)
FN:21,(anonymous_5)
FN:25,(anonymous_6)
FN:34,(anonymous_7)
FNF:8
FNH:0
FNDA:0,(anonymous_0)
FNDA:0,(anonymous_1)
FNDA:0,(anonymous_2)
FNDA:0,ModalWrapper
FNDA:0,(anonymous_4)
FNDA:0,(anonymous_5)
FNDA:0,(anonymous_6)
FNDA:0,(anonymous_7)
DA:1,0
DA:2,0
DA:3,0
DA:4,0
DA:5,0
DA:6,0
DA:8,0
DA:9,0
DA:11,0
DA:12,0
DA:13,0
DA:14,0
DA:15,0
DA:17,0
DA:18,0
DA:20,0
DA:21,0
DA:25,0
DA:26,0
DA:27,0
DA:34,0
DA:35,0
DA:37,0
DA:41,0
DA:45,0
DA:48,0
LF:26
LH:0
BRDA:2,0,0,0
BRDA:2,0,1,0
BRDA:2,0,2,0
BRDA:3,1,0,0
BRDA:3,1,1,0
BRDA:3,2,0,0
BRDA:3,2,1,0
BRDA:4,3,0,0
BRDA:4,3,1,0
BRDA:4,4,0,0
BRDA:4,4,1,0
BRDA:5,5,0,0
BRDA:5,5,1,0
BRDA:5,6,0,0
BRDA:5,6,1,0
BRDA:5,7,0,0
BRDA:5,7,1,0
BRDA:5,8,0,0
BRDA:5,8,1,0
BRDA:6,9,0,0
BRDA:6,9,1,0
BRDA:6,9,2,0
BRDA:8,10,0,0
BRDA:8,10,1,0
BRDA:8,10,2,0
BRDA:9,11,0,0
BRDA:9,11,1,0
BRDA:9,12,0,0
BRDA:9,12,1,0
BRDA:26,13,0,0
BRDA:26,13,1,0
BRDA:26,14,0,0
BRDA:26,14,1,0
BRDA:43,15,0,0
BRDA:43,15,1,0
BRDA:43,15,2,0
BRDA:43,16,0,0
BRDA:43,16,1,0
BRF:38
BRH:0
end_of_record
TN:
SF:/Users/justin/Desktop/lifeDynamics/src/common/typeahead.ts
FN:3,(anonymous_0)
FN:4,TypeAhead
FN:23,(anonymous_2)
FN:32,(anonymous_3)
FNF:4
FNH:0
FNDA:0,(anonymous_0)
FNDA:0,TypeAhead
FNDA:0,(anonymous_2)
FNDA:0,(anonymous_3)
DA:1,0
DA:2,0
DA:3,0
DA:5,0
DA:6,0
DA:20,0
DA:23,0
DA:32,0
DA:33,0
DA:34,0
DA:37,0
DA:40,0
DA:42,0
LF:13
LH:0
BRDA:33,0,0,0
BRDA:33,0,1,0
BRF:2
BRH:0
end_of_record
TN:
SF:/Users/justin/Desktop/lifeDynamics/src/conditionTable/conditionSlider.ts
FN:2,(anonymous_0)
FN:8,(anonymous_1)
FN:17,(anonymous_2)
FN:18,ConditionSlider
FN:22,(anonymous_4)
FN:26,(anonymous_5)
FN:28,(anonymous_6)
FN:36,(anonymous_7)
FN:42,(anonymous_8)
FN:46,(anonymous_9)
FN:48,(anonymous_10)
FN:53,(anonymous_11)
FN:54,(anonymous_12)
FN:61,(anonymous_13)
FN:65,(anonymous_14)
FNF:15
FNH:0
FNDA:0,(anonymous_0)
FNDA:0,(anonymous_1)
FNDA:0,(anonymous_2)
FNDA:0,ConditionSlider
FNDA:0,(anonymous_4)
FNDA:0,(anonymous_5)
FNDA:0,(anonymous_6)
FNDA:0,(anonymous_7)
FNDA:0,(anonymous_8)
FNDA:0,(anonymous_9)
FNDA:0,(anonymous_10)
FNDA:0,(anonymous_11)
FNDA:0,(anonymous_12)
FNDA:0,(anonymous_13)
FNDA:0,(anonymous_14)
DA:1,0
DA:2,0
DA:3,0
DA:4,0
DA:5,0
DA:6,0
DA:8,0
DA:9,0
DA:11,0
DA:12,0
DA:13,0
DA:14,0
DA:15,0
DA:16,0
DA:17,0
DA:19,0
DA:20,0
DA:21,0
DA:22,0
DA:23,0
DA:26,0
DA:28,0
DA:36,0
DA:37,0
DA:38,0
DA:39,0
DA:40,0
DA:41,0
DA:42,0
DA:43,0
DA:46,0
DA:47,0
DA:48,0
DA:49,0
DA:50,0
DA:53,0
DA:54,0
DA:55,0
DA:56,0
DA:57,0
DA:58,0
DA:61,0
DA:62,0
DA:63,0
DA:65,0
DA:66,0
DA:68,0
DA:72,0
DA:75,0
LF:49
LH:0
BRDA:2,0,0,0
BRDA:2,0,1,0
BRDA:2,0,2,0
BRDA:3,1,0,0
BRDA:3,1,1,0
BRDA:3,2,0,0
BRDA:3,2,1,0
BRDA:4,3,0,0
BRDA:4,3,1,0
BRDA:4,4,0,0
BRDA:4,4,1,0
BRDA:5,5,0,0
BRDA:5,5,1,0
BRDA:5,6,0,0
BRDA:5,6,1,0
BRDA:5,7,0,0
BRDA:5,7,1,0
BRDA:5,8,0,0
BRDA:5,8,1,0
BRDA:6,9,0,0
BRDA:6,9,1,0
BRDA:6,9,2,0
BRDA:8,10,0,0
BRDA:8,10,1,0
BRDA:8,10,2,0
BRDA:9,11,0,0
BRDA:9,11,1,0
BRDA:9,12,0,0
BRDA:9,12,1,0
BRDA:23,13,0,0
BRDA:23,13,1,0
BRDA:70,14,0,0
BRDA:70,14,1,0
BRDA:70,14,2,0
BRDA:70,15,0,0
BRDA:70,15,1,0
BRF:36
BRH:0
end_of_record
TN:
SF:/Users/justin/Desktop/lifeDynamics/src/conditionTable/conditionalTable.ts
FN:2,(anonymous_0)
FN:8,(anonymous_1)
FN:15,(anonymous_2)
FN:16,ConditionalTable
FN:19,(anonymous_4)
FN:20,(anonymous_5)
FNF:6
FNH:0
FNDA:0,(anonymous_0)
FNDA:0,(anonymous_1)
FNDA:0,(anonymous_2)
FNDA:0,ConditionalTable
FNDA:0,(anonymous_4)
FNDA:0,(anonymous_5)
DA:1,0
DA:2,0
DA:3,0
DA:4,0
DA:5,0
DA:6,0
DA:8,0
DA:9,0
DA:11,0
DA:12,0
DA:13,0
DA:14,0
DA:15,0
DA:17,0
DA:18,0
DA:19,0
DA:20,0
DA:23,0
DA:27,0
DA:30,0
LF:20
LH:0
BRDA:2,0,0,0
BRDA:2,0,1,0
BRDA:2,0,2,0
BRDA:3,1,0,0
BRDA:3,1,1,0
BRDA:3,2,0,0
BRDA:3,2,1,0
BRDA:4,3,0,0
BRDA:4,3,1,0
BRDA:4,4,0,0
BRDA:4,4,1,0
BRDA:5,5,0,0
BRDA:5,5,1,0
BRDA:5,6,0,0
BRDA:5,6,1,0
BRDA:5,7,0,0
BRDA:5,7,1,0
BRDA:5,8,0,0
BRDA:5,8,1,0
BRDA:6,9,0,0
BRDA:6,9,1,0
BRDA:6,9,2,0
BRDA:8,10,0,0
BRDA:8,10,1,0
BRDA:8,10,2,0
BRDA:9,11,0,0
BRDA:9,11,1,0
BRDA:9,12,0,0
BRDA:9,12,1,0
BRDA:25,13,0,0
BRDA:25,13,1,0
BRDA:25,13,2,0
BRDA:25,14,0,0
BRDA:25,14,1,0
BRF:34
BRH:0
end_of_record
TN:
SF:/Users/justin/Desktop/lifeDynamics/src/edgeEditor/edgeEditor.ts
FN:2,(anonymous_0)
FN:10,(anonymous_1)
FN:16,(anonymous_2)
FN:22,(anonymous_3)
FN:23,EdgeEditor
FN:27,(anonymous_5)
FN:32,(anonymous_6)
FN:33,(anonymous_7)
FN:35,(anonymous_8)
FN:40,(anonymous_9)
FN:44,(anonymous_10)
FN:47,(anonymous_11)
FNF:12
FNH:0
FNDA:0,(anonymous_0)
FNDA:0,(anonymous_1)
FNDA:0,(anonymous_2)
FNDA:0,(anonymous_3)
FNDA:0,EdgeEditor
FNDA:0,(anonymous_5)
FNDA:0,(anonymous_6)
FNDA:0,(anonymous_7)
FNDA:0,(anonymous_8)
FNDA:0,(anonymous_9)
FNDA:0,(anonymous_10)
FNDA:0,(anonymous_11)
DA:1,0
DA:2,0
DA:3,0
DA:4,0
DA:5,0
DA:6,0
DA:8,0
DA:10,0
DA:11,0
DA:12,0
DA:13,0
DA:14,0
DA:16,0
DA:17,0
DA:19,0
DA:20,0
DA:21,0
DA:22,0
DA:24,0
DA:25,0
DA:26,0
DA:28,0
DA:29,0
DA:30,0
DA:31,0
DA:32,0
DA:33,0
DA:34,0
DA:35,0
DA:40,0
DA:41,0
DA:44,0
DA:45,0
DA:46,0
DA:47,0
DA:48,0
DA:50,0
DA:51,0
DA:53,0
DA:57,0
DA:60,0
LF:41
LH:0
BRDA:2,0,0,0
BRDA:2,0,1,0
BRDA:2,0,2,0
BRDA:2,0,3,0
BRDA:5,1,0,0
BRDA:5,1,1,0
BRDA:10,2,0,0
BRDA:10,2,1,0
BRDA:10,2,2,0
BRDA:11,3,0,0
BRDA:11,3,1,0
BRDA:11,4,0,0
BRDA:11,4,1,0
BRDA:12,5,0,0
BRDA:12,5,1,0
BRDA:12,6,0,0
BRDA:12,6,1,0
BRDA:13,7,0,0
BRDA:13,7,1,0
BRDA:13,8,0,0
BRDA:13,8,1,0
BRDA:13,9,0,0
BRDA:13,9,1,0
BRDA:13,10,0,0
BRDA:13,10,1,0
BRDA:14,11,0,0
BRDA:14,11,1,0
BRDA:14,11,2,0
BRDA:16,12,0,0
BRDA:16,12,1,0
BRDA:16,12,2,0
BRDA:17,13,0,0
BRDA:17,13,1,0
BRDA:17,14,0,0
BRDA:17,14,1,0
BRDA:28,15,0,0
BRDA:28,15,1,0
BRDA:55,16,0,0
BRDA:55,16,1,0
BRDA:55,16,2,0
BRDA:55,17,0,0
BRDA:55,17,1,0
BRF:42
BRH:0
end_of_record
TN:
SF:/Users/justin/Desktop/lifeDynamics/src/editors/conditionalEditor.ts
FN:2,(anonymous_0)
FN:8,(anonymous_1)
FN:14,(anonymous_2)
FN:15,ConditionalEditor
FN:21,(anonymous_4)
FN:27,(anonymous_5)
FN:29,(anonymous_6)
FN:32,(anonymous_7)
FN:35,(anonymous_8)
FNF:9
FNH:0
FNDA:0,(anonymous_0)
FNDA:0,(anonymous_1)
FNDA:0,(anonymous_2)
FNDA:0,ConditionalEditor
FNDA:0,(anonymous_4)
FNDA:0,(anonymous_5)
FNDA:0,(anonymous_6)
FNDA:0,(anonymous_7)
FNDA:0,(anonymous_8)
DA:1,0
DA:2,0
DA:3,0
DA:4,0
DA:5,0
DA:6,0
DA:8,0
DA:9,0
DA:11,0
DA:12,0
DA:13,0
DA:14,0
DA:16,0
DA:17,0
DA:18,0
DA:19,0
DA:21,0
DA:22,0
DA:23,0
DA:24,0
DA:25,0
DA:27,0
DA:29,0
DA:30,0
DA:32,0
DA:33,0
DA:35,0
DA:37,0
DA:41,0
DA:44,0
LF:30
LH:0
BRDA:2,0,0,0
BRDA:2,0,1,0
BRDA:2,0,2,0
BRDA:3,1,0,0
BRDA:3,1,1,0
BRDA:3,2,0,0
BRDA:3,2,1,0
BRDA:4,3,0,0
BRDA:4,3,1,0
BRDA:4,4,0,0
BRDA:4,4,1,0
BRDA:5,5,0,0
BRDA:5,5,1,0
BRDA:5,6,0,0
BRDA:5,6,1,0
BRDA:5,7,0,0
BRDA:5,7,1,0
BRDA:5,8,0,0
BRDA:5,8,1,0
BRDA:6,9,0,0
BRDA:6,9,1,0
BRDA:6,9,2,0
BRDA:8,10,0,0
BRDA:8,10,1,0
BRDA:8,10,2,0
BRDA:9,11,0,0
BRDA:9,11,1,0
BRDA:9,12,0,0
BRDA:9,12,1,0
BRDA:39,13,0,0
BRDA:39,13,1,0
BRDA:39,13,2,0
BRDA:39,14,0,0
BRDA:39,14,1,0
BRF:34
BRH:0
end_of_record
TN:
SF:/Users/justin/Desktop/lifeDynamics/src/editors/scenarioEditor.ts
FN:2,(anonymous_0)
FN:8,(anonymous_1)
FN:15,(anonymous_2)
FN:16,ScenarioEditor
FN:21,(anonymous_4)
FN:25,(anonymous_5)
FN:28,(anonymous_6)
FN:32,(anonymous_7)
FN:38,(anonymous_8)
FNF:9
FNH:0
FNDA:0,(anonymous_0)
FNDA:0,(anonymous_1)
FNDA:0,(anonymous_2)
FNDA:0,ScenarioEditor
FNDA:0,(anonymous_4)
FNDA:0,(anonymous_5)
FNDA:0,(anonymous_6)
FNDA:0,(anonymous_7)
FNDA:0,(anonymous_8)
DA:1,0
DA:2,0
DA:3,0
DA:4,0
DA:5,0
DA:6,0
DA:8,0
DA:9,0
DA:11,0
DA:12,0
DA:13,0
DA:14,0
DA:15,0
DA:17,0
DA:18,0
DA:19,0
DA:20,0
DA:21,0
DA:22,0
DA:25,0
DA:28,0
DA:29,0
DA:30,0
DA:32,0
DA:33,0
DA:38,0
DA:40,0
DA:44,0
DA:47,0
LF:29
LH:0
BRDA:2,0,0,0
BRDA:2,0,1,0
BRDA:2,0,2,0
BRDA:3,1,0,0
BRDA:3,1,1,0
BRDA:3,2,0,0
BRDA:3,2,1,0
BRDA:4,3,0,0
BRDA:4,3,1,0
BRDA:4,4,0,0
BRDA:4,4,1,0
BRDA:5,5,0,0
BRDA:5,5,1,0
BRDA:5,6,0,0
BRDA:5,6,1,0
BRDA:5,7,0,0
BRDA:5,7,1,0
BRDA:5,8,0,0
BRDA:5,8,1,0
BRDA:6,9,0,0
BRDA:6,9,1,0
BRDA:6,9,2,0
BRDA:8,10,0,0
BRDA:8,10,1,0
BRDA:8,10,2,0
BRDA:9,11,0,0
BRDA:9,11,1,0
BRDA:9,12,0,0
BRDA:9,12,1,0
BRDA:42,13,0,0
BRDA:42,13,1,0
BRDA:42,13,2,0
BRDA:42,14,0,0
BRDA:42,14,1,0
BRDA:42,15,0,0
BRDA:42,15,1,0
BRDA:42,15,2,0
BRDA:42,16,0,0
BRDA:42,16,1,0
BRF:39
BRH:0
end_of_record
TN:
SF:/Users/justin/Desktop/lifeDynamics/src/footer/footer.ts
FN:2,(anonymous_0)
FN:8,(anonymous_1)
FN:15,(anonymous_2)
FN:16,Footer
FN:20,(anonymous_4)
FN:26,(anonymous_5)
FN:28,(anonymous_6)
FN:31,(anonymous_7)
FNF:8
FNH:0
FNDA:0,(anonymous_0)
FNDA:0,(anonymous_1)
FNDA:0,(anonymous_2)
FNDA:0,Footer
FNDA:0,(anonymous_4)
FNDA:0,(anonymous_5)
FNDA:0,(anonymous_6)
FNDA:0,(anonymous_7)
DA:1,0
DA:2,0
DA:3,0
DA:4,0
DA:5,0
DA:6,0
DA:8,0
DA:9,0
DA:11,0
DA:12,0
DA:13,0
DA:14,0
DA:15,0
DA:17,0
DA:18,0
DA:19,0
DA:20,0
DA:21,0
DA:22,0
DA:26,0
DA:28,0
DA:29,0
DA:31,0
DA:32,0
DA:34,0
DA:38,0
DA:41,0
LF:27
LH:0
BRDA:2,0,0,0
BRDA:2,0,1,0
BRDA:2,0,2,0
BRDA:3,1,0,0
BRDA:3,1,1,0
BRDA:3,2,0,0
BRDA:3,2,1,0
BRDA:4,3,0,0
BRDA:4,3,1,0
BRDA:4,4,0,0
BRDA:4,4,1,0
BRDA:5,5,0,0
BRDA:5,5,1,0
BRDA:5,6,0,0
BRDA:5,6,1,0
BRDA:5,7,0,0
BRDA:5,7,1,0
BRDA:5,8,0,0
BRDA:5,8,1,0
BRDA:6,9,0,0
BRDA:6,9,1,0
BRDA:6,9,2,0
BRDA:8,10,0,0
BRDA:8,10,1,0
BRDA:8,10,2,0
BRDA:9,11,0,0
BRDA:9,11,1,0
BRDA:9,12,0,0
BRDA:9,12,1,0
BRDA:21,13,0,0
BRDA:21,13,1,0
BRDA:36,14,0,0
BRDA:36,14,1,0
BRDA:36,14,2,0
BRDA:36,15,0,0
BRDA:36,15,1,0
BRDA:36,16,0,0
BRDA:36,16,1,0
BRDA:36,16,2,0
BRDA:36,17,0,0
BRDA:36,17,1,0
BRF:41
BRH:0
end_of_record
TN:
SF:/Users/justin/Desktop/lifeDynamics/src/footer/timeSlider.ts
FN:2,(anonymous_0)
FN:8,(anonymous_1)
FN:18,(anonymous_2)
FN:19,TimeSlider
FN:24,(anonymous_4)
FN:28,(anonymous_5)
FN:30,(anonymous_6)
FN:32,(anonymous_7)
FN:35,(anonymous_8)
FN:40,(anonymous_9)
FN:46,(anonymous_10)
FN:50,(anonymous_11)
FN:52,(anonymous_12)
FN:57,(anonymous_13)
FN:58,(anonymous_14)
FN:65,(anonymous_15)
FN:69,(anonymous_16)
FNF:17
FNH:0
FNDA:0,(anonymous_0)
FNDA:0,(anonymous_1)
FNDA:0,(anonymous_2)
FNDA:0,TimeSlider
FNDA:0,(anonymous_4)
FNDA:0,(anonymous_5)
FNDA:0,(anonymous_6)
FNDA:0,(anonymous_7)
FNDA:0,(anonymous_8)
FNDA:0,(anonymous_9)
FNDA:0,(anonymous_10)
FNDA:0,(anonymous_11)
FNDA:0,(anonymous_12)
FNDA:0,(anonymous_13)
FNDA:0,(anonymous_14)
FNDA:0,(anonymous_15)
FNDA:0,(anonymous_16)
DA:1,0
DA:2,0
DA:3,0
DA:4,0
DA:5,0
DA:6,0
DA:8,0
DA:9,0
DA:11,0
DA:12,0
DA:13,0
DA:14,0
DA:15,0
DA:16,0
DA:17,0
DA:18,0
DA:20,0
DA:21,0
DA:22,0
DA:23,0
DA:24,0
DA:25,0
DA:28,0
DA:30,0
DA:31,0
DA:32,0
DA:33,0
DA:35,0
DA:36,0
DA:37,0
DA:40,0
DA:41,0
DA:42,0
DA:43,0
DA:44,0
DA:45,0
DA:46,0
DA:47,0
DA:50,0
DA:51,0
DA:52,0
DA:53,0
DA:54,0
DA:57,0
DA:58,0
DA:59,0
DA:60,0
DA:61,0
DA:62,0
DA:65,0
DA:66,0
DA:67,0
DA:69,0
DA:70,0
DA:72,0
DA:76,0
DA:79,0
LF:57
LH:0
BRDA:2,0,0,0
BRDA:2,0,1,0
BRDA:2,0,2,0
BRDA:3,1,0,0
BRDA:3,1,1,0
BRDA:3,2,0,0
BRDA:3,2,1,0
BRDA:4,3,0,0
BRDA:4,3,1,0
BRDA:4,4,0,0
BRDA:4,4,1,0
BRDA:5,5,0,0
BRDA:5,5,1,0
BRDA:5,6,0,0
BRDA:5,6,1,0
BRDA:5,7,0,0
BRDA:5,7,1,0
BRDA:5,8,0,0
BRDA:5,8,1,0
BRDA:6,9,0,0
BRDA:6,9,1,0
BRDA:6,9,2,0
BRDA:8,10,0,0
BRDA:8,10,1,0
BRDA:8,10,2,0
BRDA:9,11,0,0
BRDA:9,11,1,0
BRDA:9,12,0,0
BRDA:9,12,1,0
BRDA:25,13,0,0
BRDA:25,13,1,0
BRDA:74,14,0,0
BRDA:74,14,1,0
BRDA:74,14,2,0
BRDA:74,15,0,0
BRDA:74,15,1,0
BRDA:74,16,0,0
BRDA:74,16,1,0
BRDA:74,16,2,0
BRDA:74,17,0,0
BRDA:74,17,1,0
BRF:41
BRH:0
end_of_record
TN:
SF:/Users/justin/Desktop/lifeDynamics/src/footer/timeline.ts
FN:2,(anonymous_0)
FN:8,(anonymous_1)
FN:14,(anonymous_2)
FN:15,Timeline
FN:19,(anonymous_4)
FNF:5
FNH:0
FNDA:0,(anonymous_0)
FNDA:0,(anonymous_1)
FNDA:0,(anonymous_2)
FNDA:0,Timeline
FNDA:0,(anonymous_4)
DA:1,0
DA:2,0
DA:3,0
DA:4,0
DA:5,0
DA:6,0
DA:8,0
DA:9,0
DA:11,0
DA:12,0
DA:13,0
DA:14,0
DA:16,0
DA:17,0
DA:19,0
DA:20,0
DA:22,0
DA:26,0
DA:29,0
LF:19
LH:0
BRDA:2,0,0,0
BRDA:2,0,1,0
BRDA:2,0,2,0
BRDA:3,1,0,0
BRDA:3,1,1,0
BRDA:3,2,0,0
BRDA:3,2,1,0
BRDA:4,3,0,0
BRDA:4,3,1,0
BRDA:4,4,0,0
BRDA:4,4,1,0
BRDA:5,5,0,0
BRDA:5,5,1,0
BRDA:5,6,0,0
BRDA:5,6,1,0
BRDA:5,7,0,0
BRDA:5,7,1,0
BRDA:5,8,0,0
BRDA:5,8,1,0
BRDA:6,9,0,0
BRDA:6,9,1,0
BRDA:6,9,2,0
BRDA:8,10,0,0
BRDA:8,10,1,0
BRDA:8,10,2,0
BRDA:9,11,0,0
BRDA:9,11,1,0
BRDA:9,12,0,0
BRDA:9,12,1,0
BRDA:24,13,0,0
BRDA:24,13,1,0
BRDA:24,13,2,0
BRDA:24,14,0,0
BRDA:24,14,1,0
BRF:34
BRH:0
end_of_record
TN:
SF:/Users/justin/Desktop/lifeDynamics/src/graphController/graphController.ts
FN:2,(anonymous_0)
FN:10,(anonymous_1)
FN:16,(anonymous_2)
FN:24,(anonymous_3)
FN:25,(anonymous_4)
FN:26,GraphController
FN:35,(anonymous_6)
FN:38,(anonymous_7)
FN:44,(anonymous_8)
FN:72,(anonymous_9)
FN:73,(anonymous_10)
FN:78,(anonymous_11)
FN:79,(anonymous_12)
FN:84,(anonymous_13)
FN:86,(anonymous_14)
FN:87,(anonymous_15)
FN:99,(anonymous_16)
FN:99,(anonymous_17)
FN:105,(anonymous_18)
FN:132,(anonymous_19)
FN:135,(anonymous_20)
FN:141,(anonymous_21)
FN:146,(anonymous_22)
FN:153,(anonymous_23)
FN:165,(anonymous_24)
FN:168,(anonymous_25)
FN:174,(anonymous_26)
FN:180,(anonymous_27)
FN:183,(anonymous_28)
FN:224,(anonymous_29)
FN:229,(anonymous_30)
FN:232,(anonymous_31)
FN:243,(anonymous_32)
FN:248,(anonymous_33)
FN:254,ticked
FN:260,(anonymous_35)
FN:263,(anonymous_36)
FN:266,(anonymous_37)
FN:269,(anonymous_38)
FN:272,(anonymous_39)
FN:275,(anonymous_40)
FN:276,(anonymous_41)
FN:284,(anonymous_42)
FN:285,(anonymous_43)
FN:288,(anonymous_44)
FN:291,(anonymous_45)
FN:296,(anonymous_46)
FN:300,(anonymous_47)
FN:307,zoomed
FN:311,(anonymous_49)
FN:315,(anonymous_50)
FN:319,(anonymous_51)
FN:324,(anonymous_52)
FN:333,dragstarted
FN:338,dragged
FN:342,dragended
FN:348,(anonymous_56)
FN:352,(anonymous_57)
FN:370,(anonymous_58)
FN:382,(anonymous_59)
FN:386,(anonymous_60)
FN:394,(anonymous_61)
FN:398,(anonymous_62)
FN:400,(anonymous_63)
FNF:64
FNH:0
FNDA:0,(anonymous_0)
FNDA:0,(anonymous_1)
FNDA:0,(anonymous_2)
FNDA:0,(anonymous_3)
FNDA:0,(anonymous_4)
FNDA:0,GraphController
FNDA:0,(anonymous_6)
FNDA:0,(anonymous_7)
FNDA:0,(anonymous_8)
FNDA:0,(anonymous_9)
FNDA:0,(anonymous_10)
FNDA:0,(anonymous_11)
FNDA:0,(anonymous_12)
FNDA:0,(anonymous_13)
FNDA:0,(anonymous_14)
FNDA:0,(anonymous_15)
FNDA:0,(anonymous_16)
FNDA:0,(anonymous_17)
FNDA:0,(anonymous_18)
FNDA:0,(anonymous_19)
FNDA:0,(anonymous_20)
FNDA:0,(anonymous_21)
FNDA:0,(anonymous_22)
FNDA:0,(anonymous_23)
FNDA:0,(anonymous_24)
FNDA:0,(anonymous_25)
FNDA:0,(anonymous_26)
FNDA:0,(anonymous_27)
FNDA:0,(anonymous_28)
FNDA:0,(anonymous_29)
FNDA:0,(anonymous_30)
FNDA:0,(anonymous_31)
FNDA:0,(anonymous_32)
FNDA:0,(anonymous_33)
FNDA:0,ticked
FNDA:0,(anonymous_35)
FNDA:0,(anonymous_36)
FNDA:0,(anonymous_37)
FNDA:0,(anonymous_38)
FNDA:0,(anonymous_39)
FNDA:0,(anonymous_40)
FNDA:0,(anonymous_41)
FNDA:0,(anonymous_42)
FNDA:0,(anonymous_43)
FNDA:0,(anonymous_44)
FNDA:0,(anonymous_45)
FNDA:0,(anonymous_46)
FNDA:0,(anonymous_47)
FNDA:0,zoomed
FNDA:0,(anonymous_49)
FNDA:0,(anonymous_50)
FNDA:0,(anonymous_51)
FNDA:0,(anonymous_52)
FNDA:0,dragstarted
FNDA:0,dragged
FNDA:0,dragended
FNDA:0,(anonymous_56)
FNDA:0,(anonymous_57)
FNDA:0,(anonymous_58)
FNDA:0,(anonymous_59)
FNDA:0,(anonymous_60)
FNDA:0,(anonymous_61)
FNDA:0,(anonymous_62)
FNDA:0,(anonymous_63)
DA:1,0
DA:2,0
DA:3,0
DA:4,0
DA:5,0
DA:6,0
DA:8,0
DA:10,0
DA:11,0
DA:12,0
DA:13,0
DA:14,0
DA:16,0
DA:17,0
DA:19,0
DA:20,0
DA:21,0
DA:22,0
DA:23,0
DA:24,0
DA:25,0
DA:27,0
DA:28,0
DA:29,0
DA:30,0
DA:31,0
DA:32,0
DA:34,0
DA:35,0
DA:36,0
DA:38,0
DA:39,0
DA:40,0
DA:44,0
DA:45,0
DA:46,0
DA:47,0
DA:50,0
DA:51,0
DA:52,0
DA:53,0
DA:55,0
DA:56,0
DA:57,0
DA:72,0
DA:73,0
DA:74,0
DA:78,0
DA:79,0
DA:80,0
DA:84,0
DA:85,0
DA:86,0
DA:87,0
DA:88,0
DA:89,0
DA:90,0
DA:91,0
DA:96,0
DA:99,0
DA:100,0
DA:102,0
DA:105,0
DA:108,0
DA:109,0
DA:110,0
DA:111,0
DA:114,0
DA:115,0
DA:116,0
DA:117,0
DA:119,0
DA:120,0
DA:121,0
DA:122,0
DA:125,0
DA:127,0
DA:129,0
DA:130,0
DA:132,0
DA:133,0
DA:136,0
DA:138,0
DA:139,0
DA:141,0
DA:142,0
DA:143,0
DA:144,0
DA:145,0
DA:146,0
DA:147,0
DA:149,0
DA:150,0
DA:151,0
DA:152,0
DA:154,0
DA:155,0
DA:159,0
DA:163,0
DA:165,0
DA:166,0
DA:168,0
DA:169,0
DA:170,0
DA:171,0
DA:172,0
DA:175,0
DA:176,0
DA:178,0
DA:180,0
DA:181,0
DA:184,0
DA:185,0
DA:186,0
DA:187,0
DA:188,0
DA:191,0
DA:193,0
DA:194,0
DA:201,0
DA:208,0
DA:209,0
DA:213,0
DA:216,0
DA:224,0
DA:225,0
DA:226,0
DA:227,0
DA:230,0
DA:233,0
DA:234,0
DA:235,0
DA:238,0
DA:243,0
DA:244,0
DA:245,0
DA:246,0
DA:247,0
DA:248,0
DA:255,0
DA:256,0
DA:257,0
DA:258,0
DA:259,0
DA:261,0
DA:264,0
DA:267,0
DA:270,0
DA:272,0
DA:273,0
DA:274,0
DA:275,0
DA:277,0
DA:283,0
DA:284,0
DA:285,0
DA:288,0
DA:289,0
DA:291,0
DA:292,0
DA:296,0
DA:297,0
DA:298,0
DA:300,0
DA:301,0
DA:302,0
DA:303,0
DA:306,0
DA:308,0
DA:311,0
DA:312,0
DA:313,0
DA:314,0
DA:315,0
DA:316,0
DA:320,0
DA:324,0
DA:325,0
DA:326,0
DA:327,0
DA:328,0
DA:329,0
DA:334,0
DA:335,0
DA:336,0
DA:339,0
DA:340,0
DA:343,0
DA:344,0
DA:345,0
DA:348,0
DA:349,0
DA:350,0
DA:351,0
DA:352,0
DA:353,0
DA:354,0
DA:355,0
DA:356,0
DA:357,0
DA:358,0
DA:360,0
DA:361,0
DA:362,0
DA:366,0
DA:369,0
DA:370,0
DA:371,0
DA:372,0
DA:373,0
DA:374,0
DA:375,0
DA:378,0
DA:382,0
DA:383,0
DA:384,0
DA:385,0
DA:386,0
DA:387,0
DA:388,0
DA:389,0
DA:390,0
DA:391,0
DA:394,0
DA:395,0
DA:396,0
DA:398,0
DA:399,0
DA:400,0
DA:401,0
DA:410,0
DA:414,0
DA:417,0
LF:233
LH:0
BRDA:2,0,0,0
BRDA:2,0,1,0
BRDA:2,0,2,0
BRDA:2,0,3,0
BRDA:5,1,0,0
BRDA:5,1,1,0
BRDA:10,2,0,0
BRDA:10,2,1,0
BRDA:10,2,2,0
BRDA:11,3,0,0
BRDA:11,3,1,0
BRDA:11,4,0,0
BRDA:11,4,1,0
BRDA:12,5,0,0
BRDA:12,5,1,0
BRDA:12,6,0,0
BRDA:12,6,1,0
BRDA:13,7,0,0
BRDA:13,7,1,0
BRDA:13,8,0,0
BRDA:13,8,1,0
BRDA:13,9,0,0
BRDA:13,9,1,0
BRDA:13,10,0,0
BRDA:13,10,1,0
BRDA:14,11,0,0
BRDA:14,11,1,0
BRDA:14,11,2,0
BRDA:16,12,0,0
BRDA:16,12,1,0
BRDA:16,12,2,0
BRDA:17,13,0,0
BRDA:17,13,1,0
BRDA:17,14,0,0
BRDA:17,14,1,0
BRDA:39,15,0,0
BRDA:39,15,1,0
BRDA:39,16,0,0
BRDA:39,16,1,0
BRDA:50,17,0,0
BRDA:50,17,1,0
BRDA:88,18,0,0
BRDA:88,18,1,0
BRDA:90,19,0,0
BRDA:90,19,1,0
BRDA:90,20,0,0
BRDA:90,20,1,0
BRDA:110,21,0,0
BRDA:110,21,1,0
BRDA:119,22,0,0
BRDA:119,22,1,0
BRDA:154,23,0,0
BRDA:154,23,1,0
BRDA:187,24,0,0
BRDA:187,24,1,0
BRDA:193,25,0,0
BRDA:193,25,1,0
BRDA:208,26,0,0
BRDA:208,26,1,0
BRDA:234,27,0,0
BRDA:234,27,1,0
BRDA:273,28,0,0
BRDA:273,28,1,0
BRDA:356,29,0,0
BRDA:356,29,1,0
BRDA:357,30,0,0
BRDA:357,30,1,0
BRDA:360,31,0,0
BRDA:360,31,1,0
BRDA:374,32,0,0
BRDA:374,32,1,0
BRDA:412,33,0,0
BRDA:412,33,1,0
BRDA:412,33,2,0
BRDA:412,34,0,0
BRDA:412,34,1,0
BRDA:412,35,0,0
BRDA:412,35,1,0
BRDA:412,35,2,0
BRDA:412,36,0,0
BRDA:412,36,1,0
BRF:81
BRH:0
end_of_record
TN:
SF:/Users/justin/Desktop/lifeDynamics/src/header/navbar.ts
FN:2,(anonymous_0)
FN:8,(anonymous_1)
FN:15,(anonymous_2)
FN:16,NavBar
FN:20,(anonymous_4)
FN:23,(anonymous_5)
FN:26,(anonymous_6)
FN:29,(anonymous_7)
FN:32,(anonymous_8)
FN:35,(anonymous_9)
FN:38,(anonymous_10)
FN:43,(anonymous_11)
FNF:12
FNH:0
FNDA:0,(anonymous_0)
FNDA:0,(anonymous_1)
FNDA:0,(anonymous_2)
FNDA:0,NavBar
FNDA:0,(anonymous_4)
FNDA:0,(anonymous_5)
FNDA:0,(anonymous_6)
FNDA:0,(anonymous_7)
FNDA:0,(anonymous_8)
FNDA:0,(anonymous_9)
FNDA:0,(anonymous_10)
FNDA:0,(anonymous_11)
DA:1,0
DA:2,0
DA:3,0
DA:4,0
DA:5,0
DA:6,0
DA:8,0
DA:9,0
DA:11,0
DA:12,0
DA:13,0
DA:14,0
DA:15,0
DA:17,0
DA:18,0
DA:20,0
DA:21,0
DA:23,0
DA:24,0
DA:26,0
DA:27,0
DA:29,0
DA:30,0
DA:32,0
DA:33,0
DA:35,0
DA:36,0
DA:38,0
DA:39,0
DA:40,0
DA:41,0
DA:42,0
DA:43,0
DA:44,0
DA:47,0
DA:51,0
DA:55,0
DA:58,0
LF:38
LH:0
BRDA:2,0,0,0
BRDA:2,0,1,0
BRDA:2,0,2,0
BRDA:3,1,0,0
BRDA:3,1,1,0
BRDA:3,2,0,0
BRDA:3,2,1,0
BRDA:4,3,0,0
BRDA:4,3,1,0
BRDA:4,4,0,0
BRDA:4,4,1,0
BRDA:5,5,0,0
BRDA:5,5,1,0
BRDA:5,6,0,0
BRDA:5,6,1,0
BRDA:5,7,0,0
BRDA:5,7,1,0
BRDA:5,8,0,0
BRDA:5,8,1,0
BRDA:6,9,0,0
BRDA:6,9,1,0
BRDA:6,9,2,0
BRDA:8,10,0,0
BRDA:8,10,1,0
BRDA:8,10,2,0
BRDA:9,11,0,0
BRDA:9,11,1,0
BRDA:9,12,0,0
BRDA:9,12,1,0
BRDA:53,13,0,0
BRDA:53,13,1,0
BRDA:53,13,2,0
BRDA:53,14,0,0
BRDA:53,14,1,0
BRF:34
BRH:0
end_of_record
TN:
SF:/Users/justin/Desktop/lifeDynamics/src/home/home.ts
FN:2,(anonymous_0)
FN:8,(anonymous_1)
FN:14,(anonymous_2)
FN:15,Home
FNF:4
FNH:0
FNDA:0,(anonymous_0)
FNDA:0,(anonymous_1)
FNDA:0,(anonymous_2)
FNDA:0,Home
DA:1,0
DA:2,0
DA:3,0
DA:4,0
DA:5,0
DA:6,0
DA:8,0
DA:9,0
DA:11,0
DA:12,0
DA:13,0
DA:14,0
DA:16,0
DA:18,0
DA:22,0
DA:25,0
LF:16
LH:0
BRDA:2,0,0,0
BRDA:2,0,1,0
BRDA:2,0,2,0
BRDA:3,1,0,0
BRDA:3,1,1,0
BRDA:3,2,0,0
BRDA:3,2,1,0
BRDA:4,3,0,0
BRDA:4,3,1,0
BRDA:4,4,0,0
BRDA:4,4,1,0
BRDA:5,5,0,0
BRDA:5,5,1,0
BRDA:5,6,0,0
BRDA:5,6,1,0
BRDA:5,7,0,0
BRDA:5,7,1,0
BRDA:5,8,0,0
BRDA:5,8,1,0
BRDA:6,9,0,0
BRDA:6,9,1,0
BRDA:6,9,2,0
BRDA:8,10,0,0
BRDA:8,10,1,0
BRDA:8,10,2,0
BRDA:9,11,0,0
BRDA:9,11,1,0
BRDA:9,12,0,0
BRDA:9,12,1,0
BRDA:20,13,0,0
BRDA:20,13,1,0
BRDA:20,13,2,0
BRDA:20,14,0,0
BRDA:20,14,1,0
BRF:34
BRH:0
end_of_record
TN:
SF:/Users/justin/Desktop/lifeDynamics/src/mock-data/1-2-1-2.js
FNF:0
FNH:0
LF:0
LH:0
BRF:0
BRH:0
end_of_record
TN:
SF:/Users/justin/Desktop/lifeDynamics/src/mock-data/cycle-3.js
FNF:0
FNH:0
LF:0
LH:0
BRF:0
BRH:0
end_of_record
TN:
SF:/Users/justin/Desktop/lifeDynamics/src/mock-data/independent-sources.js
FNF:0
FNH:0
LF:0
LH:0
BRF:0
BRH:0
end_of_record
TN:
SF:/Users/justin/Desktop/lifeDynamics/src/nodeEditor/nodeEditor.ts
FN:2,(anonymous_0)
FN:10,(anonymous_1)
FN:16,(anonymous_2)
FN:23,(anonymous_3)
FN:24,NodeEditor
FN:31,(anonymous_5)
FN:36,(anonymous_6)
FN:39,(anonymous_7)
FN:42,(anonymous_8)
FN:45,(anonymous_9)
FN:48,(anonymous_10)
FN:54,(anonymous_11)
FN:55,(anonymous_12)
FN:70,(anonymous_13)
FN:86,(anonymous_14)
FNF:15
FNH:0
FNDA:0,(anonymous_0)
FNDA:0,(anonymous_1)
FNDA:0,(anonymous_2)
FNDA:0,(anonymous_3)
FNDA:0,NodeEditor
FNDA:0,(anonymous_5)
FNDA:0,(anonymous_6)
FNDA:0,(anonymous_7)
FNDA:0,(anonymous_8)
FNDA:0,(anonymous_9)
FNDA:0,(anonymous_10)
FNDA:0,(anonymous_11)
FNDA:0,(anonymous_12)
FNDA:0,(anonymous_13)
FNDA:0,(anonymous_14)
DA:1,0
DA:2,0
DA:3,0
DA:4,0
DA:5,0
DA:6,0
DA:8,0
DA:10,0
DA:11,0
DA:12,0
DA:13,0
DA:14,0
DA:16,0
DA:17,0
DA:19,0
DA:20,0
DA:21,0
DA:22,0
DA:23,0
DA:25,0
DA:26,0
DA:27,0
DA:28,0
DA:29,0
DA:30,0
DA:32,0
DA:33,0
DA:36,0
DA:37,0
DA:39,0
DA:40,0
DA:42,0
DA:43,0
DA:45,0
DA:46,0
DA:48,0
DA:49,0
DA:50,0
DA:51,0
DA:52,0
DA:53,0
DA:54,0
DA:55,0
DA:56,0
DA:60,0
DA:70,0
DA:71,0
DA:72,0
DA:73,0
DA:86,0
DA:88,0
DA:92,0
DA:95,0
LF:53
LH:0
BRDA:2,0,0,0
BRDA:2,0,1,0
BRDA:2,0,2,0
BRDA:2,0,3,0
BRDA:5,1,0,0
BRDA:5,1,1,0
BRDA:10,2,0,0
BRDA:10,2,1,0
BRDA:10,2,2,0
BRDA:11,3,0,0
BRDA:11,3,1,0
BRDA:11,4,0,0
BRDA:11,4,1,0
BRDA:12,5,0,0
BRDA:12,5,1,0
BRDA:12,6,0,0
BRDA:12,6,1,0
BRDA:13,7,0,0
BRDA:13,7,1,0
BRDA:13,8,0,0
BRDA:13,8,1,0
BRDA:13,9,0,0
BRDA:13,9,1,0
BRDA:13,10,0,0
BRDA:13,10,1,0
BRDA:14,11,0,0
BRDA:14,11,1,0
BRDA:14,11,2,0
BRDA:16,12,0,0
BRDA:16,12,1,0
BRDA:16,12,2,0
BRDA:17,13,0,0
BRDA:17,13,1,0
BRDA:17,14,0,0
BRDA:17,14,1,0
BRDA:32,15,0,0
BRDA:32,15,1,0
BRDA:90,16,0,0
BRDA:90,16,1,0
BRDA:90,16,2,0
BRDA:90,17,0,0
BRDA:90,17,1,0
BRF:42
BRH:0
end_of_record
