TN:
SF:/Users/justin/Desktop/lifeDynamics/src/state.ts
FNF:0
FNH:0
DA:3,1
LF:1
LH:1
BRF:0
BRH:0
end_of_record
TN:
SF:/Users/justin/Desktop/lifeDynamics/src/parser/linkFunctions.ts
FN:3,(anonymous_1)
FN:9,(anonymous_2)
FN:14,(anonymous_3)
FNF:3
FNH:0
FNDA:0,(anonymous_1)
FNDA:0,(anonymous_2)
FNDA:0,(anonymous_3)
DA:1,1
DA:4,0
DA:10,0
DA:15,0
DA:16,0
LF:5
LH:1
BRDA:11,0,0,0
BRDA:11,0,1,0
BRF:2
BRH:0
end_of_record
TN:
SF:/Users/justin/Desktop/lifeDynamics/src/reducers/graphFunctions/conditionsUpdate.ts
FN:7,conditionsUpdate
FN:8,(anonymous_2)
FN:19,extend
FN:21,(anonymous_4)
FN:31,updateEdgeConditions
FN:37,(anonymous_6)
FN:41,(anonymous_7)
FN:47,(anonymous_8)
FN:50,(anonymous_9)
FNF:9
FNH:5
FNDA:1,conditionsUpdate
FNDA:1,(anonymous_2)
FNDA:1,extend
FNDA:1,(anonymous_4)
FNDA:1,updateEdgeConditions
FNDA:0,(anonymous_6)
FNDA:0,(anonymous_7)
FNDA:0,(anonymous_8)
FNDA:0,(anonymous_9)
DA:8,1
DA:9,1
DA:11,0
DA:16,0
DA:20,1
DA:22,1
DA:23,1
DA:24,1
DA:26,0
DA:32,1
DA:33,1
DA:34,0
DA:37,0
DA:38,0
DA:39,0
DA:41,0
DA:42,0
DA:45,0
DA:47,0
DA:48,0
DA:50,0
DA:51,0
DA:53,0
LF:23
LH:8
BRDA:33,0,0,0
BRDA:33,0,1,0
BRDA:47,1,0,0
BRDA:47,1,1,0
BRDA:47,2,0,0
BRDA:47,2,1,0
BRDA:50,3,0,0
BRDA:50,3,1,0
BRDA:50,4,0,0
BRDA:50,4,1,0
BRF:10
BRH:0
end_of_record
